[0.999s] Invoking command in '/home/kitazawa/ros2_ws/build/my_cpp_demo': CMAKE_PREFIX_PATH=${CMAKE_PREFIX_PATH}:/home/kitazawa/ros2_ws/install/temperature_package:/home/kitazawa/ros2_ws/install/my_package:/home/kitazawa/ros2_ws/install/kitazawa:/opt/ros/foxy /usr/bin/cmake --build /home/kitazawa/ros2_ws/build/my_cpp_demo -- -j8 -l8
[2.731s] Invoked command in '/home/kitazawa/ros2_ws/build/my_cpp_demo' returned '0': CMAKE_PREFIX_PATH=${CMAKE_PREFIX_PATH}:/home/kitazawa/ros2_ws/install/temperature_package:/home/kitazawa/ros2_ws/install/my_package:/home/kitazawa/ros2_ws/install/kitazawa:/opt/ros/foxy /usr/bin/cmake --build /home/kitazawa/ros2_ws/build/my_cpp_demo -- -j8 -l8
[2.795s] Invoking command in '/home/kitazawa/ros2_ws/build/my_cpp_demo': CMAKE_PREFIX_PATH=${CMAKE_PREFIX_PATH}:/home/kitazawa/ros2_ws/install/temperature_package:/home/kitazawa/ros2_ws/install/my_package:/home/kitazawa/ros2_ws/install/kitazawa:/opt/ros/foxy /usr/bin/cmake --install /home/kitazawa/ros2_ws/build/my_cpp_demo
[2.883s] -- Install configuration: ""
[2.884s] -- Up-to-date: /home/kitazawa/ros2_ws/install/my_cpp_demo/share/ament_index/resource_index/package_run_dependencies/my_cpp_demo
[2.884s] -- Up-to-date: /home/kitazawa/ros2_ws/install/my_cpp_demo/share/ament_index/resource_index/parent_prefix_path/my_cpp_demo
[2.884s] -- Up-to-date: /home/kitazawa/ros2_ws/install/my_cpp_demo/share/my_cpp_demo/environment/ament_prefix_path.sh
[2.890s] -- Up-to-date: /home/kitazawa/ros2_ws/install/my_cpp_demo/share/my_cpp_demo/environment/ament_prefix_path.dsv
[2.891s] -- Up-to-date: /home/kitazawa/ros2_ws/install/my_cpp_demo/share/my_cpp_demo/environment/path.sh
[2.891s] -- Up-to-date: /home/kitazawa/ros2_ws/install/my_cpp_demo/share/my_cpp_demo/environment/path.dsv
[2.892s] -- Up-to-date: /home/kitazawa/ros2_ws/install/my_cpp_demo/share/my_cpp_demo/local_setup.bash
[2.892s] -- Up-to-date: /home/kitazawa/ros2_ws/install/my_cpp_demo/share/my_cpp_demo/local_setup.sh
[2.892s] -- Up-to-date: /home/kitazawa/ros2_ws/install/my_cpp_demo/share/my_cpp_demo/local_setup.zsh
[2.892s] -- Up-to-date: /home/kitazawa/ros2_ws/install/my_cpp_demo/share/my_cpp_demo/local_setup.dsv
[2.893s] -- Installing: /home/kitazawa/ros2_ws/install/my_cpp_demo/share/my_cpp_demo/package.dsv
[2.893s] -- Up-to-date: /home/kitazawa/ros2_ws/install/my_cpp_demo/share/ament_index/resource_index/packages/my_cpp_demo
[2.893s] -- Up-to-date: /home/kitazawa/ros2_ws/install/my_cpp_demo/share/my_cpp_demo/cmake/my_cpp_demoConfig.cmake
[2.893s] -- Up-to-date: /home/kitazawa/ros2_ws/install/my_cpp_demo/share/my_cpp_demo/cmake/my_cpp_demoConfig-version.cmake
[2.894s] -- Up-to-date: /home/kitazawa/ros2_ws/install/my_cpp_demo/share/my_cpp_demo/package.xml
[2.900s] Invoked command in '/home/kitazawa/ros2_ws/build/my_cpp_demo' returned '0': CMAKE_PREFIX_PATH=${CMAKE_PREFIX_PATH}:/home/kitazawa/ros2_ws/install/temperature_package:/home/kitazawa/ros2_ws/install/my_package:/home/kitazawa/ros2_ws/install/kitazawa:/opt/ros/foxy /usr/bin/cmake --install /home/kitazawa/ros2_ws/build/my_cpp_demo
