[1.454s] DEBUG:colcon:Command line arguments: ['/usr/bin/colcon', 'build']
[1.454s] DEBUG:colcon:Parsed command line arguments: Namespace(allow_overriding=[], ament_cmake_args=None, base_paths=['.'], build_base='build', catkin_cmake_args=None, catkin_skip_building_tests=False, cmake_args=None, cmake_clean_cache=False, cmake_clean_first=False, cmake_force_configure=False, cmake_target=None, cmake_target_skip_unavailable=False, continue_on_error=False, event_handlers=None, executor='parallel', ignore_user_meta=False, install_base='install', log_base=None, log_level=None, main=<bound method BuildVerb.main of <colcon_core.verb.build.BuildVerb object at 0x7f693e479bb0>>, merge_install=False, metas=['./colcon.meta'], packages_above=None, packages_above_and_dependencies=None, packages_above_depth=None, packages_end=None, packages_ignore=None, packages_ignore_regex=None, packages_select=None, packages_select_build_failed=False, packages_select_by_dep=None, packages_select_regex=None, packages_select_test_failures=False, packages_skip=None, packages_skip_build_finished=False, packages_skip_by_dep=None, packages_skip_regex=None, packages_skip_test_passed=False, packages_skip_up_to=None, packages_start=None, packages_up_to=None, packages_up_to_regex=None, parallel_workers=8, paths=None, symlink_install=False, test_result_base=None, verb_extension=<colcon_core.verb.build.BuildVerb object at 0x7f693e479bb0>, verb_name='build', verb_parser=<colcon_defaults.argument_parser.defaults.DefaultArgumentsDecorator object at 0x7f693e369040>)
[2.234s] Level 1:colcon.colcon_core.package_discovery:discover_packages(colcon_meta) check parameters
[2.234s] Level 1:colcon.colcon_core.package_discovery:discover_packages(recursive) check parameters
[2.234s] Level 1:colcon.colcon_core.package_discovery:discover_packages(ignore) check parameters
[2.234s] Level 1:colcon.colcon_core.package_discovery:discover_packages(path) check parameters
[2.234s] Level 1:colcon.colcon_core.package_discovery:discover_packages(colcon_meta) discover
[2.235s] Level 1:colcon.colcon_core.package_discovery:discover_packages(recursive) discover
[2.235s] INFO:colcon.colcon_core.package_discovery:Crawling recursively for packages in '/home/kitazawa/ros2_ws'
[2.235s] Level 1:colcon.colcon_core.package_identification:_identify(.) by extensions ['ignore', 'ignore_ament_install']
[2.235s] Level 1:colcon.colcon_core.package_identification:_identify(.) by extension 'ignore'
[2.236s] Level 1:colcon.colcon_core.package_identification:_identify(.) by extension 'ignore_ament_install'
[2.236s] Level 1:colcon.colcon_core.package_identification:_identify(.) by extensions ['colcon_pkg']
[2.236s] Level 1:colcon.colcon_core.package_identification:_identify(.) by extension 'colcon_pkg'
[2.236s] Level 1:colcon.colcon_core.package_identification:_identify(.) by extensions ['colcon_meta']
[2.236s] Level 1:colcon.colcon_core.package_identification:_identify(.) by extension 'colcon_meta'
[2.237s] Level 1:colcon.colcon_core.package_identification:_identify(.) by extensions ['ros']
[2.237s] Level 1:colcon.colcon_core.package_identification:_identify(.) by extension 'ros'
[2.287s] Level 1:colcon.colcon_core.package_identification:_identify(.) by extensions ['cmake', 'python']
[2.287s] Level 1:colcon.colcon_core.package_identification:_identify(.) by extension 'cmake'
[2.287s] Level 1:colcon.colcon_core.package_identification:_identify(.) by extension 'python'
[2.288s] Level 1:colcon.colcon_core.package_identification:_identify(.) by extensions ['python_setup_py']
[2.288s] Level 1:colcon.colcon_core.package_identification:_identify(.) by extension 'python_setup_py'
[2.288s] Level 1:colcon.colcon_core.package_identification:_identify(build) by extensions ['ignore', 'ignore_ament_install']
[2.289s] Level 1:colcon.colcon_core.package_identification:_identify(build) by extension 'ignore'
[2.289s] Level 1:colcon.colcon_core.package_identification:_identify(build) ignored
[2.289s] Level 1:colcon.colcon_core.package_identification:_identify(install) by extensions ['ignore', 'ignore_ament_install']
[2.290s] Level 1:colcon.colcon_core.package_identification:_identify(install) by extension 'ignore'
[2.290s] Level 1:colcon.colcon_core.package_identification:_identify(install) ignored
[2.290s] Level 1:colcon.colcon_core.package_identification:_identify(log) by extensions ['ignore', 'ignore_ament_install']
[2.291s] Level 1:colcon.colcon_core.package_identification:_identify(log) by extension 'ignore'
[2.291s] Level 1:colcon.colcon_core.package_identification:_identify(log) ignored
[2.292s] Level 1:colcon.colcon_core.package_identification:_identify(src) by extensions ['ignore', 'ignore_ament_install']
[2.292s] Level 1:colcon.colcon_core.package_identification:_identify(src) by extension 'ignore'
[2.292s] Level 1:colcon.colcon_core.package_identification:_identify(src) by extension 'ignore_ament_install'
[2.292s] Level 1:colcon.colcon_core.package_identification:_identify(src) by extensions ['colcon_pkg']
[2.293s] Level 1:colcon.colcon_core.package_identification:_identify(src) by extension 'colcon_pkg'
[2.293s] Level 1:colcon.colcon_core.package_identification:_identify(src) by extensions ['colcon_meta']
[2.293s] Level 1:colcon.colcon_core.package_identification:_identify(src) by extension 'colcon_meta'
[2.293s] Level 1:colcon.colcon_core.package_identification:_identify(src) by extensions ['ros']
[2.293s] Level 1:colcon.colcon_core.package_identification:_identify(src) by extension 'ros'
[2.294s] Level 1:colcon.colcon_core.package_identification:_identify(src) by extensions ['cmake', 'python']
[2.294s] Level 1:colcon.colcon_core.package_identification:_identify(src) by extension 'cmake'
[2.294s] Level 1:colcon.colcon_core.package_identification:_identify(src) by extension 'python'
[2.294s] Level 1:colcon.colcon_core.package_identification:_identify(src) by extensions ['python_setup_py']
[2.294s] Level 1:colcon.colcon_core.package_identification:_identify(src) by extension 'python_setup_py'
[2.296s] Level 1:colcon.colcon_core.package_identification:_identify(src/kitazawa) by extensions ['ignore', 'ignore_ament_install']
[2.296s] Level 1:colcon.colcon_core.package_identification:_identify(src/kitazawa) by extension 'ignore'
[2.296s] Level 1:colcon.colcon_core.package_identification:_identify(src/kitazawa) by extension 'ignore_ament_install'
[2.296s] Level 1:colcon.colcon_core.package_identification:_identify(src/kitazawa) by extensions ['colcon_pkg']
[2.297s] Level 1:colcon.colcon_core.package_identification:_identify(src/kitazawa) by extension 'colcon_pkg'
[2.297s] Level 1:colcon.colcon_core.package_identification:_identify(src/kitazawa) by extensions ['colcon_meta']
[2.297s] Level 1:colcon.colcon_core.package_identification:_identify(src/kitazawa) by extension 'colcon_meta'
[2.297s] Level 1:colcon.colcon_core.package_identification:_identify(src/kitazawa) by extensions ['ros']
[2.297s] Level 1:colcon.colcon_core.package_identification:_identify(src/kitazawa) by extension 'ros'
[2.307s] DEBUG:colcon.colcon_core.package_identification:Package 'src/kitazawa' with type 'ros.ament_python' and name 'kitazawa'
[2.309s] Level 1:colcon.colcon_core.package_identification:_identify(src/my_cpp_demo) by extensions ['ignore', 'ignore_ament_install']
[2.309s] Level 1:colcon.colcon_core.package_identification:_identify(src/my_cpp_demo) by extension 'ignore'
[2.310s] Level 1:colcon.colcon_core.package_identification:_identify(src/my_cpp_demo) by extension 'ignore_ament_install'
[2.310s] Level 1:colcon.colcon_core.package_identification:_identify(src/my_cpp_demo) by extensions ['colcon_pkg']
[2.310s] Level 1:colcon.colcon_core.package_identification:_identify(src/my_cpp_demo) by extension 'colcon_pkg'
[2.310s] Level 1:colcon.colcon_core.package_identification:_identify(src/my_cpp_demo) by extensions ['colcon_meta']
[2.310s] Level 1:colcon.colcon_core.package_identification:_identify(src/my_cpp_demo) by extension 'colcon_meta'
[2.311s] Level 1:colcon.colcon_core.package_identification:_identify(src/my_cpp_demo) by extensions ['ros']
[2.311s] Level 1:colcon.colcon_core.package_identification:_identify(src/my_cpp_demo) by extension 'ros'
[2.315s] DEBUG:colcon.colcon_core.package_identification:Package 'src/my_cpp_demo' with type 'ros.ament_cmake' and name 'my_cpp_demo'
[2.317s] Level 1:colcon.colcon_core.package_identification:_identify(src/my_package) by extensions ['ignore', 'ignore_ament_install']
[2.317s] Level 1:colcon.colcon_core.package_identification:_identify(src/my_package) by extension 'ignore'
[2.318s] Level 1:colcon.colcon_core.package_identification:_identify(src/my_package) by extension 'ignore_ament_install'
[2.318s] Level 1:colcon.colcon_core.package_identification:_identify(src/my_package) by extensions ['colcon_pkg']
[2.318s] Level 1:colcon.colcon_core.package_identification:_identify(src/my_package) by extension 'colcon_pkg'
[2.318s] Level 1:colcon.colcon_core.package_identification:_identify(src/my_package) by extensions ['colcon_meta']
[2.318s] Level 1:colcon.colcon_core.package_identification:_identify(src/my_package) by extension 'colcon_meta'
[2.318s] Level 1:colcon.colcon_core.package_identification:_identify(src/my_package) by extensions ['ros']
[2.319s] Level 1:colcon.colcon_core.package_identification:_identify(src/my_package) by extension 'ros'
[2.321s] DEBUG:colcon.colcon_core.package_identification:Package 'src/my_package' with type 'ros.ament_python' and name 'my_package'
[2.323s] Level 1:colcon.colcon_core.package_identification:_identify(src/temperature_package) by extensions ['ignore', 'ignore_ament_install']
[2.323s] Level 1:colcon.colcon_core.package_identification:_identify(src/temperature_package) by extension 'ignore'
[2.323s] Level 1:colcon.colcon_core.package_identification:_identify(src/temperature_package) by extension 'ignore_ament_install'
[2.324s] Level 1:colcon.colcon_core.package_identification:_identify(src/temperature_package) by extensions ['colcon_pkg']
[2.324s] Level 1:colcon.colcon_core.package_identification:_identify(src/temperature_package) by extension 'colcon_pkg'
[2.324s] Level 1:colcon.colcon_core.package_identification:_identify(src/temperature_package) by extensions ['colcon_meta']
[2.324s] Level 1:colcon.colcon_core.package_identification:_identify(src/temperature_package) by extension 'colcon_meta'
[2.324s] Level 1:colcon.colcon_core.package_identification:_identify(src/temperature_package) by extensions ['ros']
[2.324s] Level 1:colcon.colcon_core.package_identification:_identify(src/temperature_package) by extension 'ros'
[2.327s] DEBUG:colcon.colcon_core.package_identification:Package 'src/temperature_package' with type 'ros.ament_python' and name 'temperature_package'
[2.327s] Level 1:colcon.colcon_core.package_discovery:discover_packages(recursive) using defaults
[2.327s] Level 1:colcon.colcon_core.package_discovery:discover_packages(ignore) discover
[2.328s] Level 1:colcon.colcon_core.package_discovery:discover_packages(ignore) using defaults
[2.328s] Level 1:colcon.colcon_core.package_discovery:discover_packages(path) discover
[2.328s] Level 1:colcon.colcon_core.package_discovery:discover_packages(path) using defaults
[2.431s] Level 1:colcon.colcon_core.package_discovery:discover_packages(prefix_path) check parameters
[2.431s] Level 1:colcon.colcon_core.package_discovery:discover_packages(prefix_path) discover
[2.448s] DEBUG:colcon.colcon_installed_package_information.package_discovery:Found 3 installed packages in /home/kitazawa/ros2_ws/install
[2.454s] DEBUG:colcon.colcon_installed_package_information.package_discovery:Found 256 installed packages in /opt/ros/foxy
[2.458s] Level 1:colcon.colcon_core.package_discovery:discover_packages(prefix_path) using defaults
[2.750s] Level 5:colcon.colcon_core.verb:set package 'kitazawa' build argument 'cmake_args' from command line to 'None'
[2.751s] Level 5:colcon.colcon_core.verb:set package 'kitazawa' build argument 'cmake_target' from command line to 'None'
[2.751s] Level 5:colcon.colcon_core.verb:set package 'kitazawa' build argument 'cmake_target_skip_unavailable' from command line to 'False'
[2.751s] Level 5:colcon.colcon_core.verb:set package 'kitazawa' build argument 'cmake_clean_cache' from command line to 'False'
[2.751s] Level 5:colcon.colcon_core.verb:set package 'kitazawa' build argument 'cmake_clean_first' from command line to 'False'
[2.751s] Level 5:colcon.colcon_core.verb:set package 'kitazawa' build argument 'cmake_force_configure' from command line to 'False'
[2.751s] Level 5:colcon.colcon_core.verb:set package 'kitazawa' build argument 'ament_cmake_args' from command line to 'None'
[2.751s] Level 5:colcon.colcon_core.verb:set package 'kitazawa' build argument 'catkin_cmake_args' from command line to 'None'
[2.751s] Level 5:colcon.colcon_core.verb:set package 'kitazawa' build argument 'catkin_skip_building_tests' from command line to 'False'
[2.751s] DEBUG:colcon.colcon_core.verb:Building package 'kitazawa' with the following arguments: {'ament_cmake_args': None, 'build_base': '/home/kitazawa/ros2_ws/build/kitazawa', 'catkin_cmake_args': None, 'catkin_skip_building_tests': False, 'cmake_args': None, 'cmake_clean_cache': False, 'cmake_clean_first': False, 'cmake_force_configure': False, 'cmake_target': None, 'cmake_target_skip_unavailable': False, 'install_base': '/home/kitazawa/ros2_ws/install/kitazawa', 'merge_install': False, 'path': '/home/kitazawa/ros2_ws/src/kitazawa', 'symlink_install': False, 'test_result_base': None}
[2.752s] Level 5:colcon.colcon_core.verb:set package 'my_cpp_demo' build argument 'cmake_args' from command line to 'None'
[2.752s] Level 5:colcon.colcon_core.verb:set package 'my_cpp_demo' build argument 'cmake_target' from command line to 'None'
[2.752s] Level 5:colcon.colcon_core.verb:set package 'my_cpp_demo' build argument 'cmake_target_skip_unavailable' from command line to 'False'
[2.752s] Level 5:colcon.colcon_core.verb:set package 'my_cpp_demo' build argument 'cmake_clean_cache' from command line to 'False'
[2.752s] Level 5:colcon.colcon_core.verb:set package 'my_cpp_demo' build argument 'cmake_clean_first' from command line to 'False'
[2.752s] Level 5:colcon.colcon_core.verb:set package 'my_cpp_demo' build argument 'cmake_force_configure' from command line to 'False'
[2.752s] Level 5:colcon.colcon_core.verb:set package 'my_cpp_demo' build argument 'ament_cmake_args' from command line to 'None'
[2.752s] Level 5:colcon.colcon_core.verb:set package 'my_cpp_demo' build argument 'catkin_cmake_args' from command line to 'None'
[2.752s] Level 5:colcon.colcon_core.verb:set package 'my_cpp_demo' build argument 'catkin_skip_building_tests' from command line to 'False'
[2.752s] DEBUG:colcon.colcon_core.verb:Building package 'my_cpp_demo' with the following arguments: {'ament_cmake_args': None, 'build_base': '/home/kitazawa/ros2_ws/build/my_cpp_demo', 'catkin_cmake_args': None, 'catkin_skip_building_tests': False, 'cmake_args': None, 'cmake_clean_cache': False, 'cmake_clean_first': False, 'cmake_force_configure': False, 'cmake_target': None, 'cmake_target_skip_unavailable': False, 'install_base': '/home/kitazawa/ros2_ws/install/my_cpp_demo', 'merge_install': False, 'path': '/home/kitazawa/ros2_ws/src/my_cpp_demo', 'symlink_install': False, 'test_result_base': None}
[2.753s] Level 5:colcon.colcon_core.verb:set package 'my_package' build argument 'cmake_args' from command line to 'None'
[2.753s] Level 5:colcon.colcon_core.verb:set package 'my_package' build argument 'cmake_target' from command line to 'None'
[2.753s] Level 5:colcon.colcon_core.verb:set package 'my_package' build argument 'cmake_target_skip_unavailable' from command line to 'False'
[2.753s] Level 5:colcon.colcon_core.verb:set package 'my_package' build argument 'cmake_clean_cache' from command line to 'False'
[2.753s] Level 5:colcon.colcon_core.verb:set package 'my_package' build argument 'cmake_clean_first' from command line to 'False'
[2.753s] Level 5:colcon.colcon_core.verb:set package 'my_package' build argument 'cmake_force_configure' from command line to 'False'
[2.753s] Level 5:colcon.colcon_core.verb:set package 'my_package' build argument 'ament_cmake_args' from command line to 'None'
[2.753s] Level 5:colcon.colcon_core.verb:set package 'my_package' build argument 'catkin_cmake_args' from command line to 'None'
[2.753s] Level 5:colcon.colcon_core.verb:set package 'my_package' build argument 'catkin_skip_building_tests' from command line to 'False'
[2.754s] DEBUG:colcon.colcon_core.verb:Building package 'my_package' with the following arguments: {'ament_cmake_args': None, 'build_base': '/home/kitazawa/ros2_ws/build/my_package', 'catkin_cmake_args': None, 'catkin_skip_building_tests': False, 'cmake_args': None, 'cmake_clean_cache': False, 'cmake_clean_first': False, 'cmake_force_configure': False, 'cmake_target': None, 'cmake_target_skip_unavailable': False, 'install_base': '/home/kitazawa/ros2_ws/install/my_package', 'merge_install': False, 'path': '/home/kitazawa/ros2_ws/src/my_package', 'symlink_install': False, 'test_result_base': None}
[2.754s] Level 5:colcon.colcon_core.verb:set package 'temperature_package' build argument 'cmake_args' from command line to 'None'
[2.754s] Level 5:colcon.colcon_core.verb:set package 'temperature_package' build argument 'cmake_target' from command line to 'None'
[2.754s] Level 5:colcon.colcon_core.verb:set package 'temperature_package' build argument 'cmake_target_skip_unavailable' from command line to 'False'
[2.754s] Level 5:colcon.colcon_core.verb:set package 'temperature_package' build argument 'cmake_clean_cache' from command line to 'False'
[2.755s] Level 5:colcon.colcon_core.verb:set package 'temperature_package' build argument 'cmake_clean_first' from command line to 'False'
[2.755s] Level 5:colcon.colcon_core.verb:set package 'temperature_package' build argument 'cmake_force_configure' from command line to 'False'
[2.755s] Level 5:colcon.colcon_core.verb:set package 'temperature_package' build argument 'ament_cmake_args' from command line to 'None'
[2.755s] Level 5:colcon.colcon_core.verb:set package 'temperature_package' build argument 'catkin_cmake_args' from command line to 'None'
[2.755s] Level 5:colcon.colcon_core.verb:set package 'temperature_package' build argument 'catkin_skip_building_tests' from command line to 'False'
[2.755s] DEBUG:colcon.colcon_core.verb:Building package 'temperature_package' with the following arguments: {'ament_cmake_args': None, 'build_base': '/home/kitazawa/ros2_ws/build/temperature_package', 'catkin_cmake_args': None, 'catkin_skip_building_tests': False, 'cmake_args': None, 'cmake_clean_cache': False, 'cmake_clean_first': False, 'cmake_force_configure': False, 'cmake_target': None, 'cmake_target_skip_unavailable': False, 'install_base': '/home/kitazawa/ros2_ws/install/temperature_package', 'merge_install': False, 'path': '/home/kitazawa/ros2_ws/src/temperature_package', 'symlink_install': False, 'test_result_base': None}
[2.755s] INFO:colcon.colcon_core.executor:Executing jobs using 'parallel' executor
[2.757s] DEBUG:colcon.colcon_parallel_executor.executor.parallel:run_until_complete
[2.758s] INFO:colcon.colcon_ros.task.ament_python.build:Building ROS package in '/home/kitazawa/ros2_ws/src/kitazawa' with build type 'ament_python'
[2.758s] Level 1:colcon.colcon_core.shell:create_environment_hook('kitazawa', 'ament_prefix_path')
[2.777s] INFO:colcon.colcon_core.plugin_system:Skipping extension 'colcon_core.shell.bat': Not used on non-Windows systems
[2.777s] INFO:colcon.colcon_core.shell:Creating environment hook '/home/kitazawa/ros2_ws/install/kitazawa/share/kitazawa/hook/ament_prefix_path.ps1'
[2.781s] INFO:colcon.colcon_core.shell:Creating environment descriptor '/home/kitazawa/ros2_ws/install/kitazawa/share/kitazawa/hook/ament_prefix_path.dsv'
[2.783s] INFO:colcon.colcon_core.shell:Creating environment hook '/home/kitazawa/ros2_ws/install/kitazawa/share/kitazawa/hook/ament_prefix_path.sh'
[2.786s] INFO:colcon.colcon_core.shell:Skip shell extension 'powershell' for command environment: Not usable outside of PowerShell
[2.787s] DEBUG:colcon.colcon_core.shell:Skip shell extension 'dsv' for command environment
[2.818s] INFO:colcon.colcon_ros.task.ament_cmake.build:Building ROS package in '/home/kitazawa/ros2_ws/src/my_cpp_demo' with build type 'ament_cmake'
[2.819s] INFO:colcon.colcon_cmake.task.cmake.build:Building CMake package in '/home/kitazawa/ros2_ws/src/my_cpp_demo'
[2.820s] INFO:colcon.colcon_core.shell:Skip shell extension 'powershell' for command environment: Not usable outside of PowerShell
[2.821s] DEBUG:colcon.colcon_core.shell:Skip shell extension 'dsv' for command environment
[2.854s] INFO:colcon.colcon_ros.task.ament_python.build:Building ROS package in '/home/kitazawa/ros2_ws/src/my_package' with build type 'ament_python'
[2.855s] Level 1:colcon.colcon_core.shell:create_environment_hook('my_package', 'ament_prefix_path')
[2.856s] INFO:colcon.colcon_core.shell:Creating environment hook '/home/kitazawa/ros2_ws/install/my_package/share/my_package/hook/ament_prefix_path.ps1'
[2.860s] INFO:colcon.colcon_core.shell:Creating environment descriptor '/home/kitazawa/ros2_ws/install/my_package/share/my_package/hook/ament_prefix_path.dsv'
[2.862s] INFO:colcon.colcon_core.shell:Creating environment hook '/home/kitazawa/ros2_ws/install/my_package/share/my_package/hook/ament_prefix_path.sh'
[2.865s] INFO:colcon.colcon_core.shell:Skip shell extension 'powershell' for command environment: Not usable outside of PowerShell
[2.865s] DEBUG:colcon.colcon_core.shell:Skip shell extension 'dsv' for command environment
[2.900s] INFO:colcon.colcon_ros.task.ament_python.build:Building ROS package in '/home/kitazawa/ros2_ws/src/temperature_package' with build type 'ament_python'
[2.901s] Level 1:colcon.colcon_core.shell:create_environment_hook('temperature_package', 'ament_prefix_path')
[2.903s] INFO:colcon.colcon_core.shell:Creating environment hook '/home/kitazawa/ros2_ws/install/temperature_package/share/temperature_package/hook/ament_prefix_path.ps1'
[2.907s] INFO:colcon.colcon_core.shell:Creating environment descriptor '/home/kitazawa/ros2_ws/install/temperature_package/share/temperature_package/hook/ament_prefix_path.dsv'
[2.910s] INFO:colcon.colcon_core.shell:Creating environment hook '/home/kitazawa/ros2_ws/install/temperature_package/share/temperature_package/hook/ament_prefix_path.sh'
[2.914s] INFO:colcon.colcon_core.shell:Skip shell extension 'powershell' for command environment: Not usable outside of PowerShell
[2.915s] DEBUG:colcon.colcon_core.shell:Skip shell extension 'dsv' for command environment
[3.844s] INFO:colcon.colcon_core.task.python.build:Building Python package in '/home/kitazawa/ros2_ws/src/kitazawa'
[3.846s] INFO:colcon.colcon_core.shell:Skip shell extension 'powershell' for command environment: Not usable outside of PowerShell
[3.846s] DEBUG:colcon.colcon_core.shell:Skip shell extension 'dsv' for command environment
[3.925s] DEBUG:colcon.colcon_core.event_handler.log_command:Invoking command in '/home/kitazawa/ros2_ws/build/my_cpp_demo': CMAKE_PREFIX_PATH=${CMAKE_PREFIX_PATH}:/home/kitazawa/ros2_ws/install/my_package:/home/kitazawa/ros2_ws/install/kitazawa:/opt/ros/foxy /usr/bin/cmake --build /home/kitazawa/ros2_ws/build/my_cpp_demo -- -j8 -l8
[4.805s] INFO:colcon.colcon_core.task.python.build:Building Python package in '/home/kitazawa/ros2_ws/src/my_package'
[4.806s] INFO:colcon.colcon_core.shell:Skip shell extension 'powershell' for command environment: Not usable outside of PowerShell
[4.807s] DEBUG:colcon.colcon_core.shell:Skip shell extension 'dsv' for command environment
[5.621s] INFO:colcon.colcon_core.task.python.build:Building Python package in '/home/kitazawa/ros2_ws/src/temperature_package'
[5.622s] INFO:colcon.colcon_core.shell:Skip shell extension 'powershell' for command environment: Not usable outside of PowerShell
[5.622s] DEBUG:colcon.colcon_core.shell:Skip shell extension 'dsv' for command environment
[5.656s] DEBUG:colcon.colcon_core.event_handler.log_command:Invoked command in '/home/kitazawa/ros2_ws/build/my_cpp_demo' returned '0': CMAKE_PREFIX_PATH=${CMAKE_PREFIX_PATH}:/home/kitazawa/ros2_ws/install/my_package:/home/kitazawa/ros2_ws/install/kitazawa:/opt/ros/foxy /usr/bin/cmake --build /home/kitazawa/ros2_ws/build/my_cpp_demo -- -j8 -l8
[5.758s] DEBUG:colcon.colcon_core.event_handler.log_command:Invoking command in '/home/kitazawa/ros2_ws/build/my_cpp_demo': CMAKE_PREFIX_PATH=${CMAKE_PREFIX_PATH}:/home/kitazawa/ros2_ws/install/my_package:/home/kitazawa/ros2_ws/install/kitazawa:/opt/ros/foxy /usr/bin/cmake --install /home/kitazawa/ros2_ws/build/my_cpp_demo
[5.891s] Level 1:colcon.colcon_core.environment:create_environment_scripts_only(my_cpp_demo)
[5.893s] DEBUG:colcon.colcon_core.event_handler.log_command:Invoked command in '/home/kitazawa/ros2_ws/build/my_cpp_demo' returned '0': CMAKE_PREFIX_PATH=${CMAKE_PREFIX_PATH}:/home/kitazawa/ros2_ws/install/my_package:/home/kitazawa/ros2_ws/install/kitazawa:/opt/ros/foxy /usr/bin/cmake --install /home/kitazawa/ros2_ws/build/my_cpp_demo
[5.917s] Level 1:colcon.colcon_core.environment:checking '/home/kitazawa/ros2_ws/install/my_cpp_demo' for CMake module files
[5.924s] Level 1:colcon.colcon_core.environment:checking '/home/kitazawa/ros2_ws/install/my_cpp_demo' for CMake config files
[5.928s] Level 1:colcon.colcon_core.shell:create_environment_hook('my_cpp_demo', 'cmake_prefix_path')
[5.928s] INFO:colcon.colcon_core.shell:Creating environment hook '/home/kitazawa/ros2_ws/install/my_cpp_demo/share/my_cpp_demo/hook/cmake_prefix_path.ps1'
[5.931s] INFO:colcon.colcon_core.shell:Creating environment descriptor '/home/kitazawa/ros2_ws/install/my_cpp_demo/share/my_cpp_demo/hook/cmake_prefix_path.dsv'
[5.933s] INFO:colcon.colcon_core.shell:Creating environment hook '/home/kitazawa/ros2_ws/install/my_cpp_demo/share/my_cpp_demo/hook/cmake_prefix_path.sh'
[5.937s] Level 1:colcon.colcon_core.environment:checking '/home/kitazawa/ros2_ws/install/my_cpp_demo/bin'
[5.937s] Level 1:colcon.colcon_core.environment:checking '/home/kitazawa/ros2_ws/install/my_cpp_demo/lib/pkgconfig/my_cpp_demo.pc'
[5.938s] Level 1:colcon.colcon_core.environment:checking '/home/kitazawa/ros2_ws/install/my_cpp_demo/lib/python3.8/site-packages'
[5.939s] Level 1:colcon.colcon_core.environment:checking '/home/kitazawa/ros2_ws/install/my_cpp_demo/bin'
[5.940s] INFO:colcon.colcon_core.shell:Creating package script '/home/kitazawa/ros2_ws/install/my_cpp_demo/share/my_cpp_demo/package.ps1'
[5.943s] INFO:colcon.colcon_core.shell:Creating package descriptor '/home/kitazawa/ros2_ws/install/my_cpp_demo/share/my_cpp_demo/package.dsv'
[5.946s] INFO:colcon.colcon_core.shell:Creating package script '/home/kitazawa/ros2_ws/install/my_cpp_demo/share/my_cpp_demo/package.sh'
[5.950s] INFO:colcon.colcon_core.shell:Creating package script '/home/kitazawa/ros2_ws/install/my_cpp_demo/share/my_cpp_demo/package.bash'
[5.954s] INFO:colcon.colcon_core.shell:Creating package script '/home/kitazawa/ros2_ws/install/my_cpp_demo/share/my_cpp_demo/package.zsh'
[5.970s] Level 1:colcon.colcon_core.environment:create_file_with_runtime_dependencies(/home/kitazawa/ros2_ws/install/my_cpp_demo/share/colcon-core/packages/my_cpp_demo)
[5.973s] Level 1:colcon.colcon_core.environment:create_environment_scripts_only(my_cpp_demo)
[5.974s] Level 1:colcon.colcon_core.environment:checking '/home/kitazawa/ros2_ws/install/my_cpp_demo' for CMake module files
[5.977s] Level 1:colcon.colcon_core.environment:checking '/home/kitazawa/ros2_ws/install/my_cpp_demo' for CMake config files
[5.980s] Level 1:colcon.colcon_core.shell:create_environment_hook('my_cpp_demo', 'cmake_prefix_path')
[5.981s] INFO:colcon.colcon_core.shell:Creating environment hook '/home/kitazawa/ros2_ws/install/my_cpp_demo/share/my_cpp_demo/hook/cmake_prefix_path.ps1'
[5.983s] INFO:colcon.colcon_core.shell:Creating environment descriptor '/home/kitazawa/ros2_ws/install/my_cpp_demo/share/my_cpp_demo/hook/cmake_prefix_path.dsv'
[5.985s] INFO:colcon.colcon_core.shell:Creating environment hook '/home/kitazawa/ros2_ws/install/my_cpp_demo/share/my_cpp_demo/hook/cmake_prefix_path.sh'
[5.987s] Level 1:colcon.colcon_core.environment:checking '/home/kitazawa/ros2_ws/install/my_cpp_demo/bin'
[5.988s] Level 1:colcon.colcon_core.environment:checking '/home/kitazawa/ros2_ws/install/my_cpp_demo/lib/pkgconfig/my_cpp_demo.pc'
[5.988s] Level 1:colcon.colcon_core.environment:checking '/home/kitazawa/ros2_ws/install/my_cpp_demo/lib/python3.8/site-packages'
[5.989s] Level 1:colcon.colcon_core.environment:checking '/home/kitazawa/ros2_ws/install/my_cpp_demo/bin'
[5.990s] INFO:colcon.colcon_core.shell:Creating package script '/home/kitazawa/ros2_ws/install/my_cpp_demo/share/my_cpp_demo/package.ps1'
[6.025s] INFO:colcon.colcon_core.shell:Creating package descriptor '/home/kitazawa/ros2_ws/install/my_cpp_demo/share/my_cpp_demo/package.dsv'
[6.027s] INFO:colcon.colcon_core.shell:Creating package script '/home/kitazawa/ros2_ws/install/my_cpp_demo/share/my_cpp_demo/package.sh'
[6.029s] INFO:colcon.colcon_core.shell:Creating package script '/home/kitazawa/ros2_ws/install/my_cpp_demo/share/my_cpp_demo/package.bash'
[6.031s] INFO:colcon.colcon_core.shell:Creating package script '/home/kitazawa/ros2_ws/install/my_cpp_demo/share/my_cpp_demo/package.zsh'
[6.032s] Level 1:colcon.colcon_core.environment:create_file_with_runtime_dependencies(/home/kitazawa/ros2_ws/install/my_cpp_demo/share/colcon-core/packages/my_cpp_demo)
[7.647s] DEBUG:colcon.colcon_core.event_handler.log_command:Invoking command in '/home/kitazawa/ros2_ws/src/temperature_package': PYTHONPATH=/home/kitazawa/ros2_ws/build/temperature_package/prefix_override:/usr/lib/python3/dist-packages/colcon_core/task/python/colcon_distutils_commands:/home/kitazawa/ros2_ws/install/temperature_package/lib/python3.8/site-packages:${PYTHONPATH} /usr/bin/python3 -W ignore:setup.py install is deprecated -W ignore:easy_install command is deprecated setup.py egg_info --egg-base ../../build/temperature_package build --build-base /home/kitazawa/ros2_ws/build/temperature_package/build install --record /home/kitazawa/ros2_ws/build/temperature_package/install.log --install-scripts $base/lib/temperature_package --single-version-externally-managed install_data
[7.670s] DEBUG:colcon.colcon_core.event_handler.log_command:Invoking command in '/home/kitazawa/ros2_ws/src/kitazawa': PYTHONPATH=/home/kitazawa/ros2_ws/build/kitazawa/prefix_override:/usr/lib/python3/dist-packages/colcon_core/task/python/colcon_distutils_commands:/home/kitazawa/ros2_ws/install/kitazawa/lib/python3.8/site-packages:${PYTHONPATH} /usr/bin/python3 -W ignore:setup.py install is deprecated -W ignore:easy_install command is deprecated setup.py egg_info --egg-base ../../build/kitazawa build --build-base /home/kitazawa/ros2_ws/build/kitazawa/build install --record /home/kitazawa/ros2_ws/build/kitazawa/install.log --install-scripts $base/lib/kitazawa --single-version-externally-managed install_data
[7.694s] DEBUG:colcon.colcon_core.event_handler.log_command:Invoking command in '/home/kitazawa/ros2_ws/src/my_package': PYTHONPATH=/home/kitazawa/ros2_ws/build/my_package/prefix_override:/usr/lib/python3/dist-packages/colcon_core/task/python/colcon_distutils_commands:/home/kitazawa/ros2_ws/install/my_package/lib/python3.8/site-packages:${PYTHONPATH} /usr/bin/python3 -W ignore:setup.py install is deprecated -W ignore:easy_install command is deprecated setup.py egg_info --egg-base ../../build/my_package build --build-base /home/kitazawa/ros2_ws/build/my_package/build install --record /home/kitazawa/ros2_ws/build/my_package/install.log --install-scripts $base/lib/my_package --single-version-externally-managed install_data
[8.841s] Level 1:colcon.colcon_core.environment:checking '/home/kitazawa/ros2_ws/install/kitazawa' for CMake module files
[8.843s] DEBUG:colcon.colcon_core.event_handler.log_command:Invoked command in '/home/kitazawa/ros2_ws/src/kitazawa' returned '0': PYTHONPATH=/home/kitazawa/ros2_ws/build/kitazawa/prefix_override:/usr/lib/python3/dist-packages/colcon_core/task/python/colcon_distutils_commands:/home/kitazawa/ros2_ws/install/kitazawa/lib/python3.8/site-packages:${PYTHONPATH} /usr/bin/python3 -W ignore:setup.py install is deprecated -W ignore:easy_install command is deprecated setup.py egg_info --egg-base ../../build/kitazawa build --build-base /home/kitazawa/ros2_ws/build/kitazawa/build install --record /home/kitazawa/ros2_ws/build/kitazawa/install.log --install-scripts $base/lib/kitazawa --single-version-externally-managed install_data
[8.846s] Level 1:colcon.colcon_core.environment:checking '/home/kitazawa/ros2_ws/install/kitazawa' for CMake config files
[8.852s] Level 1:colcon.colcon_core.environment:checking '/home/kitazawa/ros2_ws/install/kitazawa/lib'
[8.853s] Level 1:colcon.colcon_core.environment:checking '/home/kitazawa/ros2_ws/install/kitazawa/bin'
[8.853s] Level 1:colcon.colcon_core.environment:checking '/home/kitazawa/ros2_ws/install/kitazawa/lib/pkgconfig/kitazawa.pc'
[8.854s] Level 1:colcon.colcon_core.environment:checking '/home/kitazawa/ros2_ws/install/kitazawa/lib/python3.8/site-packages'
[8.854s] Level 1:colcon.colcon_core.shell:create_environment_hook('kitazawa', 'pythonpath')
[8.855s] INFO:colcon.colcon_core.shell:Creating environment hook '/home/kitazawa/ros2_ws/install/kitazawa/share/kitazawa/hook/pythonpath.ps1'
[8.857s] INFO:colcon.colcon_core.shell:Creating environment descriptor '/home/kitazawa/ros2_ws/install/kitazawa/share/kitazawa/hook/pythonpath.dsv'
[8.859s] INFO:colcon.colcon_core.shell:Creating environment hook '/home/kitazawa/ros2_ws/install/kitazawa/share/kitazawa/hook/pythonpath.sh'
[8.862s] Level 1:colcon.colcon_core.environment:checking '/home/kitazawa/ros2_ws/install/kitazawa/bin'
[8.862s] Level 1:colcon.colcon_core.environment:create_environment_scripts_only(kitazawa)
[8.863s] INFO:colcon.colcon_core.shell:Creating package script '/home/kitazawa/ros2_ws/install/kitazawa/share/kitazawa/package.ps1'
[8.865s] INFO:colcon.colcon_core.shell:Creating package descriptor '/home/kitazawa/ros2_ws/install/kitazawa/share/kitazawa/package.dsv'
[8.867s] INFO:colcon.colcon_core.shell:Creating package script '/home/kitazawa/ros2_ws/install/kitazawa/share/kitazawa/package.sh'
[8.870s] INFO:colcon.colcon_core.shell:Creating package script '/home/kitazawa/ros2_ws/install/kitazawa/share/kitazawa/package.bash'
[8.872s] INFO:colcon.colcon_core.shell:Creating package script '/home/kitazawa/ros2_ws/install/kitazawa/share/kitazawa/package.zsh'
[8.874s] Level 1:colcon.colcon_core.environment:create_file_with_runtime_dependencies(/home/kitazawa/ros2_ws/install/kitazawa/share/colcon-core/packages/kitazawa)
[8.926s] Level 1:colcon.colcon_core.environment:checking '/home/kitazawa/ros2_ws/install/temperature_package' for CMake module files
[8.928s] DEBUG:colcon.colcon_core.event_handler.log_command:Invoked command in '/home/kitazawa/ros2_ws/src/temperature_package' returned '0': PYTHONPATH=/home/kitazawa/ros2_ws/build/temperature_package/prefix_override:/usr/lib/python3/dist-packages/colcon_core/task/python/colcon_distutils_commands:/home/kitazawa/ros2_ws/install/temperature_package/lib/python3.8/site-packages:${PYTHONPATH} /usr/bin/python3 -W ignore:setup.py install is deprecated -W ignore:easy_install command is deprecated setup.py egg_info --egg-base ../../build/temperature_package build --build-base /home/kitazawa/ros2_ws/build/temperature_package/build install --record /home/kitazawa/ros2_ws/build/temperature_package/install.log --install-scripts $base/lib/temperature_package --single-version-externally-managed install_data
[8.930s] Level 1:colcon.colcon_core.environment:checking '/home/kitazawa/ros2_ws/install/temperature_package' for CMake config files
[8.935s] Level 1:colcon.colcon_core.environment:checking '/home/kitazawa/ros2_ws/install/temperature_package/lib'
[8.935s] Level 1:colcon.colcon_core.environment:checking '/home/kitazawa/ros2_ws/install/temperature_package/bin'
[8.936s] Level 1:colcon.colcon_core.environment:checking '/home/kitazawa/ros2_ws/install/temperature_package/lib/pkgconfig/temperature_package.pc'
[8.937s] Level 1:colcon.colcon_core.environment:checking '/home/kitazawa/ros2_ws/install/temperature_package/lib/python3.8/site-packages'
[8.937s] Level 1:colcon.colcon_core.shell:create_environment_hook('temperature_package', 'pythonpath')
[8.937s] INFO:colcon.colcon_core.shell:Creating environment hook '/home/kitazawa/ros2_ws/install/temperature_package/share/temperature_package/hook/pythonpath.ps1'
[8.940s] INFO:colcon.colcon_core.shell:Creating environment descriptor '/home/kitazawa/ros2_ws/install/temperature_package/share/temperature_package/hook/pythonpath.dsv'
[8.941s] INFO:colcon.colcon_core.shell:Creating environment hook '/home/kitazawa/ros2_ws/install/temperature_package/share/temperature_package/hook/pythonpath.sh'
[8.943s] Level 1:colcon.colcon_core.environment:checking '/home/kitazawa/ros2_ws/install/temperature_package/bin'
[8.944s] Level 1:colcon.colcon_core.environment:create_environment_scripts_only(temperature_package)
[8.944s] INFO:colcon.colcon_core.shell:Creating package script '/home/kitazawa/ros2_ws/install/temperature_package/share/temperature_package/package.ps1'
[8.947s] INFO:colcon.colcon_core.shell:Creating package descriptor '/home/kitazawa/ros2_ws/install/temperature_package/share/temperature_package/package.dsv'
[8.950s] INFO:colcon.colcon_core.shell:Creating package script '/home/kitazawa/ros2_ws/install/temperature_package/share/temperature_package/package.sh'
[8.954s] INFO:colcon.colcon_core.shell:Creating package script '/home/kitazawa/ros2_ws/install/temperature_package/share/temperature_package/package.bash'
[8.957s] INFO:colcon.colcon_core.shell:Creating package script '/home/kitazawa/ros2_ws/install/temperature_package/share/temperature_package/package.zsh'
[8.959s] Level 1:colcon.colcon_core.environment:create_file_with_runtime_dependencies(/home/kitazawa/ros2_ws/install/temperature_package/share/colcon-core/packages/temperature_package)
[8.969s] Level 1:colcon.colcon_core.environment:checking '/home/kitazawa/ros2_ws/install/my_package' for CMake module files
[8.987s] Level 1:colcon.colcon_core.environment:checking '/home/kitazawa/ros2_ws/install/my_package' for CMake config files
[8.993s] Level 1:colcon.colcon_core.environment:checking '/home/kitazawa/ros2_ws/install/my_package/lib'
[8.994s] Level 1:colcon.colcon_core.environment:checking '/home/kitazawa/ros2_ws/install/my_package/bin'
[8.994s] Level 1:colcon.colcon_core.environment:checking '/home/kitazawa/ros2_ws/install/my_package/lib/pkgconfig/my_package.pc'
[8.995s] Level 1:colcon.colcon_core.environment:checking '/home/kitazawa/ros2_ws/install/my_package/lib/python3.8/site-packages'
[8.995s] Level 1:colcon.colcon_core.shell:create_environment_hook('my_package', 'pythonpath')
[8.996s] INFO:colcon.colcon_core.shell:Creating environment hook '/home/kitazawa/ros2_ws/install/my_package/share/my_package/hook/pythonpath.ps1'
[8.998s] INFO:colcon.colcon_core.shell:Creating environment descriptor '/home/kitazawa/ros2_ws/install/my_package/share/my_package/hook/pythonpath.dsv'
[9.000s] INFO:colcon.colcon_core.shell:Creating environment hook '/home/kitazawa/ros2_ws/install/my_package/share/my_package/hook/pythonpath.sh'
[9.003s] Level 1:colcon.colcon_core.environment:checking '/home/kitazawa/ros2_ws/install/my_package/bin'
[9.003s] Level 1:colcon.colcon_core.environment:create_environment_scripts_only(my_package)
[9.005s] INFO:colcon.colcon_core.shell:Creating package script '/home/kitazawa/ros2_ws/install/my_package/share/my_package/package.ps1'
[9.007s] INFO:colcon.colcon_core.shell:Creating package descriptor '/home/kitazawa/ros2_ws/install/my_package/share/my_package/package.dsv'
[9.010s] INFO:colcon.colcon_core.shell:Creating package script '/home/kitazawa/ros2_ws/install/my_package/share/my_package/package.sh'
[9.012s] INFO:colcon.colcon_core.shell:Creating package script '/home/kitazawa/ros2_ws/install/my_package/share/my_package/package.bash'
[9.014s] INFO:colcon.colcon_core.shell:Creating package script '/home/kitazawa/ros2_ws/install/my_package/share/my_package/package.zsh'
[9.016s] Level 1:colcon.colcon_core.environment:create_file_with_runtime_dependencies(/home/kitazawa/ros2_ws/install/my_package/share/colcon-core/packages/my_package)
[9.017s] DEBUG:colcon.colcon_parallel_executor.executor.parallel:closing loop
[9.018s] DEBUG:colcon.colcon_parallel_executor.executor.parallel:loop closed
[9.018s] DEBUG:colcon.colcon_parallel_executor.executor.parallel:run_until_complete finished with '0'
[9.018s] DEBUG:colcon.colcon_core.event_reactor:joining thread
[9.041s] DEBUG:colcon.colcon_core.event_handler.log_command:Invoked command in '/home/kitazawa/ros2_ws/src/my_package' returned '0': PYTHONPATH=/home/kitazawa/ros2_ws/build/my_package/prefix_override:/usr/lib/python3/dist-packages/colcon_core/task/python/colcon_distutils_commands:/home/kitazawa/ros2_ws/install/my_package/lib/python3.8/site-packages:${PYTHONPATH} /usr/bin/python3 -W ignore:setup.py install is deprecated -W ignore:easy_install command is deprecated setup.py egg_info --egg-base ../../build/my_package build --build-base /home/kitazawa/ros2_ws/build/my_package/build install --record /home/kitazawa/ros2_ws/build/my_package/install.log --install-scripts $base/lib/my_package --single-version-externally-managed install_data
[9.123s] INFO:colcon.colcon_core.plugin_system:Skipping extension 'colcon_notification.desktop_notification.notify_send': Could not find 'notify-send'
[9.124s] INFO:colcon.colcon_core.plugin_system:Skipping extension 'colcon_notification.desktop_notification.terminal_notifier': Not used on non-Darwin systems
[9.124s] INFO:colcon.colcon_core.plugin_system:Skipping extension 'colcon_notification.desktop_notification.win32': Not used on non-Windows systems
[9.124s] INFO:colcon.colcon_notification.desktop_notification:Sending desktop notification using 'notify2'
[9.125s] DEBUG:colcon.colcon_notification.desktop_notification.notify2:Failed to initialize notify2: org.freedesktop.DBus.Error.NotSupported: Unable to autolaunch a dbus-daemon without a $DISPLAY for X11
[9.125s] DEBUG:colcon.colcon_core.event_reactor:joined thread
[9.126s] INFO:colcon.colcon_core.shell:Creating prefix script '/home/kitazawa/ros2_ws/install/local_setup.ps1'
[9.129s] INFO:colcon.colcon_core.shell:Creating prefix util module '/home/kitazawa/ros2_ws/install/_local_setup_util_ps1.py'
[9.134s] INFO:colcon.colcon_core.shell:Creating prefix chain script '/home/kitazawa/ros2_ws/install/setup.ps1'
[9.142s] INFO:colcon.colcon_core.shell:Creating prefix script '/home/kitazawa/ros2_ws/install/local_setup.sh'
[9.146s] INFO:colcon.colcon_core.shell:Creating prefix util module '/home/kitazawa/ros2_ws/install/_local_setup_util_sh.py'
[9.148s] INFO:colcon.colcon_core.shell:Creating prefix chain script '/home/kitazawa/ros2_ws/install/setup.sh'
[9.165s] INFO:colcon.colcon_core.shell:Creating prefix script '/home/kitazawa/ros2_ws/install/local_setup.bash'
[9.189s] INFO:colcon.colcon_core.shell:Creating prefix chain script '/home/kitazawa/ros2_ws/install/setup.bash'
[9.198s] INFO:colcon.colcon_core.shell:Creating prefix script '/home/kitazawa/ros2_ws/install/local_setup.zsh'
[9.202s] INFO:colcon.colcon_core.shell:Creating prefix chain script '/home/kitazawa/ros2_ws/install/setup.zsh'
