[4.744s] Invoking command in '/home/kitazawa/ros2_ws/src/temperature_package': PYTHONPATH=/home/kitazawa/ros2_ws/build/temperature_package/prefix_override:/usr/lib/python3/dist-packages/colcon_core/task/python/colcon_distutils_commands:/home/kitazawa/ros2_ws/install/temperature_package/lib/python3.8/site-packages:${PYTHONPATH} /usr/bin/python3 -W ignore:setup.py install is deprecated -W ignore:easy_install command is deprecated setup.py egg_info --egg-base ../../build/temperature_package build --build-base /home/kitazawa/ros2_ws/build/temperature_package/build install --record /home/kitazawa/ros2_ws/build/temperature_package/install.log --install-scripts $base/lib/temperature_package --single-version-externally-managed install_data
[5.679s] running egg_info
[5.680s] creating ../../build/temperature_package/temperature_package.egg-info
[5.681s] writing ../../build/temperature_package/temperature_package.egg-info/PKG-INFO
[5.684s] writing dependency_links to ../../build/temperature_package/temperature_package.egg-info/dependency_links.txt
[5.685s] writing entry points to ../../build/temperature_package/temperature_package.egg-info/entry_points.txt
[5.725s] writing requirements to ../../build/temperature_package/temperature_package.egg-info/requires.txt
[5.735s] writing top-level names to ../../build/temperature_package/temperature_package.egg-info/top_level.txt
[5.736s] writing manifest file '../../build/temperature_package/temperature_package.egg-info/SOURCES.txt'
[5.812s] reading manifest file '../../build/temperature_package/temperature_package.egg-info/SOURCES.txt'
[5.813s] writing manifest file '../../build/temperature_package/temperature_package.egg-info/SOURCES.txt'
[5.813s] running build
[5.813s] running build_py
[5.813s] creating /home/kitazawa/ros2_ws/build/temperature_package/build
[5.814s] creating /home/kitazawa/ros2_ws/build/temperature_package/build/lib
[5.814s] creating /home/kitazawa/ros2_ws/build/temperature_package/build/lib/temperature_package
[5.832s] copying temperature_package/__init__.py -> /home/kitazawa/ros2_ws/build/temperature_package/build/lib/temperature_package
[5.837s] running install
[5.838s] running install_lib
[5.838s] creating /home/kitazawa/ros2_ws/install/temperature_package/lib/python3.8/site-packages/temperature_package
[5.838s] copying /home/kitazawa/ros2_ws/build/temperature_package/build/lib/temperature_package/__init__.py -> /home/kitazawa/ros2_ws/install/temperature_package/lib/python3.8/site-packages/temperature_package
[5.839s] byte-compiling /home/kitazawa/ros2_ws/install/temperature_package/lib/python3.8/site-packages/temperature_package/__init__.py to __init__.cpython-38.pyc
[5.839s] running install_data
[5.840s] creating /home/kitazawa/ros2_ws/install/temperature_package/share/ament_index
[5.840s] creating /home/kitazawa/ros2_ws/install/temperature_package/share/ament_index/resource_index
[5.840s] creating /home/kitazawa/ros2_ws/install/temperature_package/share/ament_index/resource_index/packages
[5.840s] copying resource/temperature_package -> /home/kitazawa/ros2_ws/install/temperature_package/share/ament_index/resource_index/packages
[5.841s] copying package.xml -> /home/kitazawa/ros2_ws/install/temperature_package/share/temperature_package
[5.843s] running install_egg_info
[5.848s] Copying ../../build/temperature_package/temperature_package.egg-info to /home/kitazawa/ros2_ws/install/temperature_package/lib/python3.8/site-packages/temperature_package-0.0.0-py3.8.egg-info
[5.866s] running install_scripts
[5.924s] writing list of installed files to '/home/kitazawa/ros2_ws/build/temperature_package/install.log'
[6.025s] Invoked command in '/home/kitazawa/ros2_ws/src/temperature_package' returned '0': PYTHONPATH=/home/kitazawa/ros2_ws/build/temperature_package/prefix_override:/usr/lib/python3/dist-packages/colcon_core/task/python/colcon_distutils_commands:/home/kitazawa/ros2_ws/install/temperature_package/lib/python3.8/site-packages:${PYTHONPATH} /usr/bin/python3 -W ignore:setup.py install is deprecated -W ignore:easy_install command is deprecated setup.py egg_info --egg-base ../../build/temperature_package build --build-base /home/kitazawa/ros2_ws/build/temperature_package/build install --record /home/kitazawa/ros2_ws/build/temperature_package/install.log --install-scripts $base/lib/temperature_package --single-version-externally-managed install_data
