[4.327s] Invoking command in '/home/kitazawa/ros2_ws/src/my_package': PYTHONPATH=/home/kitazawa/ros2_ws/build/my_package/prefix_override:/usr/lib/python3/dist-packages/colcon_core/task/python/colcon_distutils_commands:/home/kitazawa/ros2_ws/install/my_package/lib/python3.8/site-packages:${PYTHONPATH} /usr/bin/python3 -W ignore:setup.py install is deprecated -W ignore:easy_install command is deprecated setup.py egg_info --egg-base ../../build/my_package build --build-base /home/kitazawa/ros2_ws/build/my_package/build install --record /home/kitazawa/ros2_ws/build/my_package/install.log --install-scripts $base/lib/my_package --single-version-externally-managed install_data
[5.249s] running egg_info
[5.261s] writing ../../build/my_package/my_package.egg-info/PKG-INFO
[5.262s] writing dependency_links to ../../build/my_package/my_package.egg-info/dependency_links.txt
[5.262s] writing entry points to ../../build/my_package/my_package.egg-info/entry_points.txt
[5.262s] writing requirements to ../../build/my_package/my_package.egg-info/requires.txt
[5.263s] writing top-level names to ../../build/my_package/my_package.egg-info/top_level.txt
[5.346s] reading manifest file '../../build/my_package/my_package.egg-info/SOURCES.txt'
[5.349s] writing manifest file '../../build/my_package/my_package.egg-info/SOURCES.txt'
[5.351s] running build
[5.351s] running build_py
[5.351s] running install
[5.353s] running install_lib
[5.358s] running install_data
[5.358s] running install_egg_info
[5.363s] removing '/home/kitazawa/ros2_ws/install/my_package/lib/python3.8/site-packages/my_package-0.0.0-py3.8.egg-info' (and everything under it)
[5.367s] Copying ../../build/my_package/my_package.egg-info to /home/kitazawa/ros2_ws/install/my_package/lib/python3.8/site-packages/my_package-0.0.0-py3.8.egg-info
[5.384s] running install_scripts
[5.439s] writing list of installed files to '/home/kitazawa/ros2_ws/build/my_package/install.log'
[5.490s] Invoked command in '/home/kitazawa/ros2_ws/src/my_package' returned '0': PYTHONPATH=/home/kitazawa/ros2_ws/build/my_package/prefix_override:/usr/lib/python3/dist-packages/colcon_core/task/python/colcon_distutils_commands:/home/kitazawa/ros2_ws/install/my_package/lib/python3.8/site-packages:${PYTHONPATH} /usr/bin/python3 -W ignore:setup.py install is deprecated -W ignore:easy_install command is deprecated setup.py egg_info --egg-base ../../build/my_package build --build-base /home/kitazawa/ros2_ws/build/my_package/build install --record /home/kitazawa/ros2_ws/build/my_package/install.log --install-scripts $base/lib/my_package --single-version-externally-managed install_data
