[0.303s] DEBUG:colcon:Command line arguments: ['/usr/bin/colcon', 'build']
[0.303s] DEBUG:colcon:Parsed command line arguments: Namespace(allow_overriding=[], ament_cmake_args=None, base_paths=['.'], build_base='build', catkin_cmake_args=None, catkin_skip_building_tests=False, cmake_args=None, cmake_clean_cache=False, cmake_clean_first=False, cmake_force_configure=False, cmake_target=None, cmake_target_skip_unavailable=False, continue_on_error=False, event_handlers=None, executor='parallel', ignore_user_meta=False, install_base='install', log_base=None, log_level=None, main=<bound method BuildVerb.main of <colcon_core.verb.build.BuildVerb object at 0x7f4dcb86eb50>>, merge_install=False, metas=['./colcon.meta'], packages_above=None, packages_above_and_dependencies=None, packages_above_depth=None, packages_end=None, packages_ignore=None, packages_ignore_regex=None, packages_select=None, packages_select_build_failed=False, packages_select_by_dep=None, packages_select_regex=None, packages_select_test_failures=False, packages_skip=None, packages_skip_build_finished=False, packages_skip_by_dep=None, packages_skip_regex=None, packages_skip_test_passed=False, packages_skip_up_to=None, packages_start=None, packages_up_to=None, packages_up_to_regex=None, parallel_workers=8, paths=None, symlink_install=False, test_result_base=None, verb_extension=<colcon_core.verb.build.BuildVerb object at 0x7f4dcb86eb50>, verb_name='build', verb_parser=<colcon_defaults.argument_parser.defaults.DefaultArgumentsDecorator object at 0x7f4dcb74fdf0>)
[0.574s] Level 1:colcon.colcon_core.package_discovery:discover_packages(colcon_meta) check parameters
[0.574s] Level 1:colcon.colcon_core.package_discovery:discover_packages(recursive) check parameters
[0.574s] Level 1:colcon.colcon_core.package_discovery:discover_packages(ignore) check parameters
[0.574s] Level 1:colcon.colcon_core.package_discovery:discover_packages(path) check parameters
[0.574s] Level 1:colcon.colcon_core.package_discovery:discover_packages(colcon_meta) discover
[0.574s] Level 1:colcon.colcon_core.package_discovery:discover_packages(recursive) discover
[0.574s] INFO:colcon.colcon_core.package_discovery:Crawling recursively for packages in '/home/kitazawa/ros2_ws'
[0.574s] Level 1:colcon.colcon_core.package_identification:_identify(.) by extensions ['ignore', 'ignore_ament_install']
[0.574s] Level 1:colcon.colcon_core.package_identification:_identify(.) by extension 'ignore'
[0.575s] Level 1:colcon.colcon_core.package_identification:_identify(.) by extension 'ignore_ament_install'
[0.575s] Level 1:colcon.colcon_core.package_identification:_identify(.) by extensions ['colcon_pkg']
[0.575s] Level 1:colcon.colcon_core.package_identification:_identify(.) by extension 'colcon_pkg'
[0.575s] Level 1:colcon.colcon_core.package_identification:_identify(.) by extensions ['colcon_meta']
[0.575s] Level 1:colcon.colcon_core.package_identification:_identify(.) by extension 'colcon_meta'
[0.575s] Level 1:colcon.colcon_core.package_identification:_identify(.) by extensions ['ros']
[0.575s] Level 1:colcon.colcon_core.package_identification:_identify(.) by extension 'ros'
[0.588s] Level 1:colcon.colcon_core.package_identification:_identify(.) by extensions ['cmake', 'python']
[0.588s] Level 1:colcon.colcon_core.package_identification:_identify(.) by extension 'cmake'
[0.588s] Level 1:colcon.colcon_core.package_identification:_identify(.) by extension 'python'
[0.588s] Level 1:colcon.colcon_core.package_identification:_identify(.) by extensions ['python_setup_py']
[0.588s] Level 1:colcon.colcon_core.package_identification:_identify(.) by extension 'python_setup_py'
[0.589s] Level 1:colcon.colcon_core.package_identification:_identify(build) by extensions ['ignore', 'ignore_ament_install']
[0.589s] Level 1:colcon.colcon_core.package_identification:_identify(build) by extension 'ignore'
[0.589s] Level 1:colcon.colcon_core.package_identification:_identify(build) ignored
[0.589s] Level 1:colcon.colcon_core.package_identification:_identify(install) by extensions ['ignore', 'ignore_ament_install']
[0.589s] Level 1:colcon.colcon_core.package_identification:_identify(install) by extension 'ignore'
[0.589s] Level 1:colcon.colcon_core.package_identification:_identify(install) ignored
[0.590s] Level 1:colcon.colcon_core.package_identification:_identify(log) by extensions ['ignore', 'ignore_ament_install']
[0.590s] Level 1:colcon.colcon_core.package_identification:_identify(log) by extension 'ignore'
[0.590s] Level 1:colcon.colcon_core.package_identification:_identify(log) ignored
[0.590s] Level 1:colcon.colcon_core.package_identification:_identify(src) by extensions ['ignore', 'ignore_ament_install']
[0.590s] Level 1:colcon.colcon_core.package_identification:_identify(src) by extension 'ignore'
[0.590s] Level 1:colcon.colcon_core.package_identification:_identify(src) by extension 'ignore_ament_install'
[0.590s] Level 1:colcon.colcon_core.package_identification:_identify(src) by extensions ['colcon_pkg']
[0.590s] Level 1:colcon.colcon_core.package_identification:_identify(src) by extension 'colcon_pkg'
[0.590s] Level 1:colcon.colcon_core.package_identification:_identify(src) by extensions ['colcon_meta']
[0.590s] Level 1:colcon.colcon_core.package_identification:_identify(src) by extension 'colcon_meta'
[0.590s] Level 1:colcon.colcon_core.package_identification:_identify(src) by extensions ['ros']
[0.590s] Level 1:colcon.colcon_core.package_identification:_identify(src) by extension 'ros'
[0.591s] Level 1:colcon.colcon_core.package_identification:_identify(src) by extensions ['cmake', 'python']
[0.591s] Level 1:colcon.colcon_core.package_identification:_identify(src) by extension 'cmake'
[0.591s] Level 1:colcon.colcon_core.package_identification:_identify(src) by extension 'python'
[0.591s] Level 1:colcon.colcon_core.package_identification:_identify(src) by extensions ['python_setup_py']
[0.591s] Level 1:colcon.colcon_core.package_identification:_identify(src) by extension 'python_setup_py'
[0.591s] Level 1:colcon.colcon_core.package_identification:_identify(src/kitazawa) by extensions ['ignore', 'ignore_ament_install']
[0.591s] Level 1:colcon.colcon_core.package_identification:_identify(src/kitazawa) by extension 'ignore'
[0.591s] Level 1:colcon.colcon_core.package_identification:_identify(src/kitazawa) by extension 'ignore_ament_install'
[0.591s] Level 1:colcon.colcon_core.package_identification:_identify(src/kitazawa) by extensions ['colcon_pkg']
[0.591s] Level 1:colcon.colcon_core.package_identification:_identify(src/kitazawa) by extension 'colcon_pkg'
[0.592s] Level 1:colcon.colcon_core.package_identification:_identify(src/kitazawa) by extensions ['colcon_meta']
[0.592s] Level 1:colcon.colcon_core.package_identification:_identify(src/kitazawa) by extension 'colcon_meta'
[0.592s] Level 1:colcon.colcon_core.package_identification:_identify(src/kitazawa) by extensions ['ros']
[0.592s] Level 1:colcon.colcon_core.package_identification:_identify(src/kitazawa) by extension 'ros'
[0.595s] DEBUG:colcon.colcon_core.package_identification:Package 'src/kitazawa' with type 'ros.ament_python' and name 'kitazawa'
[0.595s] Level 1:colcon.colcon_core.package_identification:_identify(src/my_cpp_demo) by extensions ['ignore', 'ignore_ament_install']
[0.595s] Level 1:colcon.colcon_core.package_identification:_identify(src/my_cpp_demo) by extension 'ignore'
[0.595s] Level 1:colcon.colcon_core.package_identification:_identify(src/my_cpp_demo) by extension 'ignore_ament_install'
[0.595s] Level 1:colcon.colcon_core.package_identification:_identify(src/my_cpp_demo) by extensions ['colcon_pkg']
[0.595s] Level 1:colcon.colcon_core.package_identification:_identify(src/my_cpp_demo) by extension 'colcon_pkg'
[0.595s] Level 1:colcon.colcon_core.package_identification:_identify(src/my_cpp_demo) by extensions ['colcon_meta']
[0.595s] Level 1:colcon.colcon_core.package_identification:_identify(src/my_cpp_demo) by extension 'colcon_meta'
[0.596s] Level 1:colcon.colcon_core.package_identification:_identify(src/my_cpp_demo) by extensions ['ros']
[0.596s] Level 1:colcon.colcon_core.package_identification:_identify(src/my_cpp_demo) by extension 'ros'
[0.596s] DEBUG:colcon.colcon_core.package_identification:Package 'src/my_cpp_demo' with type 'ros.ament_cmake' and name 'my_cpp_demo'
[0.596s] Level 1:colcon.colcon_core.package_identification:_identify(src/my_package) by extensions ['ignore', 'ignore_ament_install']
[0.597s] Level 1:colcon.colcon_core.package_identification:_identify(src/my_package) by extension 'ignore'
[0.597s] Level 1:colcon.colcon_core.package_identification:_identify(src/my_package) by extension 'ignore_ament_install'
[0.597s] Level 1:colcon.colcon_core.package_identification:_identify(src/my_package) by extensions ['colcon_pkg']
[0.597s] Level 1:colcon.colcon_core.package_identification:_identify(src/my_package) by extension 'colcon_pkg'
[0.597s] Level 1:colcon.colcon_core.package_identification:_identify(src/my_package) by extensions ['colcon_meta']
[0.597s] Level 1:colcon.colcon_core.package_identification:_identify(src/my_package) by extension 'colcon_meta'
[0.597s] Level 1:colcon.colcon_core.package_identification:_identify(src/my_package) by extensions ['ros']
[0.597s] Level 1:colcon.colcon_core.package_identification:_identify(src/my_package) by extension 'ros'
[0.598s] DEBUG:colcon.colcon_core.package_identification:Package 'src/my_package' with type 'ros.ament_python' and name 'my_package'
[0.598s] Level 1:colcon.colcon_core.package_discovery:discover_packages(recursive) using defaults
[0.598s] Level 1:colcon.colcon_core.package_discovery:discover_packages(ignore) discover
[0.598s] Level 1:colcon.colcon_core.package_discovery:discover_packages(ignore) using defaults
[0.598s] Level 1:colcon.colcon_core.package_discovery:discover_packages(path) discover
[0.598s] Level 1:colcon.colcon_core.package_discovery:discover_packages(path) using defaults
[0.624s] Level 1:colcon.colcon_core.package_discovery:discover_packages(prefix_path) check parameters
[0.624s] Level 1:colcon.colcon_core.package_discovery:discover_packages(prefix_path) discover
[0.628s] DEBUG:colcon.colcon_installed_package_information.package_discovery:Found 3 installed packages in /home/kitazawa/ros2_ws/install
[0.630s] DEBUG:colcon.colcon_installed_package_information.package_discovery:Found 256 installed packages in /opt/ros/foxy
[0.632s] Level 1:colcon.colcon_core.package_discovery:discover_packages(prefix_path) using defaults
[0.760s] Level 5:colcon.colcon_core.verb:set package 'kitazawa' build argument 'cmake_args' from command line to 'None'
[0.760s] Level 5:colcon.colcon_core.verb:set package 'kitazawa' build argument 'cmake_target' from command line to 'None'
[0.760s] Level 5:colcon.colcon_core.verb:set package 'kitazawa' build argument 'cmake_target_skip_unavailable' from command line to 'False'
[0.760s] Level 5:colcon.colcon_core.verb:set package 'kitazawa' build argument 'cmake_clean_cache' from command line to 'False'
[0.760s] Level 5:colcon.colcon_core.verb:set package 'kitazawa' build argument 'cmake_clean_first' from command line to 'False'
[0.760s] Level 5:colcon.colcon_core.verb:set package 'kitazawa' build argument 'cmake_force_configure' from command line to 'False'
[0.760s] Level 5:colcon.colcon_core.verb:set package 'kitazawa' build argument 'ament_cmake_args' from command line to 'None'
[0.760s] Level 5:colcon.colcon_core.verb:set package 'kitazawa' build argument 'catkin_cmake_args' from command line to 'None'
[0.760s] Level 5:colcon.colcon_core.verb:set package 'kitazawa' build argument 'catkin_skip_building_tests' from command line to 'False'
[0.760s] DEBUG:colcon.colcon_core.verb:Building package 'kitazawa' with the following arguments: {'ament_cmake_args': None, 'build_base': '/home/kitazawa/ros2_ws/build/kitazawa', 'catkin_cmake_args': None, 'catkin_skip_building_tests': False, 'cmake_args': None, 'cmake_clean_cache': False, 'cmake_clean_first': False, 'cmake_force_configure': False, 'cmake_target': None, 'cmake_target_skip_unavailable': False, 'install_base': '/home/kitazawa/ros2_ws/install/kitazawa', 'merge_install': False, 'path': '/home/kitazawa/ros2_ws/src/kitazawa', 'symlink_install': False, 'test_result_base': None}
[0.761s] Level 5:colcon.colcon_core.verb:set package 'my_cpp_demo' build argument 'cmake_args' from command line to 'None'
[0.761s] Level 5:colcon.colcon_core.verb:set package 'my_cpp_demo' build argument 'cmake_target' from command line to 'None'
[0.761s] Level 5:colcon.colcon_core.verb:set package 'my_cpp_demo' build argument 'cmake_target_skip_unavailable' from command line to 'False'
[0.761s] Level 5:colcon.colcon_core.verb:set package 'my_cpp_demo' build argument 'cmake_clean_cache' from command line to 'False'
[0.761s] Level 5:colcon.colcon_core.verb:set package 'my_cpp_demo' build argument 'cmake_clean_first' from command line to 'False'
[0.761s] Level 5:colcon.colcon_core.verb:set package 'my_cpp_demo' build argument 'cmake_force_configure' from command line to 'False'
[0.761s] Level 5:colcon.colcon_core.verb:set package 'my_cpp_demo' build argument 'ament_cmake_args' from command line to 'None'
[0.761s] Level 5:colcon.colcon_core.verb:set package 'my_cpp_demo' build argument 'catkin_cmake_args' from command line to 'None'
[0.761s] Level 5:colcon.colcon_core.verb:set package 'my_cpp_demo' build argument 'catkin_skip_building_tests' from command line to 'False'
[0.761s] DEBUG:colcon.colcon_core.verb:Building package 'my_cpp_demo' with the following arguments: {'ament_cmake_args': None, 'build_base': '/home/kitazawa/ros2_ws/build/my_cpp_demo', 'catkin_cmake_args': None, 'catkin_skip_building_tests': False, 'cmake_args': None, 'cmake_clean_cache': False, 'cmake_clean_first': False, 'cmake_force_configure': False, 'cmake_target': None, 'cmake_target_skip_unavailable': False, 'install_base': '/home/kitazawa/ros2_ws/install/my_cpp_demo', 'merge_install': False, 'path': '/home/kitazawa/ros2_ws/src/my_cpp_demo', 'symlink_install': False, 'test_result_base': None}
[0.761s] Level 5:colcon.colcon_core.verb:set package 'my_package' build argument 'cmake_args' from command line to 'None'
[0.761s] Level 5:colcon.colcon_core.verb:set package 'my_package' build argument 'cmake_target' from command line to 'None'
[0.761s] Level 5:colcon.colcon_core.verb:set package 'my_package' build argument 'cmake_target_skip_unavailable' from command line to 'False'
[0.761s] Level 5:colcon.colcon_core.verb:set package 'my_package' build argument 'cmake_clean_cache' from command line to 'False'
[0.761s] Level 5:colcon.colcon_core.verb:set package 'my_package' build argument 'cmake_clean_first' from command line to 'False'
[0.761s] Level 5:colcon.colcon_core.verb:set package 'my_package' build argument 'cmake_force_configure' from command line to 'False'
[0.762s] Level 5:colcon.colcon_core.verb:set package 'my_package' build argument 'ament_cmake_args' from command line to 'None'
[0.762s] Level 5:colcon.colcon_core.verb:set package 'my_package' build argument 'catkin_cmake_args' from command line to 'None'
[0.762s] Level 5:colcon.colcon_core.verb:set package 'my_package' build argument 'catkin_skip_building_tests' from command line to 'False'
[0.762s] DEBUG:colcon.colcon_core.verb:Building package 'my_package' with the following arguments: {'ament_cmake_args': None, 'build_base': '/home/kitazawa/ros2_ws/build/my_package', 'catkin_cmake_args': None, 'catkin_skip_building_tests': False, 'cmake_args': None, 'cmake_clean_cache': False, 'cmake_clean_first': False, 'cmake_force_configure': False, 'cmake_target': None, 'cmake_target_skip_unavailable': False, 'install_base': '/home/kitazawa/ros2_ws/install/my_package', 'merge_install': False, 'path': '/home/kitazawa/ros2_ws/src/my_package', 'symlink_install': False, 'test_result_base': None}
[0.762s] INFO:colcon.colcon_core.executor:Executing jobs using 'parallel' executor
[0.763s] DEBUG:colcon.colcon_parallel_executor.executor.parallel:run_until_complete
[0.763s] INFO:colcon.colcon_ros.task.ament_python.build:Building ROS package in '/home/kitazawa/ros2_ws/src/kitazawa' with build type 'ament_python'
[0.763s] Level 1:colcon.colcon_core.shell:create_environment_hook('kitazawa', 'ament_prefix_path')
[0.768s] INFO:colcon.colcon_core.plugin_system:Skipping extension 'colcon_core.shell.bat': Not used on non-Windows systems
[0.768s] INFO:colcon.colcon_core.shell:Creating environment hook '/home/kitazawa/ros2_ws/install/kitazawa/share/kitazawa/hook/ament_prefix_path.ps1'
[0.770s] INFO:colcon.colcon_core.shell:Creating environment descriptor '/home/kitazawa/ros2_ws/install/kitazawa/share/kitazawa/hook/ament_prefix_path.dsv'
[0.771s] INFO:colcon.colcon_core.shell:Creating environment hook '/home/kitazawa/ros2_ws/install/kitazawa/share/kitazawa/hook/ament_prefix_path.sh'
[0.772s] INFO:colcon.colcon_core.shell:Skip shell extension 'powershell' for command environment: Not usable outside of PowerShell
[0.772s] DEBUG:colcon.colcon_core.shell:Skip shell extension 'dsv' for command environment
[0.785s] INFO:colcon.colcon_ros.task.ament_cmake.build:Building ROS package in '/home/kitazawa/ros2_ws/src/my_cpp_demo' with build type 'ament_cmake'
[0.786s] INFO:colcon.colcon_cmake.task.cmake.build:Building CMake package in '/home/kitazawa/ros2_ws/src/my_cpp_demo'
[0.787s] INFO:colcon.colcon_core.shell:Skip shell extension 'powershell' for command environment: Not usable outside of PowerShell
[0.787s] DEBUG:colcon.colcon_core.shell:Skip shell extension 'dsv' for command environment
[0.802s] INFO:colcon.colcon_ros.task.ament_python.build:Building ROS package in '/home/kitazawa/ros2_ws/src/my_package' with build type 'ament_python'
[0.803s] Level 1:colcon.colcon_core.shell:create_environment_hook('my_package', 'ament_prefix_path')
[0.804s] INFO:colcon.colcon_core.shell:Creating environment hook '/home/kitazawa/ros2_ws/install/my_package/share/my_package/hook/ament_prefix_path.ps1'
[0.807s] INFO:colcon.colcon_core.shell:Creating environment descriptor '/home/kitazawa/ros2_ws/install/my_package/share/my_package/hook/ament_prefix_path.dsv'
[0.808s] INFO:colcon.colcon_core.shell:Creating environment hook '/home/kitazawa/ros2_ws/install/my_package/share/my_package/hook/ament_prefix_path.sh'
[0.809s] INFO:colcon.colcon_core.shell:Skip shell extension 'powershell' for command environment: Not usable outside of PowerShell
[0.809s] DEBUG:colcon.colcon_core.shell:Skip shell extension 'dsv' for command environment
[1.222s] INFO:colcon.colcon_core.task.python.build:Building Python package in '/home/kitazawa/ros2_ws/src/kitazawa'
[1.222s] INFO:colcon.colcon_core.shell:Skip shell extension 'powershell' for command environment: Not usable outside of PowerShell
[1.222s] DEBUG:colcon.colcon_core.shell:Skip shell extension 'dsv' for command environment
[1.250s] DEBUG:colcon.colcon_core.event_handler.log_command:Invoking command in '/home/kitazawa/ros2_ws/build/my_cpp_demo': CMAKE_PREFIX_PATH=${CMAKE_PREFIX_PATH}:/home/kitazawa/ros2_ws/install/my_package:/home/kitazawa/ros2_ws/install/kitazawa:/opt/ros/foxy /usr/bin/cmake --build /home/kitazawa/ros2_ws/build/my_cpp_demo -- -j8 -l8
[1.632s] INFO:colcon.colcon_core.task.python.build:Building Python package in '/home/kitazawa/ros2_ws/src/my_package'
[1.633s] INFO:colcon.colcon_core.shell:Skip shell extension 'powershell' for command environment: Not usable outside of PowerShell
[1.633s] DEBUG:colcon.colcon_core.shell:Skip shell extension 'dsv' for command environment
[1.662s] DEBUG:colcon.colcon_core.event_handler.log_command:Invoked command in '/home/kitazawa/ros2_ws/build/my_cpp_demo' returned '0': CMAKE_PREFIX_PATH=${CMAKE_PREFIX_PATH}:/home/kitazawa/ros2_ws/install/my_package:/home/kitazawa/ros2_ws/install/kitazawa:/opt/ros/foxy /usr/bin/cmake --build /home/kitazawa/ros2_ws/build/my_cpp_demo -- -j8 -l8
[1.710s] DEBUG:colcon.colcon_core.event_handler.log_command:Invoking command in '/home/kitazawa/ros2_ws/build/my_cpp_demo': CMAKE_PREFIX_PATH=${CMAKE_PREFIX_PATH}:/home/kitazawa/ros2_ws/install/my_package:/home/kitazawa/ros2_ws/install/kitazawa:/opt/ros/foxy /usr/bin/cmake --install /home/kitazawa/ros2_ws/build/my_cpp_demo
[1.751s] Level 1:colcon.colcon_core.environment:create_environment_scripts_only(my_cpp_demo)
[1.753s] DEBUG:colcon.colcon_core.event_handler.log_command:Invoked command in '/home/kitazawa/ros2_ws/build/my_cpp_demo' returned '0': CMAKE_PREFIX_PATH=${CMAKE_PREFIX_PATH}:/home/kitazawa/ros2_ws/install/my_package:/home/kitazawa/ros2_ws/install/kitazawa:/opt/ros/foxy /usr/bin/cmake --install /home/kitazawa/ros2_ws/build/my_cpp_demo
[1.759s] Level 1:colcon.colcon_core.environment:checking '/home/kitazawa/ros2_ws/install/my_cpp_demo' for CMake module files
[1.760s] Level 1:colcon.colcon_core.environment:checking '/home/kitazawa/ros2_ws/install/my_cpp_demo' for CMake config files
[1.761s] Level 1:colcon.colcon_core.shell:create_environment_hook('my_cpp_demo', 'cmake_prefix_path')
[1.761s] INFO:colcon.colcon_core.shell:Creating environment hook '/home/kitazawa/ros2_ws/install/my_cpp_demo/share/my_cpp_demo/hook/cmake_prefix_path.ps1'
[1.762s] INFO:colcon.colcon_core.shell:Creating environment descriptor '/home/kitazawa/ros2_ws/install/my_cpp_demo/share/my_cpp_demo/hook/cmake_prefix_path.dsv'
[1.763s] INFO:colcon.colcon_core.shell:Creating environment hook '/home/kitazawa/ros2_ws/install/my_cpp_demo/share/my_cpp_demo/hook/cmake_prefix_path.sh'
[1.765s] Level 1:colcon.colcon_core.environment:checking '/home/kitazawa/ros2_ws/install/my_cpp_demo/bin'
[1.765s] Level 1:colcon.colcon_core.environment:checking '/home/kitazawa/ros2_ws/install/my_cpp_demo/lib/pkgconfig/my_cpp_demo.pc'
[1.766s] Level 1:colcon.colcon_core.environment:checking '/home/kitazawa/ros2_ws/install/my_cpp_demo/lib/python3.8/site-packages'
[1.766s] Level 1:colcon.colcon_core.environment:checking '/home/kitazawa/ros2_ws/install/my_cpp_demo/bin'
[1.766s] INFO:colcon.colcon_core.shell:Creating package script '/home/kitazawa/ros2_ws/install/my_cpp_demo/share/my_cpp_demo/package.ps1'
[1.768s] INFO:colcon.colcon_core.shell:Creating package descriptor '/home/kitazawa/ros2_ws/install/my_cpp_demo/share/my_cpp_demo/package.dsv'
[1.769s] INFO:colcon.colcon_core.shell:Creating package script '/home/kitazawa/ros2_ws/install/my_cpp_demo/share/my_cpp_demo/package.sh'
[1.771s] INFO:colcon.colcon_core.shell:Creating package script '/home/kitazawa/ros2_ws/install/my_cpp_demo/share/my_cpp_demo/package.bash'
[1.773s] INFO:colcon.colcon_core.shell:Creating package script '/home/kitazawa/ros2_ws/install/my_cpp_demo/share/my_cpp_demo/package.zsh'
[1.775s] Level 1:colcon.colcon_core.environment:create_file_with_runtime_dependencies(/home/kitazawa/ros2_ws/install/my_cpp_demo/share/colcon-core/packages/my_cpp_demo)
[1.776s] Level 1:colcon.colcon_core.environment:create_environment_scripts_only(my_cpp_demo)
[1.777s] Level 1:colcon.colcon_core.environment:checking '/home/kitazawa/ros2_ws/install/my_cpp_demo' for CMake module files
[1.779s] Level 1:colcon.colcon_core.environment:checking '/home/kitazawa/ros2_ws/install/my_cpp_demo' for CMake config files
[1.781s] Level 1:colcon.colcon_core.shell:create_environment_hook('my_cpp_demo', 'cmake_prefix_path')
[1.781s] INFO:colcon.colcon_core.shell:Creating environment hook '/home/kitazawa/ros2_ws/install/my_cpp_demo/share/my_cpp_demo/hook/cmake_prefix_path.ps1'
[1.782s] INFO:colcon.colcon_core.shell:Creating environment descriptor '/home/kitazawa/ros2_ws/install/my_cpp_demo/share/my_cpp_demo/hook/cmake_prefix_path.dsv'
[1.783s] INFO:colcon.colcon_core.shell:Creating environment hook '/home/kitazawa/ros2_ws/install/my_cpp_demo/share/my_cpp_demo/hook/cmake_prefix_path.sh'
[1.785s] Level 1:colcon.colcon_core.environment:checking '/home/kitazawa/ros2_ws/install/my_cpp_demo/bin'
[1.786s] Level 1:colcon.colcon_core.environment:checking '/home/kitazawa/ros2_ws/install/my_cpp_demo/lib/pkgconfig/my_cpp_demo.pc'
[1.786s] Level 1:colcon.colcon_core.environment:checking '/home/kitazawa/ros2_ws/install/my_cpp_demo/lib/python3.8/site-packages'
[1.786s] Level 1:colcon.colcon_core.environment:checking '/home/kitazawa/ros2_ws/install/my_cpp_demo/bin'
[1.787s] INFO:colcon.colcon_core.shell:Creating package script '/home/kitazawa/ros2_ws/install/my_cpp_demo/share/my_cpp_demo/package.ps1'
[1.788s] INFO:colcon.colcon_core.shell:Creating package descriptor '/home/kitazawa/ros2_ws/install/my_cpp_demo/share/my_cpp_demo/package.dsv'
[1.789s] INFO:colcon.colcon_core.shell:Creating package script '/home/kitazawa/ros2_ws/install/my_cpp_demo/share/my_cpp_demo/package.sh'
[1.790s] INFO:colcon.colcon_core.shell:Creating package script '/home/kitazawa/ros2_ws/install/my_cpp_demo/share/my_cpp_demo/package.bash'
[1.791s] INFO:colcon.colcon_core.shell:Creating package script '/home/kitazawa/ros2_ws/install/my_cpp_demo/share/my_cpp_demo/package.zsh'
[1.792s] Level 1:colcon.colcon_core.environment:create_file_with_runtime_dependencies(/home/kitazawa/ros2_ws/install/my_cpp_demo/share/colcon-core/packages/my_cpp_demo)
[2.314s] DEBUG:colcon.colcon_core.event_handler.log_command:Invoking command in '/home/kitazawa/ros2_ws/src/kitazawa': PYTHONPATH=/home/kitazawa/ros2_ws/build/kitazawa/prefix_override:/usr/lib/python3/dist-packages/colcon_core/task/python/colcon_distutils_commands:/home/kitazawa/ros2_ws/install/kitazawa/lib/python3.8/site-packages:${PYTHONPATH} /usr/bin/python3 -W ignore:setup.py install is deprecated -W ignore:easy_install command is deprecated setup.py egg_info --egg-base ../../build/kitazawa build --build-base /home/kitazawa/ros2_ws/build/kitazawa/build install --record /home/kitazawa/ros2_ws/build/kitazawa/install.log --install-scripts $base/lib/kitazawa --single-version-externally-managed install_data
[2.352s] DEBUG:colcon.colcon_core.event_handler.log_command:Invoking command in '/home/kitazawa/ros2_ws/src/my_package': PYTHONPATH=/home/kitazawa/ros2_ws/build/my_package/prefix_override:/usr/lib/python3/dist-packages/colcon_core/task/python/colcon_distutils_commands:/home/kitazawa/ros2_ws/install/my_package/lib/python3.8/site-packages:${PYTHONPATH} /usr/bin/python3 -W ignore:setup.py install is deprecated -W ignore:easy_install command is deprecated setup.py egg_info --egg-base ../../build/my_package build --build-base /home/kitazawa/ros2_ws/build/my_package/build install --record /home/kitazawa/ros2_ws/build/my_package/install.log --install-scripts $base/lib/my_package --single-version-externally-managed install_data
[2.850s] Level 1:colcon.colcon_core.environment:checking '/home/kitazawa/ros2_ws/install/kitazawa' for CMake module files
[2.851s] DEBUG:colcon.colcon_core.event_handler.log_command:Invoked command in '/home/kitazawa/ros2_ws/src/kitazawa' returned '0': PYTHONPATH=/home/kitazawa/ros2_ws/build/kitazawa/prefix_override:/usr/lib/python3/dist-packages/colcon_core/task/python/colcon_distutils_commands:/home/kitazawa/ros2_ws/install/kitazawa/lib/python3.8/site-packages:${PYTHONPATH} /usr/bin/python3 -W ignore:setup.py install is deprecated -W ignore:easy_install command is deprecated setup.py egg_info --egg-base ../../build/kitazawa build --build-base /home/kitazawa/ros2_ws/build/kitazawa/build install --record /home/kitazawa/ros2_ws/build/kitazawa/install.log --install-scripts $base/lib/kitazawa --single-version-externally-managed install_data
[2.852s] Level 1:colcon.colcon_core.environment:checking '/home/kitazawa/ros2_ws/install/kitazawa' for CMake config files
[2.854s] Level 1:colcon.colcon_core.environment:checking '/home/kitazawa/ros2_ws/install/kitazawa/lib'
[2.855s] Level 1:colcon.colcon_core.environment:checking '/home/kitazawa/ros2_ws/install/kitazawa/bin'
[2.855s] Level 1:colcon.colcon_core.environment:checking '/home/kitazawa/ros2_ws/install/kitazawa/lib/pkgconfig/kitazawa.pc'
[2.855s] Level 1:colcon.colcon_core.environment:checking '/home/kitazawa/ros2_ws/install/kitazawa/lib/python3.8/site-packages'
[2.856s] Level 1:colcon.colcon_core.shell:create_environment_hook('kitazawa', 'pythonpath')
[2.856s] INFO:colcon.colcon_core.shell:Creating environment hook '/home/kitazawa/ros2_ws/install/kitazawa/share/kitazawa/hook/pythonpath.ps1'
[2.857s] INFO:colcon.colcon_core.shell:Creating environment descriptor '/home/kitazawa/ros2_ws/install/kitazawa/share/kitazawa/hook/pythonpath.dsv'
[2.858s] INFO:colcon.colcon_core.shell:Creating environment hook '/home/kitazawa/ros2_ws/install/kitazawa/share/kitazawa/hook/pythonpath.sh'
[2.860s] Level 1:colcon.colcon_core.environment:checking '/home/kitazawa/ros2_ws/install/kitazawa/bin'
[2.860s] Level 1:colcon.colcon_core.environment:create_environment_scripts_only(kitazawa)
[2.860s] INFO:colcon.colcon_core.shell:Creating package script '/home/kitazawa/ros2_ws/install/kitazawa/share/kitazawa/package.ps1'
[2.861s] INFO:colcon.colcon_core.shell:Creating package descriptor '/home/kitazawa/ros2_ws/install/kitazawa/share/kitazawa/package.dsv'
[2.863s] INFO:colcon.colcon_core.shell:Creating package script '/home/kitazawa/ros2_ws/install/kitazawa/share/kitazawa/package.sh'
[2.864s] INFO:colcon.colcon_core.shell:Creating package script '/home/kitazawa/ros2_ws/install/kitazawa/share/kitazawa/package.bash'
[2.865s] INFO:colcon.colcon_core.shell:Creating package script '/home/kitazawa/ros2_ws/install/kitazawa/share/kitazawa/package.zsh'
[2.866s] Level 1:colcon.colcon_core.environment:create_file_with_runtime_dependencies(/home/kitazawa/ros2_ws/install/kitazawa/share/colcon-core/packages/kitazawa)
[2.899s] Level 1:colcon.colcon_core.environment:checking '/home/kitazawa/ros2_ws/install/my_package' for CMake module files
[2.900s] DEBUG:colcon.colcon_core.event_handler.log_command:Invoked command in '/home/kitazawa/ros2_ws/src/my_package' returned '0': PYTHONPATH=/home/kitazawa/ros2_ws/build/my_package/prefix_override:/usr/lib/python3/dist-packages/colcon_core/task/python/colcon_distutils_commands:/home/kitazawa/ros2_ws/install/my_package/lib/python3.8/site-packages:${PYTHONPATH} /usr/bin/python3 -W ignore:setup.py install is deprecated -W ignore:easy_install command is deprecated setup.py egg_info --egg-base ../../build/my_package build --build-base /home/kitazawa/ros2_ws/build/my_package/build install --record /home/kitazawa/ros2_ws/build/my_package/install.log --install-scripts $base/lib/my_package --single-version-externally-managed install_data
[2.900s] Level 1:colcon.colcon_core.environment:checking '/home/kitazawa/ros2_ws/install/my_package' for CMake config files
[2.902s] Level 1:colcon.colcon_core.environment:checking '/home/kitazawa/ros2_ws/install/my_package/lib'
[2.902s] Level 1:colcon.colcon_core.environment:checking '/home/kitazawa/ros2_ws/install/my_package/bin'
[2.902s] Level 1:colcon.colcon_core.environment:checking '/home/kitazawa/ros2_ws/install/my_package/lib/pkgconfig/my_package.pc'
[2.903s] Level 1:colcon.colcon_core.environment:checking '/home/kitazawa/ros2_ws/install/my_package/lib/python3.8/site-packages'
[2.903s] Level 1:colcon.colcon_core.shell:create_environment_hook('my_package', 'pythonpath')
[2.903s] INFO:colcon.colcon_core.shell:Creating environment hook '/home/kitazawa/ros2_ws/install/my_package/share/my_package/hook/pythonpath.ps1'
[2.904s] INFO:colcon.colcon_core.shell:Creating environment descriptor '/home/kitazawa/ros2_ws/install/my_package/share/my_package/hook/pythonpath.dsv'
[2.904s] INFO:colcon.colcon_core.shell:Creating environment hook '/home/kitazawa/ros2_ws/install/my_package/share/my_package/hook/pythonpath.sh'
[2.905s] Level 1:colcon.colcon_core.environment:checking '/home/kitazawa/ros2_ws/install/my_package/bin'
[2.905s] Level 1:colcon.colcon_core.environment:create_environment_scripts_only(my_package)
[2.905s] INFO:colcon.colcon_core.shell:Creating package script '/home/kitazawa/ros2_ws/install/my_package/share/my_package/package.ps1'
[2.906s] INFO:colcon.colcon_core.shell:Creating package descriptor '/home/kitazawa/ros2_ws/install/my_package/share/my_package/package.dsv'
[2.907s] INFO:colcon.colcon_core.shell:Creating package script '/home/kitazawa/ros2_ws/install/my_package/share/my_package/package.sh'
[2.908s] INFO:colcon.colcon_core.shell:Creating package script '/home/kitazawa/ros2_ws/install/my_package/share/my_package/package.bash'
[2.908s] INFO:colcon.colcon_core.shell:Creating package script '/home/kitazawa/ros2_ws/install/my_package/share/my_package/package.zsh'
[2.909s] Level 1:colcon.colcon_core.environment:create_file_with_runtime_dependencies(/home/kitazawa/ros2_ws/install/my_package/share/colcon-core/packages/my_package)
[2.910s] DEBUG:colcon.colcon_parallel_executor.executor.parallel:closing loop
[2.910s] DEBUG:colcon.colcon_parallel_executor.executor.parallel:loop closed
[2.910s] DEBUG:colcon.colcon_parallel_executor.executor.parallel:run_until_complete finished with '0'
[2.910s] DEBUG:colcon.colcon_core.event_reactor:joining thread
[2.932s] INFO:colcon.colcon_core.plugin_system:Skipping extension 'colcon_notification.desktop_notification.notify_send': Could not find 'notify-send'
[2.932s] INFO:colcon.colcon_core.plugin_system:Skipping extension 'colcon_notification.desktop_notification.terminal_notifier': Not used on non-Darwin systems
[2.932s] INFO:colcon.colcon_core.plugin_system:Skipping extension 'colcon_notification.desktop_notification.win32': Not used on non-Windows systems
[2.932s] INFO:colcon.colcon_notification.desktop_notification:Sending desktop notification using 'notify2'
[2.932s] DEBUG:colcon.colcon_notification.desktop_notification.notify2:Failed to initialize notify2: org.freedesktop.DBus.Error.NotSupported: Unable to autolaunch a dbus-daemon without a $DISPLAY for X11
[2.932s] DEBUG:colcon.colcon_core.event_reactor:joined thread
[2.933s] INFO:colcon.colcon_core.shell:Creating prefix script '/home/kitazawa/ros2_ws/install/local_setup.ps1'
[2.935s] INFO:colcon.colcon_core.shell:Creating prefix util module '/home/kitazawa/ros2_ws/install/_local_setup_util_ps1.py'
[2.937s] INFO:colcon.colcon_core.shell:Creating prefix chain script '/home/kitazawa/ros2_ws/install/setup.ps1'
[2.939s] INFO:colcon.colcon_core.shell:Creating prefix script '/home/kitazawa/ros2_ws/install/local_setup.sh'
[2.940s] INFO:colcon.colcon_core.shell:Creating prefix util module '/home/kitazawa/ros2_ws/install/_local_setup_util_sh.py'
[2.941s] INFO:colcon.colcon_core.shell:Creating prefix chain script '/home/kitazawa/ros2_ws/install/setup.sh'
[2.943s] INFO:colcon.colcon_core.shell:Creating prefix script '/home/kitazawa/ros2_ws/install/local_setup.bash'
[2.944s] INFO:colcon.colcon_core.shell:Creating prefix chain script '/home/kitazawa/ros2_ws/install/setup.bash'
[2.946s] INFO:colcon.colcon_core.shell:Creating prefix script '/home/kitazawa/ros2_ws/install/local_setup.zsh'
[2.947s] INFO:colcon.colcon_core.shell:Creating prefix chain script '/home/kitazawa/ros2_ws/install/setup.zsh'
