running egg_info
writing ../../build/kitazawa/kitazawa.egg-info/PKG-INFO
writing dependency_links to ../../build/kitazawa/kitazawa.egg-info/dependency_links.txt
writing entry points to ../../build/kitazawa/kitazawa.egg-info/entry_points.txt
writing requirements to ../../build/kitazawa/kitazawa.egg-info/requires.txt
writing top-level names to ../../build/kitazawa/kitazawa.egg-info/top_level.txt
reading manifest file '../../build/kitazawa/kitazawa.egg-info/SOURCES.txt'
writing manifest file '../../build/kitazawa/kitazawa.egg-info/SOURCES.txt'
running build
running build_py
copying kitazawa/temperature_publisher.py -> /home/kitazawa/ros2_ws/build/kitazawa/build/lib/kitazawa
copying kitazawa/temperature_simulator.py -> /home/kitazawa/ros2_ws/build/kitazawa/build/lib/kitazawa
running install
running install_lib
copying /home/kitazawa/ros2_ws/build/kitazawa/build/lib/kitazawa/temperature_publisher.py -> /home/kitazawa/ros2_ws/install/kitazawa/lib/python3.8/site-packages/kitazawa
copying /home/kitazawa/ros2_ws/build/kitazawa/build/lib/kitazawa/temperature_simulator.py -> /home/kitazawa/ros2_ws/install/kitazawa/lib/python3.8/site-packages/kitazawa
byte-compiling /home/kitazawa/ros2_ws/install/kitazawa/lib/python3.8/site-packages/kitazawa/temperature_publisher.py to temperature_publisher.cpython-38.pyc
byte-compiling /home/kitazawa/ros2_ws/install/kitazawa/lib/python3.8/site-packages/kitazawa/temperature_simulator.py to temperature_simulator.cpython-38.pyc
running install_egg_info
removing '/home/kitazawa/ros2_ws/install/kitazawa/lib/python3.8/site-packages/kitazawa-0.0.0-py3.8.egg-info' (and everything under it)
Copying ../../build/kitazawa/kitazawa.egg-info to /home/kitazawa/ros2_ws/install/kitazawa/lib/python3.8/site-packages/kitazawa-0.0.0-py3.8.egg-info
running install_scripts
Installing temperature_publisher script to /home/kitazawa/ros2_ws/install/kitazawa/lib/kitazawa
Installing temperature_simulator script to /home/kitazawa/ros2_ws/install/kitazawa/lib/kitazawa
writing list of installed files to '/home/kitazawa/ros2_ws/build/kitazawa/install.log'
