[4.403s] Invoking command in '/home/kitazawa/ros2_ws/src/kitazawa': PYTHONPATH=/home/kitazawa/ros2_ws/build/kitazawa/prefix_override:/usr/lib/python3/dist-packages/colcon_core/task/python/colcon_distutils_commands:/home/kitazawa/ros2_ws/install/kitazawa/lib/python3.8/site-packages:${PYTHONPATH} /usr/bin/python3 -W ignore:setup.py install is deprecated -W ignore:easy_install command is deprecated setup.py egg_info --egg-base ../../build/kitazawa build --build-base /home/kitazawa/ros2_ws/build/kitazawa/build install --record /home/kitazawa/ros2_ws/build/kitazawa/install.log --install-scripts $base/lib/kitazawa --single-version-externally-managed
[5.333s] running egg_info
[5.338s] writing ../../build/kitazawa/kitazawa.egg-info/PKG-INFO
[5.351s] writing dependency_links to ../../build/kitazawa/kitazawa.egg-info/dependency_links.txt
[5.353s] writing entry points to ../../build/kitazawa/kitazawa.egg-info/entry_points.txt
[5.354s] writing requirements to ../../build/kitazawa/kitazawa.egg-info/requires.txt
[5.354s] writing top-level names to ../../build/kitazawa/kitazawa.egg-info/top_level.txt
[5.448s] reading manifest file '../../build/kitazawa/kitazawa.egg-info/SOURCES.txt'
[5.464s] writing manifest file '../../build/kitazawa/kitazawa.egg-info/SOURCES.txt'
[5.465s] running build
[5.465s] running build_py
[5.466s] copying kitazawa/temperature_publisher.py -> /home/kitazawa/ros2_ws/build/kitazawa/build/lib/kitazawa
[5.466s] copying kitazawa/temperature_simulator.py -> /home/kitazawa/ros2_ws/build/kitazawa/build/lib/kitazawa
[5.469s] running install
[5.477s] running install_lib
[5.478s] copying /home/kitazawa/ros2_ws/build/kitazawa/build/lib/kitazawa/temperature_publisher.py -> /home/kitazawa/ros2_ws/install/kitazawa/lib/python3.8/site-packages/kitazawa
[5.483s] copying /home/kitazawa/ros2_ws/build/kitazawa/build/lib/kitazawa/temperature_simulator.py -> /home/kitazawa/ros2_ws/install/kitazawa/lib/python3.8/site-packages/kitazawa
[5.483s] byte-compiling /home/kitazawa/ros2_ws/install/kitazawa/lib/python3.8/site-packages/kitazawa/temperature_publisher.py to temperature_publisher.cpython-38.pyc
[5.502s] byte-compiling /home/kitazawa/ros2_ws/install/kitazawa/lib/python3.8/site-packages/kitazawa/temperature_simulator.py to temperature_simulator.cpython-38.pyc
[5.503s] running install_egg_info
[5.515s] removing '/home/kitazawa/ros2_ws/install/kitazawa/lib/python3.8/site-packages/kitazawa-0.0.0-py3.8.egg-info' (and everything under it)
[5.516s] Copying ../../build/kitazawa/kitazawa.egg-info to /home/kitazawa/ros2_ws/install/kitazawa/lib/python3.8/site-packages/kitazawa-0.0.0-py3.8.egg-info
[5.532s] running install_scripts
[5.586s] Installing temperature_publisher script to /home/kitazawa/ros2_ws/install/kitazawa/lib/kitazawa
[5.587s] Installing temperature_simulator script to /home/kitazawa/ros2_ws/install/kitazawa/lib/kitazawa
[5.589s] writing list of installed files to '/home/kitazawa/ros2_ws/build/kitazawa/install.log'
[5.657s] Invoked command in '/home/kitazawa/ros2_ws/src/kitazawa' returned '0': PYTHONPATH=/home/kitazawa/ros2_ws/build/kitazawa/prefix_override:/usr/lib/python3/dist-packages/colcon_core/task/python/colcon_distutils_commands:/home/kitazawa/ros2_ws/install/kitazawa/lib/python3.8/site-packages:${PYTHONPATH} /usr/bin/python3 -W ignore:setup.py install is deprecated -W ignore:easy_install command is deprecated setup.py egg_info --egg-base ../../build/kitazawa build --build-base /home/kitazawa/ros2_ws/build/kitazawa/build install --record /home/kitazawa/ros2_ws/build/kitazawa/install.log --install-scripts $base/lib/kitazawa --single-version-externally-managed
