[0.473s] Invoking command in '/home/kitazawa/ros2_ws/build/my_cpp_demo': CMAKE_PREFIX_PATH=${CMAKE_PREFIX_PATH}:/home/kitazawa/ros2_ws/install/my_package:/home/kitazawa/ros2_ws/install/kitazawa:/opt/ros/foxy /usr/bin/cmake --build /home/kitazawa/ros2_ws/build/my_cpp_demo -- -j8 -l8
[0.903s] Invoked command in '/home/kitazawa/ros2_ws/build/my_cpp_demo' returned '0': CMAKE_PREFIX_PATH=${CMAKE_PREFIX_PATH}:/home/kitazawa/ros2_ws/install/my_package:/home/kitazawa/ros2_ws/install/kitazawa:/opt/ros/foxy /usr/bin/cmake --build /home/kitazawa/ros2_ws/build/my_cpp_demo -- -j8 -l8
[0.944s] Invoking command in '/home/kitazawa/ros2_ws/build/my_cpp_demo': CMAKE_PREFIX_PATH=${CMAKE_PREFIX_PATH}:/home/kitazawa/ros2_ws/install/my_package:/home/kitazawa/ros2_ws/install/kitazawa:/opt/ros/foxy /usr/bin/cmake --install /home/kitazawa/ros2_ws/build/my_cpp_demo
[0.976s] -- Install configuration: ""
[0.976s] -- Up-to-date: /home/kitazawa/ros2_ws/install/my_cpp_demo/share/ament_index/resource_index/package_run_dependencies/my_cpp_demo
[0.976s] -- Up-to-date: /home/kitazawa/ros2_ws/install/my_cpp_demo/share/ament_index/resource_index/parent_prefix_path/my_cpp_demo
[0.976s] -- Up-to-date: /home/kitazawa/ros2_ws/install/my_cpp_demo/share/my_cpp_demo/environment/ament_prefix_path.sh
[0.977s] -- Up-to-date: /home/kitazawa/ros2_ws/install/my_cpp_demo/share/my_cpp_demo/environment/ament_prefix_path.dsv
[0.977s] -- Up-to-date: /home/kitazawa/ros2_ws/install/my_cpp_demo/share/my_cpp_demo/environment/path.sh
[0.978s] -- Up-to-date: /home/kitazawa/ros2_ws/install/my_cpp_demo/share/my_cpp_demo/environment/path.dsv
[0.978s] -- Up-to-date: /home/kitazawa/ros2_ws/install/my_cpp_demo/share/my_cpp_demo/local_setup.bash
[0.978s] -- Up-to-date: /home/kitazawa/ros2_ws/install/my_cpp_demo/share/my_cpp_demo/local_setup.sh
[0.978s] -- Up-to-date: /home/kitazawa/ros2_ws/install/my_cpp_demo/share/my_cpp_demo/local_setup.zsh
[0.978s] -- Up-to-date: /home/kitazawa/ros2_ws/install/my_cpp_demo/share/my_cpp_demo/local_setup.dsv
[0.978s] -- Up-to-date: /home/kitazawa/ros2_ws/install/my_cpp_demo/share/my_cpp_demo/package.dsv
[0.978s] -- Up-to-date: /home/kitazawa/ros2_ws/install/my_cpp_demo/share/ament_index/resource_index/packages/my_cpp_demo
[0.979s] -- Up-to-date: /home/kitazawa/ros2_ws/install/my_cpp_demo/share/my_cpp_demo/cmake/my_cpp_demoConfig.cmake
[0.979s] -- Up-to-date: /home/kitazawa/ros2_ws/install/my_cpp_demo/share/my_cpp_demo/cmake/my_cpp_demoConfig-version.cmake
[0.979s] -- Up-to-date: /home/kitazawa/ros2_ws/install/my_cpp_demo/share/my_cpp_demo/package.xml
[0.984s] Invoked command in '/home/kitazawa/ros2_ws/build/my_cpp_demo' returned '0': CMAKE_PREFIX_PATH=${CMAKE_PREFIX_PATH}:/home/kitazawa/ros2_ws/install/my_package:/home/kitazawa/ros2_ws/install/kitazawa:/opt/ros/foxy /usr/bin/cmake --install /home/kitazawa/ros2_ws/build/my_cpp_demo
