[1.037s] Invoking command in '/home/kitazawa/ros2_ws/build/my_cpp_demo': CMAKE_PREFIX_PATH=${CMAKE_PREFIX_PATH}:/home/kitazawa/ros2_ws/install/temperature_package:/home/kitazawa/ros2_ws/install/my_package:/home/kitazawa/ros2_ws/install/kitazawa:/opt/ros/foxy WSLENV=ELECTRON_RUN_AS_NODE/w: /usr/bin/cmake --build /home/kitazawa/ros2_ws/build/my_cpp_demo -- -j8 -l8
[2.756s] Invoked command in '/home/kitazawa/ros2_ws/build/my_cpp_demo' returned '0': CMAKE_PREFIX_PATH=${CMAKE_PREFIX_PATH}:/home/kitazawa/ros2_ws/install/temperature_package:/home/kitazawa/ros2_ws/install/my_package:/home/kitazawa/ros2_ws/install/kitazawa:/opt/ros/foxy WSLENV=ELECTRON_RUN_AS_NODE/w: /usr/bin/cmake --build /home/kitazawa/ros2_ws/build/my_cpp_demo -- -j8 -l8
[2.828s] Invoking command in '/home/kitazawa/ros2_ws/build/my_cpp_demo': CMAKE_PREFIX_PATH=${CMAKE_PREFIX_PATH}:/home/kitazawa/ros2_ws/install/temperature_package:/home/kitazawa/ros2_ws/install/my_package:/home/kitazawa/ros2_ws/install/kitazawa:/opt/ros/foxy WSLENV=ELECTRON_RUN_AS_NODE/w: /usr/bin/cmake --install /home/kitazawa/ros2_ws/build/my_cpp_demo
[2.899s] -- Install configuration: ""
[2.900s] -- Execute custom install script
[2.902s] -- Up-to-date symlink: /home/kitazawa/ros2_ws/install/my_cpp_demo/share/ament_index/resource_index/package_run_dependencies/my_cpp_demo
[2.907s] -- Up-to-date symlink: /home/kitazawa/ros2_ws/install/my_cpp_demo/share/ament_index/resource_index/parent_prefix_path/my_cpp_demo
[2.907s] -- Up-to-date symlink: /home/kitazawa/ros2_ws/install/my_cpp_demo/share/my_cpp_demo/environment/ament_prefix_path.sh
[2.918s] -- Up-to-date symlink: /home/kitazawa/ros2_ws/install/my_cpp_demo/share/my_cpp_demo/environment/ament_prefix_path.dsv
[2.919s] -- Up-to-date symlink: /home/kitazawa/ros2_ws/install/my_cpp_demo/share/my_cpp_demo/environment/path.sh
[2.919s] -- Up-to-date symlink: /home/kitazawa/ros2_ws/install/my_cpp_demo/share/my_cpp_demo/environment/path.dsv
[2.920s] -- Up-to-date symlink: /home/kitazawa/ros2_ws/install/my_cpp_demo/share/my_cpp_demo/local_setup.bash
[2.920s] -- Up-to-date symlink: /home/kitazawa/ros2_ws/install/my_cpp_demo/share/my_cpp_demo/local_setup.sh
[2.920s] -- Up-to-date symlink: /home/kitazawa/ros2_ws/install/my_cpp_demo/share/my_cpp_demo/local_setup.zsh
[2.920s] -- Up-to-date symlink: /home/kitazawa/ros2_ws/install/my_cpp_demo/share/my_cpp_demo/local_setup.dsv
[2.921s] -- Symlinking: /home/kitazawa/ros2_ws/install/my_cpp_demo/share/my_cpp_demo/package.dsv
[3.012s] -- Up-to-date symlink: /home/kitazawa/ros2_ws/install/my_cpp_demo/share/ament_index/resource_index/packages/my_cpp_demo
[3.012s] -- Up-to-date symlink: /home/kitazawa/ros2_ws/install/my_cpp_demo/share/my_cpp_demo/cmake/my_cpp_demoConfig.cmake
[3.012s] -- Up-to-date symlink: /home/kitazawa/ros2_ws/install/my_cpp_demo/share/my_cpp_demo/cmake/my_cpp_demoConfig-version.cmake
[3.014s] -- Up-to-date symlink: /home/kitazawa/ros2_ws/install/my_cpp_demo/share/my_cpp_demo/package.xml
[3.025s] Invoked command in '/home/kitazawa/ros2_ws/build/my_cpp_demo' returned '0': CMAKE_PREFIX_PATH=${CMAKE_PREFIX_PATH}:/home/kitazawa/ros2_ws/install/temperature_package:/home/kitazawa/ros2_ws/install/my_package:/home/kitazawa/ros2_ws/install/kitazawa:/opt/ros/foxy WSLENV=ELECTRON_RUN_AS_NODE/w: /usr/bin/cmake --install /home/kitazawa/ros2_ws/build/my_cpp_demo
