running develop
Removing /home/kitazawa/ros2_ws/install/kitazawa/lib/python3.8/site-packages/kitazawa.egg-link (link to .)
running egg_info
writing ../../build/kitazawa/kitazawa.egg-info/PKG-INFO
writing dependency_links to ../../build/kitazawa/kitazawa.egg-info/dependency_links.txt
writing entry points to ../../build/kitazawa/kitazawa.egg-info/entry_points.txt
writing requirements to ../../build/kitazawa/kitazawa.egg-info/requires.txt
writing top-level names to ../../build/kitazawa/kitazawa.egg-info/top_level.txt
reading manifest file '../../build/kitazawa/kitazawa.egg-info/SOURCES.txt'
writing manifest file '../../build/kitazawa/kitazawa.egg-info/SOURCES.txt'
running build
running build_py
copying kitazawa/setup.py -> /home/kitazawa/ros2_ws/build/kitazawa/build/lib/kitazawa
copying kitazawa/temperature_publisher.py -> /home/kitazawa/ros2_ws/build/kitazawa/build/lib/kitazawa
running install
running install_lib
copying /home/kitazawa/ros2_ws/build/kitazawa/build/lib/kitazawa/setup.py -> /home/kitazawa/ros2_ws/install/kitazawa/lib/python3.8/site-packages/kitazawa
copying /home/kitazawa/ros2_ws/build/kitazawa/build/lib/kitazawa/temperature_publisher.py -> /home/kitazawa/ros2_ws/install/kitazawa/lib/python3.8/site-packages/kitazawa
copying /home/kitazawa/ros2_ws/build/kitazawa/build/lib/kitazawa/__init__.py -> /home/kitazawa/ros2_ws/install/kitazawa/lib/python3.8/site-packages/kitazawa
byte-compiling /home/kitazawa/ros2_ws/install/kitazawa/lib/python3.8/site-packages/kitazawa/setup.py to setup.cpython-38.pyc
byte-compiling /home/kitazawa/ros2_ws/install/kitazawa/lib/python3.8/site-packages/kitazawa/temperature_publisher.py to temperature_publisher.cpython-38.pyc
byte-compiling /home/kitazawa/ros2_ws/install/kitazawa/lib/python3.8/site-packages/kitazawa/__init__.py to __init__.cpython-38.pyc
running install_data
copying resource/kitazawa -> /home/kitazawa/ros2_ws/install/kitazawa/share/ament_index/resource_index/packages
copying package.xml -> /home/kitazawa/ros2_ws/install/kitazawa/share/kitazawa
running install_egg_info
Copying ../../build/kitazawa/kitazawa.egg-info to /home/kitazawa/ros2_ws/install/kitazawa/lib/python3.8/site-packages/kitazawa-0.0.0-py3.8.egg-info
running install_scripts
writing list of installed files to '/home/kitazawa/ros2_ws/build/kitazawa/install.log'
