[4.269s] Invoking command in '/home/kitazawa/ros2_ws/src/my_package': PYTHONPATH=/home/kitazawa/ros2_ws/build/my_package/prefix_override:/usr/lib/python3/dist-packages/colcon_core/task/python/colcon_distutils_commands:/home/kitazawa/ros2_ws/install/my_package/lib/python3.8/site-packages:${PYTHONPATH} /usr/bin/python3 -W ignore:setup.py install is deprecated -W ignore:easy_install command is deprecated setup.py egg_info --egg-base ../../build/my_package build --build-base /home/kitazawa/ros2_ws/build/my_package/build install --record /home/kitazawa/ros2_ws/build/my_package/install.log --install-scripts $base/lib/my_package --single-version-externally-managed install_data
[5.193s] running egg_info
[5.200s] writing ../../build/my_package/my_package.egg-info/PKG-INFO
[5.200s] writing dependency_links to ../../build/my_package/my_package.egg-info/dependency_links.txt
[5.200s] writing entry points to ../../build/my_package/my_package.egg-info/entry_points.txt
[5.227s] writing requirements to ../../build/my_package/my_package.egg-info/requires.txt
[5.243s] writing top-level names to ../../build/my_package/my_package.egg-info/top_level.txt
[5.306s] reading manifest file '../../build/my_package/my_package.egg-info/SOURCES.txt'
[5.308s] writing manifest file '../../build/my_package/my_package.egg-info/SOURCES.txt'
[5.309s] running build
[5.309s] running build_py
[5.312s] running install
[5.313s] running install_lib
[5.317s] running install_data
[5.318s] running install_egg_info
[5.324s] removing '/home/kitazawa/ros2_ws/install/my_package/lib/python3.8/site-packages/my_package-0.0.0-py3.8.egg-info' (and everything under it)
[5.329s] Copying ../../build/my_package/my_package.egg-info to /home/kitazawa/ros2_ws/install/my_package/lib/python3.8/site-packages/my_package-0.0.0-py3.8.egg-info
[5.357s] running install_scripts
[5.416s] writing list of installed files to '/home/kitazawa/ros2_ws/build/my_package/install.log'
[5.456s] Invoked command in '/home/kitazawa/ros2_ws/src/my_package' returned '0': PYTHONPATH=/home/kitazawa/ros2_ws/build/my_package/prefix_override:/usr/lib/python3/dist-packages/colcon_core/task/python/colcon_distutils_commands:/home/kitazawa/ros2_ws/install/my_package/lib/python3.8/site-packages:${PYTHONPATH} /usr/bin/python3 -W ignore:setup.py install is deprecated -W ignore:easy_install command is deprecated setup.py egg_info --egg-base ../../build/my_package build --build-base /home/kitazawa/ros2_ws/build/my_package/build install --record /home/kitazawa/ros2_ws/build/my_package/install.log --install-scripts $base/lib/my_package --single-version-externally-managed install_data
