[1.006s] Invoking command in '/home/kitazawa/ros2_ws/src/kitazawa': PYTHONPATH=/home/kitazawa/ros2_ws/build/kitazawa/prefix_override:/usr/lib/python3/dist-packages/colcon_core/task/python/colcon_distutils_commands:/home/kitazawa/ros2_ws/install/kitazawa/lib/python3.8/site-packages:${PYTHONPATH} /usr/bin/python3 -W ignore:setup.py install is deprecated -W ignore:easy_install command is deprecated setup.py egg_info --egg-base ../../build/kitazawa build --build-base /home/kitazawa/ros2_ws/build/kitazawa/build install --record /home/kitazawa/ros2_ws/build/kitazawa/install.log --install-scripts $base/lib/kitazawa --single-version-externally-managed install_data
[1.355s] running egg_info
[1.355s] writing ../../build/kitazawa/kitazawa.egg-info/PKG-INFO
[1.356s] writing dependency_links to ../../build/kitazawa/kitazawa.egg-info/dependency_links.txt
[1.356s] writing entry points to ../../build/kitazawa/kitazawa.egg-info/entry_points.txt
[1.357s] writing requirements to ../../build/kitazawa/kitazawa.egg-info/requires.txt
[1.357s] writing top-level names to ../../build/kitazawa/kitazawa.egg-info/top_level.txt
[1.391s] reading manifest file '../../build/kitazawa/kitazawa.egg-info/SOURCES.txt'
[1.393s] writing manifest file '../../build/kitazawa/kitazawa.egg-info/SOURCES.txt'
[1.393s] running build
[1.393s] running build_py
[1.393s] copying kitazawa/temperature_publisher.py -> /home/kitazawa/ros2_ws/build/kitazawa/build/lib/kitazawa
[1.394s] copying kitazawa/__init__.py -> /home/kitazawa/ros2_ws/build/kitazawa/build/lib/kitazawa
[1.395s] running install
[1.396s] running install_lib
[1.397s] copying /home/kitazawa/ros2_ws/build/kitazawa/build/lib/kitazawa/temperature_publisher.py -> /home/kitazawa/ros2_ws/install/kitazawa/lib/python3.8/site-packages/kitazawa
[1.398s] copying /home/kitazawa/ros2_ws/build/kitazawa/build/lib/kitazawa/__init__.py -> /home/kitazawa/ros2_ws/install/kitazawa/lib/python3.8/site-packages/kitazawa
[1.400s] byte-compiling /home/kitazawa/ros2_ws/install/kitazawa/lib/python3.8/site-packages/kitazawa/temperature_publisher.py to temperature_publisher.cpython-38.pyc
[1.403s] byte-compiling /home/kitazawa/ros2_ws/install/kitazawa/lib/python3.8/site-packages/kitazawa/__init__.py to __init__.cpython-38.pyc
[1.406s] running install_data
[1.406s] copying resource/kitazawa -> /home/kitazawa/ros2_ws/install/kitazawa/share/ament_index/resource_index/packages
[1.407s] copying package.xml -> /home/kitazawa/ros2_ws/install/kitazawa/share/kitazawa
[1.408s] running install_egg_info
[1.411s] removing '/home/kitazawa/ros2_ws/install/kitazawa/lib/python3.8/site-packages/kitazawa-0.0.0-py3.8.egg-info' (and everything under it)
[1.413s] Copying ../../build/kitazawa/kitazawa.egg-info to /home/kitazawa/ros2_ws/install/kitazawa/lib/python3.8/site-packages/kitazawa-0.0.0-py3.8.egg-info
[1.420s] running install_scripts
[1.442s] writing list of installed files to '/home/kitazawa/ros2_ws/build/kitazawa/install.log'
[1.464s] Invoked command in '/home/kitazawa/ros2_ws/src/kitazawa' returned '0': PYTHONPATH=/home/kitazawa/ros2_ws/build/kitazawa/prefix_override:/usr/lib/python3/dist-packages/colcon_core/task/python/colcon_distutils_commands:/home/kitazawa/ros2_ws/install/kitazawa/lib/python3.8/site-packages:${PYTHONPATH} /usr/bin/python3 -W ignore:setup.py install is deprecated -W ignore:easy_install command is deprecated setup.py egg_info --egg-base ../../build/kitazawa build --build-base /home/kitazawa/ros2_ws/build/kitazawa/build install --record /home/kitazawa/ros2_ws/build/kitazawa/install.log --install-scripts $base/lib/kitazawa --single-version-externally-managed install_data
