[0.690s] DEBUG:colcon:Command line arguments: ['/usr/bin/colcon', 'build', '--symlink-install']
[0.691s] DEBUG:colcon:Parsed command line arguments: Namespace(allow_overriding=[], ament_cmake_args=None, base_paths=['.'], build_base='build', catkin_cmake_args=None, catkin_skip_building_tests=False, cmake_args=None, cmake_clean_cache=False, cmake_clean_first=False, cmake_force_configure=False, cmake_target=None, cmake_target_skip_unavailable=False, continue_on_error=False, event_handlers=None, executor='parallel', ignore_user_meta=False, install_base='install', log_base=None, log_level=None, main=<bound method BuildVerb.main of <colcon_core.verb.build.BuildVerb object at 0x7fcaec51d190>>, merge_install=False, metas=['./colcon.meta'], packages_above=None, packages_above_and_dependencies=None, packages_above_depth=None, packages_end=None, packages_ignore=None, packages_ignore_regex=None, packages_select=None, packages_select_build_failed=False, packages_select_by_dep=None, packages_select_regex=None, packages_select_test_failures=False, packages_skip=None, packages_skip_build_finished=False, packages_skip_by_dep=None, packages_skip_regex=None, packages_skip_test_passed=False, packages_skip_up_to=None, packages_start=None, packages_up_to=None, packages_up_to_regex=None, parallel_workers=8, paths=None, symlink_install=True, test_result_base=None, verb_extension=<colcon_core.verb.build.BuildVerb object at 0x7fcaec51d190>, verb_name='build', verb_parser=<colcon_defaults.argument_parser.defaults.DefaultArgumentsDecorator object at 0x7fcaec4693d0>)
[1.264s] Level 1:colcon.colcon_core.package_discovery:discover_packages(colcon_meta) check parameters
[1.264s] Level 1:colcon.colcon_core.package_discovery:discover_packages(recursive) check parameters
[1.264s] Level 1:colcon.colcon_core.package_discovery:discover_packages(ignore) check parameters
[1.265s] Level 1:colcon.colcon_core.package_discovery:discover_packages(path) check parameters
[1.265s] Level 1:colcon.colcon_core.package_discovery:discover_packages(colcon_meta) discover
[1.265s] Level 1:colcon.colcon_core.package_discovery:discover_packages(recursive) discover
[1.265s] INFO:colcon.colcon_core.package_discovery:Crawling recursively for packages in '/home/kitazawa/ros2_ws'
[1.265s] Level 1:colcon.colcon_core.package_identification:_identify(.) by extensions ['ignore', 'ignore_ament_install']
[1.265s] Level 1:colcon.colcon_core.package_identification:_identify(.) by extension 'ignore'
[1.266s] Level 1:colcon.colcon_core.package_identification:_identify(.) by extension 'ignore_ament_install'
[1.266s] Level 1:colcon.colcon_core.package_identification:_identify(.) by extensions ['colcon_pkg']
[1.266s] Level 1:colcon.colcon_core.package_identification:_identify(.) by extension 'colcon_pkg'
[1.266s] Level 1:colcon.colcon_core.package_identification:_identify(.) by extensions ['colcon_meta']
[1.266s] Level 1:colcon.colcon_core.package_identification:_identify(.) by extension 'colcon_meta'
[1.266s] Level 1:colcon.colcon_core.package_identification:_identify(.) by extensions ['ros']
[1.266s] Level 1:colcon.colcon_core.package_identification:_identify(.) by extension 'ros'
[1.290s] Level 1:colcon.colcon_core.package_identification:_identify(.) by extensions ['cmake', 'python']
[1.290s] Level 1:colcon.colcon_core.package_identification:_identify(.) by extension 'cmake'
[1.290s] Level 1:colcon.colcon_core.package_identification:_identify(.) by extension 'python'
[1.290s] Level 1:colcon.colcon_core.package_identification:_identify(.) by extensions ['python_setup_py']
[1.290s] Level 1:colcon.colcon_core.package_identification:_identify(.) by extension 'python_setup_py'
[1.291s] Level 1:colcon.colcon_core.package_identification:_identify(build) by extensions ['ignore', 'ignore_ament_install']
[1.291s] Level 1:colcon.colcon_core.package_identification:_identify(build) by extension 'ignore'
[1.291s] Level 1:colcon.colcon_core.package_identification:_identify(build) ignored
[1.292s] Level 1:colcon.colcon_core.package_identification:_identify(install) by extensions ['ignore', 'ignore_ament_install']
[1.292s] Level 1:colcon.colcon_core.package_identification:_identify(install) by extension 'ignore'
[1.292s] Level 1:colcon.colcon_core.package_identification:_identify(install) ignored
[1.292s] Level 1:colcon.colcon_core.package_identification:_identify(log) by extensions ['ignore', 'ignore_ament_install']
[1.293s] Level 1:colcon.colcon_core.package_identification:_identify(log) by extension 'ignore'
[1.293s] Level 1:colcon.colcon_core.package_identification:_identify(log) ignored
[1.293s] Level 1:colcon.colcon_core.package_identification:_identify(src) by extensions ['ignore', 'ignore_ament_install']
[1.293s] Level 1:colcon.colcon_core.package_identification:_identify(src) by extension 'ignore'
[1.293s] Level 1:colcon.colcon_core.package_identification:_identify(src) by extension 'ignore_ament_install'
[1.293s] Level 1:colcon.colcon_core.package_identification:_identify(src) by extensions ['colcon_pkg']
[1.294s] Level 1:colcon.colcon_core.package_identification:_identify(src) by extension 'colcon_pkg'
[1.294s] Level 1:colcon.colcon_core.package_identification:_identify(src) by extensions ['colcon_meta']
[1.294s] Level 1:colcon.colcon_core.package_identification:_identify(src) by extension 'colcon_meta'
[1.294s] Level 1:colcon.colcon_core.package_identification:_identify(src) by extensions ['ros']
[1.294s] Level 1:colcon.colcon_core.package_identification:_identify(src) by extension 'ros'
[1.294s] Level 1:colcon.colcon_core.package_identification:_identify(src) by extensions ['cmake', 'python']
[1.294s] Level 1:colcon.colcon_core.package_identification:_identify(src) by extension 'cmake'
[1.294s] Level 1:colcon.colcon_core.package_identification:_identify(src) by extension 'python'
[1.295s] Level 1:colcon.colcon_core.package_identification:_identify(src) by extensions ['python_setup_py']
[1.295s] Level 1:colcon.colcon_core.package_identification:_identify(src) by extension 'python_setup_py'
[1.295s] Level 1:colcon.colcon_core.package_identification:_identify(src/kitazawa) by extensions ['ignore', 'ignore_ament_install']
[1.295s] Level 1:colcon.colcon_core.package_identification:_identify(src/kitazawa) by extension 'ignore'
[1.295s] Level 1:colcon.colcon_core.package_identification:_identify(src/kitazawa) by extension 'ignore_ament_install'
[1.296s] Level 1:colcon.colcon_core.package_identification:_identify(src/kitazawa) by extensions ['colcon_pkg']
[1.296s] Level 1:colcon.colcon_core.package_identification:_identify(src/kitazawa) by extension 'colcon_pkg'
[1.296s] Level 1:colcon.colcon_core.package_identification:_identify(src/kitazawa) by extensions ['colcon_meta']
[1.296s] Level 1:colcon.colcon_core.package_identification:_identify(src/kitazawa) by extension 'colcon_meta'
[1.296s] Level 1:colcon.colcon_core.package_identification:_identify(src/kitazawa) by extensions ['ros']
[1.296s] Level 1:colcon.colcon_core.package_identification:_identify(src/kitazawa) by extension 'ros'
[1.301s] DEBUG:colcon.colcon_core.package_identification:Package 'src/kitazawa' with type 'ros.ament_python' and name 'kitazawa'
[1.302s] Level 1:colcon.colcon_core.package_identification:_identify(src/my_cpp_demo) by extensions ['ignore', 'ignore_ament_install']
[1.302s] Level 1:colcon.colcon_core.package_identification:_identify(src/my_cpp_demo) by extension 'ignore'
[1.302s] Level 1:colcon.colcon_core.package_identification:_identify(src/my_cpp_demo) by extension 'ignore_ament_install'
[1.302s] Level 1:colcon.colcon_core.package_identification:_identify(src/my_cpp_demo) by extensions ['colcon_pkg']
[1.302s] Level 1:colcon.colcon_core.package_identification:_identify(src/my_cpp_demo) by extension 'colcon_pkg'
[1.302s] Level 1:colcon.colcon_core.package_identification:_identify(src/my_cpp_demo) by extensions ['colcon_meta']
[1.303s] Level 1:colcon.colcon_core.package_identification:_identify(src/my_cpp_demo) by extension 'colcon_meta'
[1.303s] Level 1:colcon.colcon_core.package_identification:_identify(src/my_cpp_demo) by extensions ['ros']
[1.303s] Level 1:colcon.colcon_core.package_identification:_identify(src/my_cpp_demo) by extension 'ros'
[1.305s] DEBUG:colcon.colcon_core.package_identification:Package 'src/my_cpp_demo' with type 'ros.ament_cmake' and name 'my_cpp_demo'
[1.306s] Level 1:colcon.colcon_core.package_identification:_identify(src/my_package) by extensions ['ignore', 'ignore_ament_install']
[1.306s] Level 1:colcon.colcon_core.package_identification:_identify(src/my_package) by extension 'ignore'
[1.306s] Level 1:colcon.colcon_core.package_identification:_identify(src/my_package) by extension 'ignore_ament_install'
[1.306s] Level 1:colcon.colcon_core.package_identification:_identify(src/my_package) by extensions ['colcon_pkg']
[1.307s] Level 1:colcon.colcon_core.package_identification:_identify(src/my_package) by extension 'colcon_pkg'
[1.307s] Level 1:colcon.colcon_core.package_identification:_identify(src/my_package) by extensions ['colcon_meta']
[1.307s] Level 1:colcon.colcon_core.package_identification:_identify(src/my_package) by extension 'colcon_meta'
[1.307s] Level 1:colcon.colcon_core.package_identification:_identify(src/my_package) by extensions ['ros']
[1.307s] Level 1:colcon.colcon_core.package_identification:_identify(src/my_package) by extension 'ros'
[1.308s] DEBUG:colcon.colcon_core.package_identification:Package 'src/my_package' with type 'ros.ament_python' and name 'my_package'
[1.308s] Level 1:colcon.colcon_core.package_identification:_identify(src/temperature_package) by extensions ['ignore', 'ignore_ament_install']
[1.309s] Level 1:colcon.colcon_core.package_identification:_identify(src/temperature_package) by extension 'ignore'
[1.309s] Level 1:colcon.colcon_core.package_identification:_identify(src/temperature_package) by extension 'ignore_ament_install'
[1.309s] Level 1:colcon.colcon_core.package_identification:_identify(src/temperature_package) by extensions ['colcon_pkg']
[1.309s] Level 1:colcon.colcon_core.package_identification:_identify(src/temperature_package) by extension 'colcon_pkg'
[1.309s] Level 1:colcon.colcon_core.package_identification:_identify(src/temperature_package) by extensions ['colcon_meta']
[1.309s] Level 1:colcon.colcon_core.package_identification:_identify(src/temperature_package) by extension 'colcon_meta'
[1.309s] Level 1:colcon.colcon_core.package_identification:_identify(src/temperature_package) by extensions ['ros']
[1.310s] Level 1:colcon.colcon_core.package_identification:_identify(src/temperature_package) by extension 'ros'
[1.311s] DEBUG:colcon.colcon_core.package_identification:Package 'src/temperature_package' with type 'ros.ament_python' and name 'temperature_package'
[1.311s] Level 1:colcon.colcon_core.package_discovery:discover_packages(recursive) using defaults
[1.311s] Level 1:colcon.colcon_core.package_discovery:discover_packages(ignore) discover
[1.311s] Level 1:colcon.colcon_core.package_discovery:discover_packages(ignore) using defaults
[1.311s] Level 1:colcon.colcon_core.package_discovery:discover_packages(path) discover
[1.311s] Level 1:colcon.colcon_core.package_discovery:discover_packages(path) using defaults
[1.364s] Level 1:colcon.colcon_core.package_discovery:discover_packages(prefix_path) check parameters
[1.364s] Level 1:colcon.colcon_core.package_discovery:discover_packages(prefix_path) discover
[1.375s] DEBUG:colcon.colcon_installed_package_information.package_discovery:Found 4 installed packages in /home/kitazawa/ros2_ws/install
[1.381s] DEBUG:colcon.colcon_installed_package_information.package_discovery:Found 256 installed packages in /opt/ros/foxy
[1.385s] Level 1:colcon.colcon_core.package_discovery:discover_packages(prefix_path) using defaults
[1.654s] Level 5:colcon.colcon_core.verb:set package 'kitazawa' build argument 'cmake_args' from command line to 'None'
[1.654s] Level 5:colcon.colcon_core.verb:set package 'kitazawa' build argument 'cmake_target' from command line to 'None'
[1.654s] Level 5:colcon.colcon_core.verb:set package 'kitazawa' build argument 'cmake_target_skip_unavailable' from command line to 'False'
[1.654s] Level 5:colcon.colcon_core.verb:set package 'kitazawa' build argument 'cmake_clean_cache' from command line to 'False'
[1.654s] Level 5:colcon.colcon_core.verb:set package 'kitazawa' build argument 'cmake_clean_first' from command line to 'False'
[1.654s] Level 5:colcon.colcon_core.verb:set package 'kitazawa' build argument 'cmake_force_configure' from command line to 'False'
[1.655s] Level 5:colcon.colcon_core.verb:set package 'kitazawa' build argument 'ament_cmake_args' from command line to 'None'
[1.655s] Level 5:colcon.colcon_core.verb:set package 'kitazawa' build argument 'catkin_cmake_args' from command line to 'None'
[1.655s] Level 5:colcon.colcon_core.verb:set package 'kitazawa' build argument 'catkin_skip_building_tests' from command line to 'False'
[1.655s] DEBUG:colcon.colcon_core.verb:Building package 'kitazawa' with the following arguments: {'ament_cmake_args': None, 'build_base': '/home/kitazawa/ros2_ws/build/kitazawa', 'catkin_cmake_args': None, 'catkin_skip_building_tests': False, 'cmake_args': None, 'cmake_clean_cache': False, 'cmake_clean_first': False, 'cmake_force_configure': False, 'cmake_target': None, 'cmake_target_skip_unavailable': False, 'install_base': '/home/kitazawa/ros2_ws/install/kitazawa', 'merge_install': False, 'path': '/home/kitazawa/ros2_ws/src/kitazawa', 'symlink_install': True, 'test_result_base': None}
[1.655s] Level 5:colcon.colcon_core.verb:set package 'my_cpp_demo' build argument 'cmake_args' from command line to 'None'
[1.655s] Level 5:colcon.colcon_core.verb:set package 'my_cpp_demo' build argument 'cmake_target' from command line to 'None'
[1.655s] Level 5:colcon.colcon_core.verb:set package 'my_cpp_demo' build argument 'cmake_target_skip_unavailable' from command line to 'False'
[1.656s] Level 5:colcon.colcon_core.verb:set package 'my_cpp_demo' build argument 'cmake_clean_cache' from command line to 'False'
[1.656s] Level 5:colcon.colcon_core.verb:set package 'my_cpp_demo' build argument 'cmake_clean_first' from command line to 'False'
[1.656s] Level 5:colcon.colcon_core.verb:set package 'my_cpp_demo' build argument 'cmake_force_configure' from command line to 'False'
[1.656s] Level 5:colcon.colcon_core.verb:set package 'my_cpp_demo' build argument 'ament_cmake_args' from command line to 'None'
[1.656s] Level 5:colcon.colcon_core.verb:set package 'my_cpp_demo' build argument 'catkin_cmake_args' from command line to 'None'
[1.656s] Level 5:colcon.colcon_core.verb:set package 'my_cpp_demo' build argument 'catkin_skip_building_tests' from command line to 'False'
[1.656s] DEBUG:colcon.colcon_core.verb:Building package 'my_cpp_demo' with the following arguments: {'ament_cmake_args': None, 'build_base': '/home/kitazawa/ros2_ws/build/my_cpp_demo', 'catkin_cmake_args': None, 'catkin_skip_building_tests': False, 'cmake_args': None, 'cmake_clean_cache': False, 'cmake_clean_first': False, 'cmake_force_configure': False, 'cmake_target': None, 'cmake_target_skip_unavailable': False, 'install_base': '/home/kitazawa/ros2_ws/install/my_cpp_demo', 'merge_install': False, 'path': '/home/kitazawa/ros2_ws/src/my_cpp_demo', 'symlink_install': True, 'test_result_base': None}
[1.657s] Level 5:colcon.colcon_core.verb:set package 'my_package' build argument 'cmake_args' from command line to 'None'
[1.657s] Level 5:colcon.colcon_core.verb:set package 'my_package' build argument 'cmake_target' from command line to 'None'
[1.657s] Level 5:colcon.colcon_core.verb:set package 'my_package' build argument 'cmake_target_skip_unavailable' from command line to 'False'
[1.657s] Level 5:colcon.colcon_core.verb:set package 'my_package' build argument 'cmake_clean_cache' from command line to 'False'
[1.657s] Level 5:colcon.colcon_core.verb:set package 'my_package' build argument 'cmake_clean_first' from command line to 'False'
[1.657s] Level 5:colcon.colcon_core.verb:set package 'my_package' build argument 'cmake_force_configure' from command line to 'False'
[1.657s] Level 5:colcon.colcon_core.verb:set package 'my_package' build argument 'ament_cmake_args' from command line to 'None'
[1.657s] Level 5:colcon.colcon_core.verb:set package 'my_package' build argument 'catkin_cmake_args' from command line to 'None'
[1.657s] Level 5:colcon.colcon_core.verb:set package 'my_package' build argument 'catkin_skip_building_tests' from command line to 'False'
[1.657s] DEBUG:colcon.colcon_core.verb:Building package 'my_package' with the following arguments: {'ament_cmake_args': None, 'build_base': '/home/kitazawa/ros2_ws/build/my_package', 'catkin_cmake_args': None, 'catkin_skip_building_tests': False, 'cmake_args': None, 'cmake_clean_cache': False, 'cmake_clean_first': False, 'cmake_force_configure': False, 'cmake_target': None, 'cmake_target_skip_unavailable': False, 'install_base': '/home/kitazawa/ros2_ws/install/my_package', 'merge_install': False, 'path': '/home/kitazawa/ros2_ws/src/my_package', 'symlink_install': True, 'test_result_base': None}
[1.658s] Level 5:colcon.colcon_core.verb:set package 'temperature_package' build argument 'cmake_args' from command line to 'None'
[1.658s] Level 5:colcon.colcon_core.verb:set package 'temperature_package' build argument 'cmake_target' from command line to 'None'
[1.658s] Level 5:colcon.colcon_core.verb:set package 'temperature_package' build argument 'cmake_target_skip_unavailable' from command line to 'False'
[1.658s] Level 5:colcon.colcon_core.verb:set package 'temperature_package' build argument 'cmake_clean_cache' from command line to 'False'
[1.658s] Level 5:colcon.colcon_core.verb:set package 'temperature_package' build argument 'cmake_clean_first' from command line to 'False'
[1.658s] Level 5:colcon.colcon_core.verb:set package 'temperature_package' build argument 'cmake_force_configure' from command line to 'False'
[1.658s] Level 5:colcon.colcon_core.verb:set package 'temperature_package' build argument 'ament_cmake_args' from command line to 'None'
[1.658s] Level 5:colcon.colcon_core.verb:set package 'temperature_package' build argument 'catkin_cmake_args' from command line to 'None'
[1.658s] Level 5:colcon.colcon_core.verb:set package 'temperature_package' build argument 'catkin_skip_building_tests' from command line to 'False'
[1.658s] DEBUG:colcon.colcon_core.verb:Building package 'temperature_package' with the following arguments: {'ament_cmake_args': None, 'build_base': '/home/kitazawa/ros2_ws/build/temperature_package', 'catkin_cmake_args': None, 'catkin_skip_building_tests': False, 'cmake_args': None, 'cmake_clean_cache': False, 'cmake_clean_first': False, 'cmake_force_configure': False, 'cmake_target': None, 'cmake_target_skip_unavailable': False, 'install_base': '/home/kitazawa/ros2_ws/install/temperature_package', 'merge_install': False, 'path': '/home/kitazawa/ros2_ws/src/temperature_package', 'symlink_install': True, 'test_result_base': None}
[1.658s] INFO:colcon.colcon_core.executor:Executing jobs using 'parallel' executor
[1.660s] DEBUG:colcon.colcon_parallel_executor.executor.parallel:run_until_complete
[1.660s] INFO:colcon.colcon_ros.task.ament_python.build:Building ROS package in '/home/kitazawa/ros2_ws/src/kitazawa' with build type 'ament_python'
[1.661s] Level 1:colcon.colcon_core.shell:create_environment_hook('kitazawa', 'ament_prefix_path')
[1.669s] INFO:colcon.colcon_core.plugin_system:Skipping extension 'colcon_core.shell.bat': Not used on non-Windows systems
[1.669s] INFO:colcon.colcon_core.shell:Creating environment hook '/home/kitazawa/ros2_ws/install/kitazawa/share/kitazawa/hook/ament_prefix_path.ps1'
[1.672s] INFO:colcon.colcon_core.shell:Creating environment descriptor '/home/kitazawa/ros2_ws/install/kitazawa/share/kitazawa/hook/ament_prefix_path.dsv'
[1.674s] INFO:colcon.colcon_core.shell:Creating environment hook '/home/kitazawa/ros2_ws/install/kitazawa/share/kitazawa/hook/ament_prefix_path.sh'
[1.677s] INFO:colcon.colcon_core.shell:Skip shell extension 'powershell' for command environment: Not usable outside of PowerShell
[1.677s] DEBUG:colcon.colcon_core.shell:Skip shell extension 'dsv' for command environment
[1.713s] INFO:colcon.colcon_ros.task.ament_cmake.build:Building ROS package in '/home/kitazawa/ros2_ws/src/my_cpp_demo' with build type 'ament_cmake'
[1.714s] INFO:colcon.colcon_cmake.task.cmake.build:Building CMake package in '/home/kitazawa/ros2_ws/src/my_cpp_demo'
[1.715s] INFO:colcon.colcon_core.shell:Skip shell extension 'powershell' for command environment: Not usable outside of PowerShell
[1.716s] DEBUG:colcon.colcon_core.shell:Skip shell extension 'dsv' for command environment
[1.750s] INFO:colcon.colcon_ros.task.ament_python.build:Building ROS package in '/home/kitazawa/ros2_ws/src/my_package' with build type 'ament_python'
[1.751s] Level 1:colcon.colcon_core.shell:create_environment_hook('my_package', 'ament_prefix_path')
[1.752s] INFO:colcon.colcon_core.shell:Creating environment hook '/home/kitazawa/ros2_ws/install/my_package/share/my_package/hook/ament_prefix_path.ps1'
[1.755s] INFO:colcon.colcon_core.shell:Creating environment descriptor '/home/kitazawa/ros2_ws/install/my_package/share/my_package/hook/ament_prefix_path.dsv'
[1.756s] INFO:colcon.colcon_core.shell:Creating environment hook '/home/kitazawa/ros2_ws/install/my_package/share/my_package/hook/ament_prefix_path.sh'
[1.759s] INFO:colcon.colcon_core.shell:Skip shell extension 'powershell' for command environment: Not usable outside of PowerShell
[1.759s] DEBUG:colcon.colcon_core.shell:Skip shell extension 'dsv' for command environment
[1.797s] INFO:colcon.colcon_ros.task.ament_python.build:Building ROS package in '/home/kitazawa/ros2_ws/src/temperature_package' with build type 'ament_python'
[1.798s] Level 1:colcon.colcon_core.shell:create_environment_hook('temperature_package', 'ament_prefix_path')
[1.800s] INFO:colcon.colcon_core.shell:Creating environment hook '/home/kitazawa/ros2_ws/install/temperature_package/share/temperature_package/hook/ament_prefix_path.ps1'
[1.803s] INFO:colcon.colcon_core.shell:Creating environment descriptor '/home/kitazawa/ros2_ws/install/temperature_package/share/temperature_package/hook/ament_prefix_path.dsv'
[1.805s] INFO:colcon.colcon_core.shell:Creating environment hook '/home/kitazawa/ros2_ws/install/temperature_package/share/temperature_package/hook/ament_prefix_path.sh'
[1.808s] INFO:colcon.colcon_core.shell:Skip shell extension 'powershell' for command environment: Not usable outside of PowerShell
[1.808s] DEBUG:colcon.colcon_core.shell:Skip shell extension 'dsv' for command environment
[2.655s] WARNING:colcon.colcon_ros.task.ament_python.build:Package 'kitazawa' doesn't explicitly install a marker in the package index (colcon-ros currently does it implicitly but that fallback will be removed in the future)
[2.657s] WARNING:colcon.colcon_ros.task.ament_python.build:Package 'kitazawa' doesn't explicitly install the 'package.xml' file (colcon-ros currently does it implicitly but that fallback will be removed in the future)
[2.657s] INFO:colcon.colcon_core.task.python.build:Building Python package in '/home/kitazawa/ros2_ws/src/kitazawa'
[2.659s] INFO:colcon.colcon_core.shell:Skip shell extension 'powershell' for command environment: Not usable outside of PowerShell
[2.659s] DEBUG:colcon.colcon_core.shell:Skip shell extension 'dsv' for command environment
[2.753s] DEBUG:colcon.colcon_core.event_handler.log_command:Invoking command in '/home/kitazawa/ros2_ws/build/my_cpp_demo': CMAKE_PREFIX_PATH=${CMAKE_PREFIX_PATH}:/home/kitazawa/ros2_ws/install/temperature_package:/home/kitazawa/ros2_ws/install/my_package:/home/kitazawa/ros2_ws/install/kitazawa:/opt/ros/foxy WSLENV=ELECTRON_RUN_AS_NODE/w: /usr/bin/cmake --build /home/kitazawa/ros2_ws/build/my_cpp_demo -- -j8 -l8
[3.605s] INFO:colcon.colcon_core.task.python.build:Building Python package in '/home/kitazawa/ros2_ws/src/my_package'
[3.606s] INFO:colcon.colcon_core.shell:Skip shell extension 'powershell' for command environment: Not usable outside of PowerShell
[3.606s] DEBUG:colcon.colcon_core.shell:Skip shell extension 'dsv' for command environment
[4.402s] INFO:colcon.colcon_core.task.python.build:Building Python package in '/home/kitazawa/ros2_ws/src/temperature_package'
[4.404s] INFO:colcon.colcon_core.shell:Skip shell extension 'powershell' for command environment: Not usable outside of PowerShell
[4.404s] DEBUG:colcon.colcon_core.shell:Skip shell extension 'dsv' for command environment
[4.473s] DEBUG:colcon.colcon_core.event_handler.log_command:Invoked command in '/home/kitazawa/ros2_ws/build/my_cpp_demo' returned '0': CMAKE_PREFIX_PATH=${CMAKE_PREFIX_PATH}:/home/kitazawa/ros2_ws/install/temperature_package:/home/kitazawa/ros2_ws/install/my_package:/home/kitazawa/ros2_ws/install/kitazawa:/opt/ros/foxy WSLENV=ELECTRON_RUN_AS_NODE/w: /usr/bin/cmake --build /home/kitazawa/ros2_ws/build/my_cpp_demo -- -j8 -l8
[4.544s] DEBUG:colcon.colcon_core.event_handler.log_command:Invoking command in '/home/kitazawa/ros2_ws/build/my_cpp_demo': CMAKE_PREFIX_PATH=${CMAKE_PREFIX_PATH}:/home/kitazawa/ros2_ws/install/temperature_package:/home/kitazawa/ros2_ws/install/my_package:/home/kitazawa/ros2_ws/install/kitazawa:/opt/ros/foxy WSLENV=ELECTRON_RUN_AS_NODE/w: /usr/bin/cmake --install /home/kitazawa/ros2_ws/build/my_cpp_demo
[4.739s] Level 1:colcon.colcon_core.environment:create_environment_scripts_only(my_cpp_demo)
[4.741s] DEBUG:colcon.colcon_core.event_handler.log_command:Invoked command in '/home/kitazawa/ros2_ws/build/my_cpp_demo' returned '0': CMAKE_PREFIX_PATH=${CMAKE_PREFIX_PATH}:/home/kitazawa/ros2_ws/install/temperature_package:/home/kitazawa/ros2_ws/install/my_package:/home/kitazawa/ros2_ws/install/kitazawa:/opt/ros/foxy WSLENV=ELECTRON_RUN_AS_NODE/w: /usr/bin/cmake --install /home/kitazawa/ros2_ws/build/my_cpp_demo
[4.753s] Level 1:colcon.colcon_core.environment:checking '/home/kitazawa/ros2_ws/install/my_cpp_demo' for CMake module files
[4.757s] Level 1:colcon.colcon_core.environment:checking '/home/kitazawa/ros2_ws/install/my_cpp_demo' for CMake config files
[4.761s] Level 1:colcon.colcon_core.shell:create_environment_hook('my_cpp_demo', 'cmake_prefix_path')
[4.761s] INFO:colcon.colcon_core.shell:Creating environment hook '/home/kitazawa/ros2_ws/install/my_cpp_demo/share/my_cpp_demo/hook/cmake_prefix_path.ps1'
[4.763s] INFO:colcon.colcon_core.shell:Creating environment descriptor '/home/kitazawa/ros2_ws/install/my_cpp_demo/share/my_cpp_demo/hook/cmake_prefix_path.dsv'
[4.764s] INFO:colcon.colcon_core.shell:Creating environment hook '/home/kitazawa/ros2_ws/install/my_cpp_demo/share/my_cpp_demo/hook/cmake_prefix_path.sh'
[4.768s] Level 1:colcon.colcon_core.environment:checking '/home/kitazawa/ros2_ws/install/my_cpp_demo/bin'
[4.768s] Level 1:colcon.colcon_core.environment:checking '/home/kitazawa/ros2_ws/install/my_cpp_demo/lib/pkgconfig/my_cpp_demo.pc'
[4.769s] Level 1:colcon.colcon_core.environment:checking '/home/kitazawa/ros2_ws/install/my_cpp_demo/lib/python3.8/site-packages'
[4.770s] Level 1:colcon.colcon_core.environment:checking '/home/kitazawa/ros2_ws/install/my_cpp_demo/bin'
[4.771s] INFO:colcon.colcon_core.shell:Creating package script '/home/kitazawa/ros2_ws/install/my_cpp_demo/share/my_cpp_demo/package.ps1'
[4.775s] INFO:colcon.colcon_core.shell:Creating package descriptor '/home/kitazawa/ros2_ws/install/my_cpp_demo/share/my_cpp_demo/package.dsv'
[4.778s] INFO:colcon.colcon_core.shell:Creating package script '/home/kitazawa/ros2_ws/install/my_cpp_demo/share/my_cpp_demo/package.sh'
[4.781s] INFO:colcon.colcon_core.shell:Creating package script '/home/kitazawa/ros2_ws/install/my_cpp_demo/share/my_cpp_demo/package.bash'
[4.784s] INFO:colcon.colcon_core.shell:Creating package script '/home/kitazawa/ros2_ws/install/my_cpp_demo/share/my_cpp_demo/package.zsh'
[4.787s] Level 1:colcon.colcon_core.environment:create_file_with_runtime_dependencies(/home/kitazawa/ros2_ws/install/my_cpp_demo/share/colcon-core/packages/my_cpp_demo)
[4.790s] Level 1:colcon.colcon_core.environment:create_environment_scripts_only(my_cpp_demo)
[4.791s] Level 1:colcon.colcon_core.environment:checking '/home/kitazawa/ros2_ws/install/my_cpp_demo' for CMake module files
[4.794s] Level 1:colcon.colcon_core.environment:checking '/home/kitazawa/ros2_ws/install/my_cpp_demo' for CMake config files
[4.798s] Level 1:colcon.colcon_core.shell:create_environment_hook('my_cpp_demo', 'cmake_prefix_path')
[4.799s] INFO:colcon.colcon_core.shell:Creating environment hook '/home/kitazawa/ros2_ws/install/my_cpp_demo/share/my_cpp_demo/hook/cmake_prefix_path.ps1'
[4.801s] INFO:colcon.colcon_core.shell:Creating environment descriptor '/home/kitazawa/ros2_ws/install/my_cpp_demo/share/my_cpp_demo/hook/cmake_prefix_path.dsv'
[4.803s] INFO:colcon.colcon_core.shell:Creating environment hook '/home/kitazawa/ros2_ws/install/my_cpp_demo/share/my_cpp_demo/hook/cmake_prefix_path.sh'
[4.805s] Level 1:colcon.colcon_core.environment:checking '/home/kitazawa/ros2_ws/install/my_cpp_demo/bin'
[4.805s] Level 1:colcon.colcon_core.environment:checking '/home/kitazawa/ros2_ws/install/my_cpp_demo/lib/pkgconfig/my_cpp_demo.pc'
[4.806s] Level 1:colcon.colcon_core.environment:checking '/home/kitazawa/ros2_ws/install/my_cpp_demo/lib/python3.8/site-packages'
[4.807s] Level 1:colcon.colcon_core.environment:checking '/home/kitazawa/ros2_ws/install/my_cpp_demo/bin'
[4.808s] INFO:colcon.colcon_core.shell:Creating package script '/home/kitazawa/ros2_ws/install/my_cpp_demo/share/my_cpp_demo/package.ps1'
[4.810s] INFO:colcon.colcon_core.shell:Creating package descriptor '/home/kitazawa/ros2_ws/install/my_cpp_demo/share/my_cpp_demo/package.dsv'
[4.812s] INFO:colcon.colcon_core.shell:Creating package script '/home/kitazawa/ros2_ws/install/my_cpp_demo/share/my_cpp_demo/package.sh'
[4.814s] INFO:colcon.colcon_core.shell:Creating package script '/home/kitazawa/ros2_ws/install/my_cpp_demo/share/my_cpp_demo/package.bash'
[4.816s] INFO:colcon.colcon_core.shell:Creating package script '/home/kitazawa/ros2_ws/install/my_cpp_demo/share/my_cpp_demo/package.zsh'
[4.817s] Level 1:colcon.colcon_core.environment:create_file_with_runtime_dependencies(/home/kitazawa/ros2_ws/install/my_cpp_demo/share/colcon-core/packages/my_cpp_demo)
[6.066s] DEBUG:colcon.colcon_core.event_handler.log_command:Invoking command in '/home/kitazawa/ros2_ws/build/kitazawa': PYTHONPATH=/home/kitazawa/ros2_ws/build/kitazawa/prefix_override:/usr/lib/python3/dist-packages/colcon_core/task/python/colcon_distutils_commands:/home/kitazawa/ros2_ws/install/kitazawa/lib/python3.8/site-packages:${PYTHONPATH} WSLENV=ELECTRON_RUN_AS_NODE/w: /usr/bin/python3 -W ignore:setup.py install is deprecated -W ignore:easy_install command is deprecated setup.py develop --editable --build-directory /home/kitazawa/ros2_ws/build/kitazawa/build --no-deps
[6.141s] DEBUG:colcon.colcon_core.event_handler.log_command:Invoking command in '/home/kitazawa/ros2_ws/build/my_package': PYTHONPATH=/home/kitazawa/ros2_ws/build/my_package/prefix_override:/usr/lib/python3/dist-packages/colcon_core/task/python/colcon_distutils_commands:/home/kitazawa/ros2_ws/install/my_package/lib/python3.8/site-packages:${PYTHONPATH} WSLENV=ELECTRON_RUN_AS_NODE/w: /usr/bin/python3 -W ignore:setup.py install is deprecated -W ignore:easy_install command is deprecated setup.py develop --editable --build-directory /home/kitazawa/ros2_ws/build/my_package/build --no-deps symlink_data
[6.171s] DEBUG:colcon.colcon_core.event_handler.log_command:Invoking command in '/home/kitazawa/ros2_ws/build/temperature_package': PYTHONPATH=/home/kitazawa/ros2_ws/build/temperature_package/prefix_override:/usr/lib/python3/dist-packages/colcon_core/task/python/colcon_distutils_commands:/home/kitazawa/ros2_ws/install/temperature_package/lib/python3.8/site-packages:${PYTHONPATH} WSLENV=ELECTRON_RUN_AS_NODE/w: /usr/bin/python3 -W ignore:setup.py install is deprecated -W ignore:easy_install command is deprecated setup.py develop --editable --build-directory /home/kitazawa/ros2_ws/build/temperature_package/build --no-deps symlink_data
[8.064s] Level 1:colcon.colcon_core.shell:create_environment_hook('kitazawa', 'pythonpath_develop')
[8.065s] INFO:colcon.colcon_core.shell:Creating environment hook '/home/kitazawa/ros2_ws/build/kitazawa/share/kitazawa/hook/pythonpath_develop.ps1'
[8.068s] INFO:colcon.colcon_core.shell:Creating environment descriptor '/home/kitazawa/ros2_ws/build/kitazawa/share/kitazawa/hook/pythonpath_develop.dsv'
[8.069s] DEBUG:colcon.colcon_core.event_handler.log_command:Invoked command in '/home/kitazawa/ros2_ws/build/kitazawa' returned '0': PYTHONPATH=/home/kitazawa/ros2_ws/build/kitazawa/prefix_override:/usr/lib/python3/dist-packages/colcon_core/task/python/colcon_distutils_commands:/home/kitazawa/ros2_ws/install/kitazawa/lib/python3.8/site-packages:${PYTHONPATH} WSLENV=ELECTRON_RUN_AS_NODE/w: /usr/bin/python3 -W ignore:setup.py install is deprecated -W ignore:easy_install command is deprecated setup.py develop --editable --build-directory /home/kitazawa/ros2_ws/build/kitazawa/build --no-deps
[8.070s] INFO:colcon.colcon_core.shell:Creating environment hook '/home/kitazawa/ros2_ws/build/kitazawa/share/kitazawa/hook/pythonpath_develop.sh'
[8.072s] Level 1:colcon.colcon_core.environment:checking '/home/kitazawa/ros2_ws/install/kitazawa' for CMake module files
[8.076s] Level 1:colcon.colcon_core.environment:checking '/home/kitazawa/ros2_ws/install/kitazawa' for CMake config files
[8.091s] Level 1:colcon.colcon_core.environment:checking '/home/kitazawa/ros2_ws/install/kitazawa/lib'
[8.092s] Level 1:colcon.colcon_core.environment:checking '/home/kitazawa/ros2_ws/install/kitazawa/bin'
[8.092s] Level 1:colcon.colcon_core.environment:checking '/home/kitazawa/ros2_ws/install/kitazawa/lib/pkgconfig/kitazawa.pc'
[8.093s] Level 1:colcon.colcon_core.environment:checking '/home/kitazawa/ros2_ws/install/kitazawa/lib/python3.8/site-packages'
[8.093s] Level 1:colcon.colcon_core.shell:create_environment_hook('kitazawa', 'pythonpath')
[8.094s] INFO:colcon.colcon_core.shell:Creating environment hook '/home/kitazawa/ros2_ws/install/kitazawa/share/kitazawa/hook/pythonpath.ps1'
[8.096s] INFO:colcon.colcon_core.shell:Creating environment descriptor '/home/kitazawa/ros2_ws/install/kitazawa/share/kitazawa/hook/pythonpath.dsv'
[8.097s] INFO:colcon.colcon_core.shell:Creating environment hook '/home/kitazawa/ros2_ws/install/kitazawa/share/kitazawa/hook/pythonpath.sh'
[8.099s] Level 1:colcon.colcon_core.environment:checking '/home/kitazawa/ros2_ws/install/kitazawa/bin'
[8.099s] Level 1:colcon.colcon_core.environment:create_environment_scripts_only(kitazawa)
[8.100s] INFO:colcon.colcon_core.shell:Creating package script '/home/kitazawa/ros2_ws/install/kitazawa/share/kitazawa/package.ps1'
[8.103s] INFO:colcon.colcon_core.shell:Creating package descriptor '/home/kitazawa/ros2_ws/install/kitazawa/share/kitazawa/package.dsv'
[8.106s] INFO:colcon.colcon_core.shell:Creating package script '/home/kitazawa/ros2_ws/install/kitazawa/share/kitazawa/package.sh'
[8.110s] INFO:colcon.colcon_core.shell:Creating package script '/home/kitazawa/ros2_ws/install/kitazawa/share/kitazawa/package.bash'
[8.113s] INFO:colcon.colcon_core.shell:Creating package script '/home/kitazawa/ros2_ws/install/kitazawa/share/kitazawa/package.zsh'
[8.116s] Level 1:colcon.colcon_core.environment:create_file_with_runtime_dependencies(/home/kitazawa/ros2_ws/install/kitazawa/share/colcon-core/packages/kitazawa)
[8.161s] Level 1:colcon.colcon_core.shell:create_environment_hook('my_package', 'pythonpath_develop')
[8.162s] INFO:colcon.colcon_core.shell:Creating environment hook '/home/kitazawa/ros2_ws/build/my_package/share/my_package/hook/pythonpath_develop.ps1'
[8.164s] DEBUG:colcon.colcon_core.event_handler.log_command:Invoked command in '/home/kitazawa/ros2_ws/build/my_package' returned '0': PYTHONPATH=/home/kitazawa/ros2_ws/build/my_package/prefix_override:/usr/lib/python3/dist-packages/colcon_core/task/python/colcon_distutils_commands:/home/kitazawa/ros2_ws/install/my_package/lib/python3.8/site-packages:${PYTHONPATH} WSLENV=ELECTRON_RUN_AS_NODE/w: /usr/bin/python3 -W ignore:setup.py install is deprecated -W ignore:easy_install command is deprecated setup.py develop --editable --build-directory /home/kitazawa/ros2_ws/build/my_package/build --no-deps symlink_data
[8.166s] INFO:colcon.colcon_core.shell:Creating environment descriptor '/home/kitazawa/ros2_ws/build/my_package/share/my_package/hook/pythonpath_develop.dsv'
[8.167s] INFO:colcon.colcon_core.shell:Creating environment hook '/home/kitazawa/ros2_ws/build/my_package/share/my_package/hook/pythonpath_develop.sh'
[8.169s] Level 1:colcon.colcon_core.environment:checking '/home/kitazawa/ros2_ws/install/my_package' for CMake module files
[8.173s] Level 1:colcon.colcon_core.environment:checking '/home/kitazawa/ros2_ws/install/my_package' for CMake config files
[8.177s] Level 1:colcon.colcon_core.environment:checking '/home/kitazawa/ros2_ws/install/my_package/lib'
[8.178s] Level 1:colcon.colcon_core.environment:checking '/home/kitazawa/ros2_ws/install/my_package/bin'
[8.178s] Level 1:colcon.colcon_core.environment:checking '/home/kitazawa/ros2_ws/install/my_package/lib/pkgconfig/my_package.pc'
[8.178s] Level 1:colcon.colcon_core.environment:checking '/home/kitazawa/ros2_ws/install/my_package/lib/python3.8/site-packages'
[8.179s] Level 1:colcon.colcon_core.shell:create_environment_hook('my_package', 'pythonpath')
[8.179s] INFO:colcon.colcon_core.shell:Creating environment hook '/home/kitazawa/ros2_ws/install/my_package/share/my_package/hook/pythonpath.ps1'
[8.181s] INFO:colcon.colcon_core.shell:Creating environment descriptor '/home/kitazawa/ros2_ws/install/my_package/share/my_package/hook/pythonpath.dsv'
[8.183s] INFO:colcon.colcon_core.shell:Creating environment hook '/home/kitazawa/ros2_ws/install/my_package/share/my_package/hook/pythonpath.sh'
[8.186s] Level 1:colcon.colcon_core.environment:checking '/home/kitazawa/ros2_ws/install/my_package/bin'
[8.187s] Level 1:colcon.colcon_core.environment:create_environment_scripts_only(my_package)
[8.188s] INFO:colcon.colcon_core.shell:Creating package script '/home/kitazawa/ros2_ws/install/my_package/share/my_package/package.ps1'
[8.191s] INFO:colcon.colcon_core.shell:Creating package descriptor '/home/kitazawa/ros2_ws/install/my_package/share/my_package/package.dsv'
[8.193s] INFO:colcon.colcon_core.shell:Creating package script '/home/kitazawa/ros2_ws/install/my_package/share/my_package/package.sh'
[8.196s] INFO:colcon.colcon_core.shell:Creating package script '/home/kitazawa/ros2_ws/install/my_package/share/my_package/package.bash'
[8.197s] INFO:colcon.colcon_core.shell:Creating package script '/home/kitazawa/ros2_ws/install/my_package/share/my_package/package.zsh'
[8.199s] Level 1:colcon.colcon_core.environment:create_file_with_runtime_dependencies(/home/kitazawa/ros2_ws/install/my_package/share/colcon-core/packages/my_package)
[8.203s] Level 1:colcon.colcon_core.shell:create_environment_hook('temperature_package', 'pythonpath_develop')
[8.204s] INFO:colcon.colcon_core.shell:Creating environment hook '/home/kitazawa/ros2_ws/build/temperature_package/share/temperature_package/hook/pythonpath_develop.ps1'
[8.206s] INFO:colcon.colcon_core.shell:Creating environment descriptor '/home/kitazawa/ros2_ws/build/temperature_package/share/temperature_package/hook/pythonpath_develop.dsv'
[8.208s] INFO:colcon.colcon_core.shell:Creating environment hook '/home/kitazawa/ros2_ws/build/temperature_package/share/temperature_package/hook/pythonpath_develop.sh'
[8.211s] Level 1:colcon.colcon_core.environment:checking '/home/kitazawa/ros2_ws/install/temperature_package' for CMake module files
[8.213s] Level 1:colcon.colcon_core.environment:checking '/home/kitazawa/ros2_ws/install/temperature_package' for CMake config files
[8.217s] DEBUG:colcon.colcon_core.event_handler.log_command:Invoked command in '/home/kitazawa/ros2_ws/build/temperature_package' returned '0': PYTHONPATH=/home/kitazawa/ros2_ws/build/temperature_package/prefix_override:/usr/lib/python3/dist-packages/colcon_core/task/python/colcon_distutils_commands:/home/kitazawa/ros2_ws/install/temperature_package/lib/python3.8/site-packages:${PYTHONPATH} WSLENV=ELECTRON_RUN_AS_NODE/w: /usr/bin/python3 -W ignore:setup.py install is deprecated -W ignore:easy_install command is deprecated setup.py develop --editable --build-directory /home/kitazawa/ros2_ws/build/temperature_package/build --no-deps symlink_data
[8.221s] Level 1:colcon.colcon_core.environment:checking '/home/kitazawa/ros2_ws/install/temperature_package/lib'
[8.222s] Level 1:colcon.colcon_core.environment:checking '/home/kitazawa/ros2_ws/install/temperature_package/bin'
[8.223s] Level 1:colcon.colcon_core.environment:checking '/home/kitazawa/ros2_ws/install/temperature_package/lib/pkgconfig/temperature_package.pc'
[8.223s] Level 1:colcon.colcon_core.environment:checking '/home/kitazawa/ros2_ws/install/temperature_package/lib/python3.8/site-packages'
[8.224s] Level 1:colcon.colcon_core.shell:create_environment_hook('temperature_package', 'pythonpath')
[8.224s] INFO:colcon.colcon_core.shell:Creating environment hook '/home/kitazawa/ros2_ws/install/temperature_package/share/temperature_package/hook/pythonpath.ps1'
[8.226s] INFO:colcon.colcon_core.shell:Creating environment descriptor '/home/kitazawa/ros2_ws/install/temperature_package/share/temperature_package/hook/pythonpath.dsv'
[8.228s] INFO:colcon.colcon_core.shell:Creating environment hook '/home/kitazawa/ros2_ws/install/temperature_package/share/temperature_package/hook/pythonpath.sh'
[8.231s] Level 1:colcon.colcon_core.environment:checking '/home/kitazawa/ros2_ws/install/temperature_package/bin'
[8.232s] Level 1:colcon.colcon_core.environment:create_environment_scripts_only(temperature_package)
[8.233s] INFO:colcon.colcon_core.shell:Creating package script '/home/kitazawa/ros2_ws/install/temperature_package/share/temperature_package/package.ps1'
[8.235s] INFO:colcon.colcon_core.shell:Creating package descriptor '/home/kitazawa/ros2_ws/install/temperature_package/share/temperature_package/package.dsv'
[8.236s] INFO:colcon.colcon_core.shell:Creating package script '/home/kitazawa/ros2_ws/install/temperature_package/share/temperature_package/package.sh'
[8.238s] INFO:colcon.colcon_core.shell:Creating package script '/home/kitazawa/ros2_ws/install/temperature_package/share/temperature_package/package.bash'
[8.240s] INFO:colcon.colcon_core.shell:Creating package script '/home/kitazawa/ros2_ws/install/temperature_package/share/temperature_package/package.zsh'
[8.242s] Level 1:colcon.colcon_core.environment:create_file_with_runtime_dependencies(/home/kitazawa/ros2_ws/install/temperature_package/share/colcon-core/packages/temperature_package)
[8.243s] DEBUG:colcon.colcon_parallel_executor.executor.parallel:closing loop
[8.245s] DEBUG:colcon.colcon_parallel_executor.executor.parallel:loop closed
[8.245s] DEBUG:colcon.colcon_parallel_executor.executor.parallel:run_until_complete finished with '0'
[8.245s] DEBUG:colcon.colcon_core.event_reactor:joining thread
[8.284s] INFO:colcon.colcon_core.plugin_system:Skipping extension 'colcon_notification.desktop_notification.notify_send': Could not find 'notify-send'
[8.284s] INFO:colcon.colcon_core.plugin_system:Skipping extension 'colcon_notification.desktop_notification.terminal_notifier': Not used on non-Darwin systems
[8.284s] INFO:colcon.colcon_core.plugin_system:Skipping extension 'colcon_notification.desktop_notification.win32': Not used on non-Windows systems
[8.285s] INFO:colcon.colcon_notification.desktop_notification:Sending desktop notification using 'notify2'
[8.285s] DEBUG:colcon.colcon_notification.desktop_notification.notify2:Failed to initialize notify2: org.freedesktop.DBus.Error.NotSupported: Unable to autolaunch a dbus-daemon without a $DISPLAY for X11
[8.285s] DEBUG:colcon.colcon_core.event_reactor:joined thread
[8.286s] INFO:colcon.colcon_core.shell:Creating prefix script '/home/kitazawa/ros2_ws/install/local_setup.ps1'
[8.289s] INFO:colcon.colcon_core.shell:Creating prefix util module '/home/kitazawa/ros2_ws/install/_local_setup_util_ps1.py'
[8.293s] INFO:colcon.colcon_core.shell:Creating prefix chain script '/home/kitazawa/ros2_ws/install/setup.ps1'
[8.299s] INFO:colcon.colcon_core.shell:Creating prefix script '/home/kitazawa/ros2_ws/install/local_setup.sh'
[8.302s] INFO:colcon.colcon_core.shell:Creating prefix util module '/home/kitazawa/ros2_ws/install/_local_setup_util_sh.py'
[8.304s] INFO:colcon.colcon_core.shell:Creating prefix chain script '/home/kitazawa/ros2_ws/install/setup.sh'
[8.311s] INFO:colcon.colcon_core.shell:Creating prefix script '/home/kitazawa/ros2_ws/install/local_setup.bash'
[8.314s] INFO:colcon.colcon_core.shell:Creating prefix chain script '/home/kitazawa/ros2_ws/install/setup.bash'
[8.323s] INFO:colcon.colcon_core.shell:Creating prefix script '/home/kitazawa/ros2_ws/install/local_setup.zsh'
[8.325s] INFO:colcon.colcon_core.shell:Creating prefix chain script '/home/kitazawa/ros2_ws/install/setup.zsh'
