[1.770s] Invoking command in '/home/kitazawa/ros2_ws/my_package': PYTHONPATH=/home/kitazawa/ros2_ws/build/my_package/prefix_override:/usr/lib/python3/dist-packages/colcon_core/task/python/colcon_distutils_commands:/home/kitazawa/ros2_ws/install/my_package/lib/python3.8/site-packages:${PYTHONPATH} /usr/bin/python3 -W ignore:setup.py install is deprecated -W ignore:easy_install command is deprecated setup.py egg_info --egg-base ../build/my_package build --build-base /home/kitazawa/ros2_ws/build/my_package/build install --record /home/kitazawa/ros2_ws/build/my_package/install.log --install-scripts $base/lib/my_package --single-version-externally-managed install_data
[2.211s] running egg_info
[2.211s] creating ../build/my_package/my_package.egg-info
[2.213s] writing ../build/my_package/my_package.egg-info/PKG-INFO
[2.214s] writing dependency_links to ../build/my_package/my_package.egg-info/dependency_links.txt
[2.219s] writing entry points to ../build/my_package/my_package.egg-info/entry_points.txt
[2.219s] writing requirements to ../build/my_package/my_package.egg-info/requires.txt
[2.219s] writing top-level names to ../build/my_package/my_package.egg-info/top_level.txt
[2.224s] writing manifest file '../build/my_package/my_package.egg-info/SOURCES.txt'
[2.287s] reading manifest file '../build/my_package/my_package.egg-info/SOURCES.txt'
[2.289s] writing manifest file '../build/my_package/my_package.egg-info/SOURCES.txt'
[2.289s] running build
[2.289s] running build_py
[2.290s] creating /home/kitazawa/ros2_ws/build/my_package/build
[2.290s] creating /home/kitazawa/ros2_ws/build/my_package/build/lib
[2.290s] creating /home/kitazawa/ros2_ws/build/my_package/build/lib/my_package
[2.291s] copying my_package/__init__.py -> /home/kitazawa/ros2_ws/build/my_package/build/lib/my_package
[2.292s] running install
[2.294s] running install_lib
[2.296s] creating /home/kitazawa/ros2_ws/install/my_package/lib/python3.8/site-packages/my_package
[2.297s] copying /home/kitazawa/ros2_ws/build/my_package/build/lib/my_package/__init__.py -> /home/kitazawa/ros2_ws/install/my_package/lib/python3.8/site-packages/my_package
[2.298s] byte-compiling /home/kitazawa/ros2_ws/install/my_package/lib/python3.8/site-packages/my_package/__init__.py to __init__.cpython-38.pyc
[2.301s] running install_data
[2.302s] creating /home/kitazawa/ros2_ws/install/my_package/share/ament_index
[2.303s] creating /home/kitazawa/ros2_ws/install/my_package/share/ament_index/resource_index
[2.304s] creating /home/kitazawa/ros2_ws/install/my_package/share/ament_index/resource_index/packages
[2.304s] copying resource/my_package -> /home/kitazawa/ros2_ws/install/my_package/share/ament_index/resource_index/packages
[2.304s] copying package.xml -> /home/kitazawa/ros2_ws/install/my_package/share/my_package
[2.309s] running install_egg_info
[2.310s] Copying ../build/my_package/my_package.egg-info to /home/kitazawa/ros2_ws/install/my_package/lib/python3.8/site-packages/my_package-0.0.0-py3.8.egg-info
[2.323s] running install_scripts
[2.354s] writing list of installed files to '/home/kitazawa/ros2_ws/build/my_package/install.log'
[2.390s] Invoked command in '/home/kitazawa/ros2_ws/my_package' returned '0': PYTHONPATH=/home/kitazawa/ros2_ws/build/my_package/prefix_override:/usr/lib/python3/dist-packages/colcon_core/task/python/colcon_distutils_commands:/home/kitazawa/ros2_ws/install/my_package/lib/python3.8/site-packages:${PYTHONPATH} /usr/bin/python3 -W ignore:setup.py install is deprecated -W ignore:easy_install command is deprecated setup.py egg_info --egg-base ../build/my_package build --build-base /home/kitazawa/ros2_ws/build/my_package/build install --record /home/kitazawa/ros2_ws/build/my_package/install.log --install-scripts $base/lib/my_package --single-version-externally-managed install_data
