[0.628s] DEBUG:colcon:Command line arguments: ['/usr/bin/colcon', 'build']
[0.628s] DEBUG:colcon:Parsed command line arguments: Namespace(allow_overriding=[], ament_cmake_args=None, base_paths=['.'], build_base='build', catkin_cmake_args=None, catkin_skip_building_tests=False, cmake_args=None, cmake_clean_cache=False, cmake_clean_first=False, cmake_force_configure=False, cmake_target=None, cmake_target_skip_unavailable=False, continue_on_error=False, event_handlers=None, executor='parallel', ignore_user_meta=False, install_base='install', log_base=None, log_level=None, main=<bound method BuildVerb.main of <colcon_core.verb.build.BuildVerb object at 0x7f3eb7aecb80>>, merge_install=False, metas=['./colcon.meta'], packages_above=None, packages_above_and_dependencies=None, packages_above_depth=None, packages_end=None, packages_ignore=None, packages_ignore_regex=None, packages_select=None, packages_select_build_failed=False, packages_select_by_dep=None, packages_select_regex=None, packages_select_test_failures=False, packages_skip=None, packages_skip_build_finished=False, packages_skip_by_dep=None, packages_skip_regex=None, packages_skip_test_passed=False, packages_skip_up_to=None, packages_start=None, packages_up_to=None, packages_up_to_regex=None, parallel_workers=8, paths=None, symlink_install=False, test_result_base=None, verb_extension=<colcon_core.verb.build.BuildVerb object at 0x7f3eb7aecb80>, verb_name='build', verb_parser=<colcon_defaults.argument_parser.defaults.DefaultArgumentsDecorator object at 0x7f3eb79cedc0>)
[1.221s] Level 1:colcon.colcon_core.package_discovery:discover_packages(colcon_meta) check parameters
[1.221s] Level 1:colcon.colcon_core.package_discovery:discover_packages(recursive) check parameters
[1.221s] Level 1:colcon.colcon_core.package_discovery:discover_packages(ignore) check parameters
[1.221s] Level 1:colcon.colcon_core.package_discovery:discover_packages(path) check parameters
[1.221s] Level 1:colcon.colcon_core.package_discovery:discover_packages(colcon_meta) discover
[1.221s] Level 1:colcon.colcon_core.package_discovery:discover_packages(recursive) discover
[1.221s] INFO:colcon.colcon_core.package_discovery:Crawling recursively for packages in '/home/kitazawa/ros2_ws'
[1.222s] Level 1:colcon.colcon_core.package_identification:_identify(.) by extensions ['ignore', 'ignore_ament_install']
[1.222s] Level 1:colcon.colcon_core.package_identification:_identify(.) by extension 'ignore'
[1.222s] Level 1:colcon.colcon_core.package_identification:_identify(.) by extension 'ignore_ament_install'
[1.222s] Level 1:colcon.colcon_core.package_identification:_identify(.) by extensions ['colcon_pkg']
[1.222s] Level 1:colcon.colcon_core.package_identification:_identify(.) by extension 'colcon_pkg'
[1.223s] Level 1:colcon.colcon_core.package_identification:_identify(.) by extensions ['colcon_meta']
[1.223s] Level 1:colcon.colcon_core.package_identification:_identify(.) by extension 'colcon_meta'
[1.223s] Level 1:colcon.colcon_core.package_identification:_identify(.) by extensions ['ros']
[1.223s] Level 1:colcon.colcon_core.package_identification:_identify(.) by extension 'ros'
[1.249s] Level 1:colcon.colcon_core.package_identification:_identify(.) by extensions ['cmake', 'python']
[1.250s] Level 1:colcon.colcon_core.package_identification:_identify(.) by extension 'cmake'
[1.250s] Level 1:colcon.colcon_core.package_identification:_identify(.) by extension 'python'
[1.250s] Level 1:colcon.colcon_core.package_identification:_identify(.) by extensions ['python_setup_py']
[1.250s] Level 1:colcon.colcon_core.package_identification:_identify(.) by extension 'python_setup_py'
[1.251s] Level 1:colcon.colcon_core.package_identification:_identify(build) by extensions ['ignore', 'ignore_ament_install']
[1.251s] Level 1:colcon.colcon_core.package_identification:_identify(build) by extension 'ignore'
[1.251s] Level 1:colcon.colcon_core.package_identification:_identify(build) ignored
[1.252s] Level 1:colcon.colcon_core.package_identification:_identify(install) by extensions ['ignore', 'ignore_ament_install']
[1.252s] Level 1:colcon.colcon_core.package_identification:_identify(install) by extension 'ignore'
[1.252s] Level 1:colcon.colcon_core.package_identification:_identify(install) ignored
[1.253s] Level 1:colcon.colcon_core.package_identification:_identify(log) by extensions ['ignore', 'ignore_ament_install']
[1.253s] Level 1:colcon.colcon_core.package_identification:_identify(log) by extension 'ignore'
[1.253s] Level 1:colcon.colcon_core.package_identification:_identify(log) ignored
[1.254s] Level 1:colcon.colcon_core.package_identification:_identify(src) by extensions ['ignore', 'ignore_ament_install']
[1.254s] Level 1:colcon.colcon_core.package_identification:_identify(src) by extension 'ignore'
[1.254s] Level 1:colcon.colcon_core.package_identification:_identify(src) by extension 'ignore_ament_install'
[1.254s] Level 1:colcon.colcon_core.package_identification:_identify(src) by extensions ['colcon_pkg']
[1.255s] Level 1:colcon.colcon_core.package_identification:_identify(src) by extension 'colcon_pkg'
[1.255s] Level 1:colcon.colcon_core.package_identification:_identify(src) by extensions ['colcon_meta']
[1.255s] Level 1:colcon.colcon_core.package_identification:_identify(src) by extension 'colcon_meta'
[1.255s] Level 1:colcon.colcon_core.package_identification:_identify(src) by extensions ['ros']
[1.255s] Level 1:colcon.colcon_core.package_identification:_identify(src) by extension 'ros'
[1.256s] Level 1:colcon.colcon_core.package_identification:_identify(src) by extensions ['cmake', 'python']
[1.256s] Level 1:colcon.colcon_core.package_identification:_identify(src) by extension 'cmake'
[1.256s] Level 1:colcon.colcon_core.package_identification:_identify(src) by extension 'python'
[1.256s] Level 1:colcon.colcon_core.package_identification:_identify(src) by extensions ['python_setup_py']
[1.256s] Level 1:colcon.colcon_core.package_identification:_identify(src) by extension 'python_setup_py'
[1.257s] Level 1:colcon.colcon_core.package_identification:_identify(src/kitazawa) by extensions ['ignore', 'ignore_ament_install']
[1.257s] Level 1:colcon.colcon_core.package_identification:_identify(src/kitazawa) by extension 'ignore'
[1.257s] Level 1:colcon.colcon_core.package_identification:_identify(src/kitazawa) by extension 'ignore_ament_install'
[1.258s] Level 1:colcon.colcon_core.package_identification:_identify(src/kitazawa) by extensions ['colcon_pkg']
[1.258s] Level 1:colcon.colcon_core.package_identification:_identify(src/kitazawa) by extension 'colcon_pkg'
[1.258s] Level 1:colcon.colcon_core.package_identification:_identify(src/kitazawa) by extensions ['colcon_meta']
[1.258s] Level 1:colcon.colcon_core.package_identification:_identify(src/kitazawa) by extension 'colcon_meta'
[1.258s] Level 1:colcon.colcon_core.package_identification:_identify(src/kitazawa) by extensions ['ros']
[1.258s] Level 1:colcon.colcon_core.package_identification:_identify(src/kitazawa) by extension 'ros'
[1.265s] DEBUG:colcon.colcon_core.package_identification:Package 'src/kitazawa' with type 'ros.ament_python' and name 'kitazawa'
[1.266s] Level 1:colcon.colcon_core.package_identification:_identify(src/my_cpp_demo) by extensions ['ignore', 'ignore_ament_install']
[1.266s] Level 1:colcon.colcon_core.package_identification:_identify(src/my_cpp_demo) by extension 'ignore'
[1.266s] Level 1:colcon.colcon_core.package_identification:_identify(src/my_cpp_demo) by extension 'ignore_ament_install'
[1.267s] Level 1:colcon.colcon_core.package_identification:_identify(src/my_cpp_demo) by extensions ['colcon_pkg']
[1.267s] Level 1:colcon.colcon_core.package_identification:_identify(src/my_cpp_demo) by extension 'colcon_pkg'
[1.267s] Level 1:colcon.colcon_core.package_identification:_identify(src/my_cpp_demo) by extensions ['colcon_meta']
[1.267s] Level 1:colcon.colcon_core.package_identification:_identify(src/my_cpp_demo) by extension 'colcon_meta'
[1.267s] Level 1:colcon.colcon_core.package_identification:_identify(src/my_cpp_demo) by extensions ['ros']
[1.268s] Level 1:colcon.colcon_core.package_identification:_identify(src/my_cpp_demo) by extension 'ros'
[1.271s] DEBUG:colcon.colcon_core.package_identification:Package 'src/my_cpp_demo' with type 'ros.ament_cmake' and name 'my_cpp_demo'
[1.272s] Level 1:colcon.colcon_core.package_identification:_identify(src/my_package) by extensions ['ignore', 'ignore_ament_install']
[1.272s] Level 1:colcon.colcon_core.package_identification:_identify(src/my_package) by extension 'ignore'
[1.272s] Level 1:colcon.colcon_core.package_identification:_identify(src/my_package) by extension 'ignore_ament_install'
[1.272s] Level 1:colcon.colcon_core.package_identification:_identify(src/my_package) by extensions ['colcon_pkg']
[1.273s] Level 1:colcon.colcon_core.package_identification:_identify(src/my_package) by extension 'colcon_pkg'
[1.273s] Level 1:colcon.colcon_core.package_identification:_identify(src/my_package) by extensions ['colcon_meta']
[1.273s] Level 1:colcon.colcon_core.package_identification:_identify(src/my_package) by extension 'colcon_meta'
[1.273s] Level 1:colcon.colcon_core.package_identification:_identify(src/my_package) by extensions ['ros']
[1.273s] Level 1:colcon.colcon_core.package_identification:_identify(src/my_package) by extension 'ros'
[1.275s] DEBUG:colcon.colcon_core.package_identification:Package 'src/my_package' with type 'ros.ament_python' and name 'my_package'
[1.275s] Level 1:colcon.colcon_core.package_identification:_identify(src/temperature_package) by extensions ['ignore', 'ignore_ament_install']
[1.275s] Level 1:colcon.colcon_core.package_identification:_identify(src/temperature_package) by extension 'ignore'
[1.276s] Level 1:colcon.colcon_core.package_identification:_identify(src/temperature_package) by extension 'ignore_ament_install'
[1.276s] Level 1:colcon.colcon_core.package_identification:_identify(src/temperature_package) by extensions ['colcon_pkg']
[1.276s] Level 1:colcon.colcon_core.package_identification:_identify(src/temperature_package) by extension 'colcon_pkg'
[1.277s] Level 1:colcon.colcon_core.package_identification:_identify(src/temperature_package) by extensions ['colcon_meta']
[1.277s] Level 1:colcon.colcon_core.package_identification:_identify(src/temperature_package) by extension 'colcon_meta'
[1.277s] Level 1:colcon.colcon_core.package_identification:_identify(src/temperature_package) by extensions ['ros']
[1.277s] Level 1:colcon.colcon_core.package_identification:_identify(src/temperature_package) by extension 'ros'
[1.279s] DEBUG:colcon.colcon_core.package_identification:Package 'src/temperature_package' with type 'ros.ament_python' and name 'temperature_package'
[1.279s] Level 1:colcon.colcon_core.package_discovery:discover_packages(recursive) using defaults
[1.279s] Level 1:colcon.colcon_core.package_discovery:discover_packages(ignore) discover
[1.279s] Level 1:colcon.colcon_core.package_discovery:discover_packages(ignore) using defaults
[1.279s] Level 1:colcon.colcon_core.package_discovery:discover_packages(path) discover
[1.279s] Level 1:colcon.colcon_core.package_discovery:discover_packages(path) using defaults
[1.343s] Level 1:colcon.colcon_core.package_discovery:discover_packages(prefix_path) check parameters
[1.343s] Level 1:colcon.colcon_core.package_discovery:discover_packages(prefix_path) discover
[1.353s] DEBUG:colcon.colcon_installed_package_information.package_discovery:Found 4 installed packages in /home/kitazawa/ros2_ws/install
[1.359s] DEBUG:colcon.colcon_installed_package_information.package_discovery:Found 256 installed packages in /opt/ros/foxy
[1.363s] Level 1:colcon.colcon_core.package_discovery:discover_packages(prefix_path) using defaults
[1.659s] Level 5:colcon.colcon_core.verb:set package 'kitazawa' build argument 'cmake_args' from command line to 'None'
[1.659s] Level 5:colcon.colcon_core.verb:set package 'kitazawa' build argument 'cmake_target' from command line to 'None'
[1.660s] Level 5:colcon.colcon_core.verb:set package 'kitazawa' build argument 'cmake_target_skip_unavailable' from command line to 'False'
[1.660s] Level 5:colcon.colcon_core.verb:set package 'kitazawa' build argument 'cmake_clean_cache' from command line to 'False'
[1.660s] Level 5:colcon.colcon_core.verb:set package 'kitazawa' build argument 'cmake_clean_first' from command line to 'False'
[1.660s] Level 5:colcon.colcon_core.verb:set package 'kitazawa' build argument 'cmake_force_configure' from command line to 'False'
[1.660s] Level 5:colcon.colcon_core.verb:set package 'kitazawa' build argument 'ament_cmake_args' from command line to 'None'
[1.660s] Level 5:colcon.colcon_core.verb:set package 'kitazawa' build argument 'catkin_cmake_args' from command line to 'None'
[1.660s] Level 5:colcon.colcon_core.verb:set package 'kitazawa' build argument 'catkin_skip_building_tests' from command line to 'False'
[1.660s] DEBUG:colcon.colcon_core.verb:Building package 'kitazawa' with the following arguments: {'ament_cmake_args': None, 'build_base': '/home/kitazawa/ros2_ws/build/kitazawa', 'catkin_cmake_args': None, 'catkin_skip_building_tests': False, 'cmake_args': None, 'cmake_clean_cache': False, 'cmake_clean_first': False, 'cmake_force_configure': False, 'cmake_target': None, 'cmake_target_skip_unavailable': False, 'install_base': '/home/kitazawa/ros2_ws/install/kitazawa', 'merge_install': False, 'path': '/home/kitazawa/ros2_ws/src/kitazawa', 'symlink_install': False, 'test_result_base': None}
[1.661s] Level 5:colcon.colcon_core.verb:set package 'my_cpp_demo' build argument 'cmake_args' from command line to 'None'
[1.661s] Level 5:colcon.colcon_core.verb:set package 'my_cpp_demo' build argument 'cmake_target' from command line to 'None'
[1.661s] Level 5:colcon.colcon_core.verb:set package 'my_cpp_demo' build argument 'cmake_target_skip_unavailable' from command line to 'False'
[1.661s] Level 5:colcon.colcon_core.verb:set package 'my_cpp_demo' build argument 'cmake_clean_cache' from command line to 'False'
[1.661s] Level 5:colcon.colcon_core.verb:set package 'my_cpp_demo' build argument 'cmake_clean_first' from command line to 'False'
[1.661s] Level 5:colcon.colcon_core.verb:set package 'my_cpp_demo' build argument 'cmake_force_configure' from command line to 'False'
[1.661s] Level 5:colcon.colcon_core.verb:set package 'my_cpp_demo' build argument 'ament_cmake_args' from command line to 'None'
[1.661s] Level 5:colcon.colcon_core.verb:set package 'my_cpp_demo' build argument 'catkin_cmake_args' from command line to 'None'
[1.661s] Level 5:colcon.colcon_core.verb:set package 'my_cpp_demo' build argument 'catkin_skip_building_tests' from command line to 'False'
[1.661s] DEBUG:colcon.colcon_core.verb:Building package 'my_cpp_demo' with the following arguments: {'ament_cmake_args': None, 'build_base': '/home/kitazawa/ros2_ws/build/my_cpp_demo', 'catkin_cmake_args': None, 'catkin_skip_building_tests': False, 'cmake_args': None, 'cmake_clean_cache': False, 'cmake_clean_first': False, 'cmake_force_configure': False, 'cmake_target': None, 'cmake_target_skip_unavailable': False, 'install_base': '/home/kitazawa/ros2_ws/install/my_cpp_demo', 'merge_install': False, 'path': '/home/kitazawa/ros2_ws/src/my_cpp_demo', 'symlink_install': False, 'test_result_base': None}
[1.662s] Level 5:colcon.colcon_core.verb:set package 'my_package' build argument 'cmake_args' from command line to 'None'
[1.662s] Level 5:colcon.colcon_core.verb:set package 'my_package' build argument 'cmake_target' from command line to 'None'
[1.662s] Level 5:colcon.colcon_core.verb:set package 'my_package' build argument 'cmake_target_skip_unavailable' from command line to 'False'
[1.662s] Level 5:colcon.colcon_core.verb:set package 'my_package' build argument 'cmake_clean_cache' from command line to 'False'
[1.662s] Level 5:colcon.colcon_core.verb:set package 'my_package' build argument 'cmake_clean_first' from command line to 'False'
[1.662s] Level 5:colcon.colcon_core.verb:set package 'my_package' build argument 'cmake_force_configure' from command line to 'False'
[1.662s] Level 5:colcon.colcon_core.verb:set package 'my_package' build argument 'ament_cmake_args' from command line to 'None'
[1.662s] Level 5:colcon.colcon_core.verb:set package 'my_package' build argument 'catkin_cmake_args' from command line to 'None'
[1.662s] Level 5:colcon.colcon_core.verb:set package 'my_package' build argument 'catkin_skip_building_tests' from command line to 'False'
[1.662s] DEBUG:colcon.colcon_core.verb:Building package 'my_package' with the following arguments: {'ament_cmake_args': None, 'build_base': '/home/kitazawa/ros2_ws/build/my_package', 'catkin_cmake_args': None, 'catkin_skip_building_tests': False, 'cmake_args': None, 'cmake_clean_cache': False, 'cmake_clean_first': False, 'cmake_force_configure': False, 'cmake_target': None, 'cmake_target_skip_unavailable': False, 'install_base': '/home/kitazawa/ros2_ws/install/my_package', 'merge_install': False, 'path': '/home/kitazawa/ros2_ws/src/my_package', 'symlink_install': False, 'test_result_base': None}
[1.663s] Level 5:colcon.colcon_core.verb:set package 'temperature_package' build argument 'cmake_args' from command line to 'None'
[1.663s] Level 5:colcon.colcon_core.verb:set package 'temperature_package' build argument 'cmake_target' from command line to 'None'
[1.663s] Level 5:colcon.colcon_core.verb:set package 'temperature_package' build argument 'cmake_target_skip_unavailable' from command line to 'False'
[1.663s] Level 5:colcon.colcon_core.verb:set package 'temperature_package' build argument 'cmake_clean_cache' from command line to 'False'
[1.663s] Level 5:colcon.colcon_core.verb:set package 'temperature_package' build argument 'cmake_clean_first' from command line to 'False'
[1.663s] Level 5:colcon.colcon_core.verb:set package 'temperature_package' build argument 'cmake_force_configure' from command line to 'False'
[1.663s] Level 5:colcon.colcon_core.verb:set package 'temperature_package' build argument 'ament_cmake_args' from command line to 'None'
[1.663s] Level 5:colcon.colcon_core.verb:set package 'temperature_package' build argument 'catkin_cmake_args' from command line to 'None'
[1.663s] Level 5:colcon.colcon_core.verb:set package 'temperature_package' build argument 'catkin_skip_building_tests' from command line to 'False'
[1.664s] DEBUG:colcon.colcon_core.verb:Building package 'temperature_package' with the following arguments: {'ament_cmake_args': None, 'build_base': '/home/kitazawa/ros2_ws/build/temperature_package', 'catkin_cmake_args': None, 'catkin_skip_building_tests': False, 'cmake_args': None, 'cmake_clean_cache': False, 'cmake_clean_first': False, 'cmake_force_configure': False, 'cmake_target': None, 'cmake_target_skip_unavailable': False, 'install_base': '/home/kitazawa/ros2_ws/install/temperature_package', 'merge_install': False, 'path': '/home/kitazawa/ros2_ws/src/temperature_package', 'symlink_install': False, 'test_result_base': None}
[1.664s] INFO:colcon.colcon_core.executor:Executing jobs using 'parallel' executor
[1.665s] DEBUG:colcon.colcon_parallel_executor.executor.parallel:run_until_complete
[1.666s] INFO:colcon.colcon_ros.task.ament_python.build:Building ROS package in '/home/kitazawa/ros2_ws/src/kitazawa' with build type 'ament_python'
[1.666s] Level 1:colcon.colcon_core.shell:create_environment_hook('kitazawa', 'ament_prefix_path')
[1.677s] INFO:colcon.colcon_core.plugin_system:Skipping extension 'colcon_core.shell.bat': Not used on non-Windows systems
[1.677s] INFO:colcon.colcon_core.shell:Creating environment hook '/home/kitazawa/ros2_ws/install/kitazawa/share/kitazawa/hook/ament_prefix_path.ps1'
[1.679s] INFO:colcon.colcon_core.shell:Creating environment descriptor '/home/kitazawa/ros2_ws/install/kitazawa/share/kitazawa/hook/ament_prefix_path.dsv'
[1.680s] INFO:colcon.colcon_core.shell:Creating environment hook '/home/kitazawa/ros2_ws/install/kitazawa/share/kitazawa/hook/ament_prefix_path.sh'
[1.682s] INFO:colcon.colcon_core.shell:Skip shell extension 'powershell' for command environment: Not usable outside of PowerShell
[1.682s] DEBUG:colcon.colcon_core.shell:Skip shell extension 'dsv' for command environment
[1.710s] INFO:colcon.colcon_ros.task.ament_cmake.build:Building ROS package in '/home/kitazawa/ros2_ws/src/my_cpp_demo' with build type 'ament_cmake'
[1.712s] INFO:colcon.colcon_cmake.task.cmake.build:Building CMake package in '/home/kitazawa/ros2_ws/src/my_cpp_demo'
[1.714s] INFO:colcon.colcon_core.shell:Skip shell extension 'powershell' for command environment: Not usable outside of PowerShell
[1.715s] DEBUG:colcon.colcon_core.shell:Skip shell extension 'dsv' for command environment
[1.752s] INFO:colcon.colcon_ros.task.ament_python.build:Building ROS package in '/home/kitazawa/ros2_ws/src/my_package' with build type 'ament_python'
[1.753s] Level 1:colcon.colcon_core.shell:create_environment_hook('my_package', 'ament_prefix_path')
[1.754s] INFO:colcon.colcon_core.shell:Creating environment hook '/home/kitazawa/ros2_ws/install/my_package/share/my_package/hook/ament_prefix_path.ps1'
[1.758s] INFO:colcon.colcon_core.shell:Creating environment descriptor '/home/kitazawa/ros2_ws/install/my_package/share/my_package/hook/ament_prefix_path.dsv'
[1.760s] INFO:colcon.colcon_core.shell:Creating environment hook '/home/kitazawa/ros2_ws/install/my_package/share/my_package/hook/ament_prefix_path.sh'
[1.763s] INFO:colcon.colcon_core.shell:Skip shell extension 'powershell' for command environment: Not usable outside of PowerShell
[1.763s] DEBUG:colcon.colcon_core.shell:Skip shell extension 'dsv' for command environment
[1.792s] INFO:colcon.colcon_ros.task.ament_python.build:Building ROS package in '/home/kitazawa/ros2_ws/src/temperature_package' with build type 'ament_python'
[1.794s] Level 1:colcon.colcon_core.shell:create_environment_hook('temperature_package', 'ament_prefix_path')
[1.795s] INFO:colcon.colcon_core.shell:Creating environment hook '/home/kitazawa/ros2_ws/install/temperature_package/share/temperature_package/hook/ament_prefix_path.ps1'
[1.797s] INFO:colcon.colcon_core.shell:Creating environment descriptor '/home/kitazawa/ros2_ws/install/temperature_package/share/temperature_package/hook/ament_prefix_path.dsv'
[1.799s] INFO:colcon.colcon_core.shell:Creating environment hook '/home/kitazawa/ros2_ws/install/temperature_package/share/temperature_package/hook/ament_prefix_path.sh'
[1.801s] INFO:colcon.colcon_core.shell:Skip shell extension 'powershell' for command environment: Not usable outside of PowerShell
[1.802s] DEBUG:colcon.colcon_core.shell:Skip shell extension 'dsv' for command environment
[2.661s] INFO:colcon.colcon_core.task.python.build:Building Python package in '/home/kitazawa/ros2_ws/src/kitazawa'
[2.663s] INFO:colcon.colcon_core.shell:Skip shell extension 'powershell' for command environment: Not usable outside of PowerShell
[2.663s] DEBUG:colcon.colcon_core.shell:Skip shell extension 'dsv' for command environment
[2.741s] DEBUG:colcon.colcon_core.event_handler.log_command:Invoking command in '/home/kitazawa/ros2_ws/build/my_cpp_demo': CMAKE_PREFIX_PATH=${CMAKE_PREFIX_PATH}:/home/kitazawa/ros2_ws/install/temperature_package:/home/kitazawa/ros2_ws/install/my_package:/home/kitazawa/ros2_ws/install/kitazawa:/opt/ros/foxy /usr/bin/cmake --build /home/kitazawa/ros2_ws/build/my_cpp_demo -- -j8 -l8
[3.570s] INFO:colcon.colcon_core.task.python.build:Building Python package in '/home/kitazawa/ros2_ws/src/my_package'
[3.571s] INFO:colcon.colcon_core.shell:Skip shell extension 'powershell' for command environment: Not usable outside of PowerShell
[3.572s] DEBUG:colcon.colcon_core.shell:Skip shell extension 'dsv' for command environment
[3.632s] DEBUG:colcon.colcon_core.event_handler.log_command:Invoked command in '/home/kitazawa/ros2_ws/build/my_cpp_demo' returned '0': CMAKE_PREFIX_PATH=${CMAKE_PREFIX_PATH}:/home/kitazawa/ros2_ws/install/temperature_package:/home/kitazawa/ros2_ws/install/my_package:/home/kitazawa/ros2_ws/install/kitazawa:/opt/ros/foxy /usr/bin/cmake --build /home/kitazawa/ros2_ws/build/my_cpp_demo -- -j8 -l8
[3.698s] DEBUG:colcon.colcon_core.event_handler.log_command:Invoking command in '/home/kitazawa/ros2_ws/build/my_cpp_demo': CMAKE_PREFIX_PATH=${CMAKE_PREFIX_PATH}:/home/kitazawa/ros2_ws/install/temperature_package:/home/kitazawa/ros2_ws/install/my_package:/home/kitazawa/ros2_ws/install/kitazawa:/opt/ros/foxy /usr/bin/cmake --install /home/kitazawa/ros2_ws/build/my_cpp_demo
[4.447s] INFO:colcon.colcon_core.task.python.build:Building Python package in '/home/kitazawa/ros2_ws/src/temperature_package'
[4.448s] INFO:colcon.colcon_core.shell:Skip shell extension 'powershell' for command environment: Not usable outside of PowerShell
[4.449s] DEBUG:colcon.colcon_core.shell:Skip shell extension 'dsv' for command environment
[4.522s] Level 1:colcon.colcon_core.environment:create_environment_scripts_only(my_cpp_demo)
[4.523s] DEBUG:colcon.colcon_core.event_handler.log_command:Invoked command in '/home/kitazawa/ros2_ws/build/my_cpp_demo' returned '0': CMAKE_PREFIX_PATH=${CMAKE_PREFIX_PATH}:/home/kitazawa/ros2_ws/install/temperature_package:/home/kitazawa/ros2_ws/install/my_package:/home/kitazawa/ros2_ws/install/kitazawa:/opt/ros/foxy /usr/bin/cmake --install /home/kitazawa/ros2_ws/build/my_cpp_demo
[4.538s] Level 1:colcon.colcon_core.environment:checking '/home/kitazawa/ros2_ws/install/my_cpp_demo' for CMake module files
[4.540s] Level 1:colcon.colcon_core.environment:checking '/home/kitazawa/ros2_ws/install/my_cpp_demo' for CMake config files
[4.542s] Level 1:colcon.colcon_core.shell:create_environment_hook('my_cpp_demo', 'cmake_prefix_path')
[4.542s] INFO:colcon.colcon_core.shell:Creating environment hook '/home/kitazawa/ros2_ws/install/my_cpp_demo/share/my_cpp_demo/hook/cmake_prefix_path.ps1'
[4.544s] INFO:colcon.colcon_core.shell:Creating environment descriptor '/home/kitazawa/ros2_ws/install/my_cpp_demo/share/my_cpp_demo/hook/cmake_prefix_path.dsv'
[4.545s] INFO:colcon.colcon_core.shell:Creating environment hook '/home/kitazawa/ros2_ws/install/my_cpp_demo/share/my_cpp_demo/hook/cmake_prefix_path.sh'
[4.548s] Level 1:colcon.colcon_core.environment:checking '/home/kitazawa/ros2_ws/install/my_cpp_demo/bin'
[4.548s] Level 1:colcon.colcon_core.environment:checking '/home/kitazawa/ros2_ws/install/my_cpp_demo/lib/pkgconfig/my_cpp_demo.pc'
[4.549s] Level 1:colcon.colcon_core.environment:checking '/home/kitazawa/ros2_ws/install/my_cpp_demo/lib/python3.8/site-packages'
[4.549s] Level 1:colcon.colcon_core.environment:checking '/home/kitazawa/ros2_ws/install/my_cpp_demo/bin'
[4.550s] INFO:colcon.colcon_core.shell:Creating package script '/home/kitazawa/ros2_ws/install/my_cpp_demo/share/my_cpp_demo/package.ps1'
[4.553s] INFO:colcon.colcon_core.shell:Creating package descriptor '/home/kitazawa/ros2_ws/install/my_cpp_demo/share/my_cpp_demo/package.dsv'
[4.555s] INFO:colcon.colcon_core.shell:Creating package script '/home/kitazawa/ros2_ws/install/my_cpp_demo/share/my_cpp_demo/package.sh'
[4.557s] INFO:colcon.colcon_core.shell:Creating package script '/home/kitazawa/ros2_ws/install/my_cpp_demo/share/my_cpp_demo/package.bash'
[4.560s] INFO:colcon.colcon_core.shell:Creating package script '/home/kitazawa/ros2_ws/install/my_cpp_demo/share/my_cpp_demo/package.zsh'
[4.562s] Level 1:colcon.colcon_core.environment:create_file_with_runtime_dependencies(/home/kitazawa/ros2_ws/install/my_cpp_demo/share/colcon-core/packages/my_cpp_demo)
[4.565s] Level 1:colcon.colcon_core.environment:create_environment_scripts_only(my_cpp_demo)
[4.566s] Level 1:colcon.colcon_core.environment:checking '/home/kitazawa/ros2_ws/install/my_cpp_demo' for CMake module files
[4.569s] Level 1:colcon.colcon_core.environment:checking '/home/kitazawa/ros2_ws/install/my_cpp_demo' for CMake config files
[4.572s] Level 1:colcon.colcon_core.shell:create_environment_hook('my_cpp_demo', 'cmake_prefix_path')
[4.572s] INFO:colcon.colcon_core.shell:Creating environment hook '/home/kitazawa/ros2_ws/install/my_cpp_demo/share/my_cpp_demo/hook/cmake_prefix_path.ps1'
[4.574s] INFO:colcon.colcon_core.shell:Creating environment descriptor '/home/kitazawa/ros2_ws/install/my_cpp_demo/share/my_cpp_demo/hook/cmake_prefix_path.dsv'
[4.575s] INFO:colcon.colcon_core.shell:Creating environment hook '/home/kitazawa/ros2_ws/install/my_cpp_demo/share/my_cpp_demo/hook/cmake_prefix_path.sh'
[4.577s] Level 1:colcon.colcon_core.environment:checking '/home/kitazawa/ros2_ws/install/my_cpp_demo/bin'
[4.578s] Level 1:colcon.colcon_core.environment:checking '/home/kitazawa/ros2_ws/install/my_cpp_demo/lib/pkgconfig/my_cpp_demo.pc'
[4.578s] Level 1:colcon.colcon_core.environment:checking '/home/kitazawa/ros2_ws/install/my_cpp_demo/lib/python3.8/site-packages'
[4.579s] Level 1:colcon.colcon_core.environment:checking '/home/kitazawa/ros2_ws/install/my_cpp_demo/bin'
[4.580s] INFO:colcon.colcon_core.shell:Creating package script '/home/kitazawa/ros2_ws/install/my_cpp_demo/share/my_cpp_demo/package.ps1'
[4.581s] INFO:colcon.colcon_core.shell:Creating package descriptor '/home/kitazawa/ros2_ws/install/my_cpp_demo/share/my_cpp_demo/package.dsv'
[4.583s] INFO:colcon.colcon_core.shell:Creating package script '/home/kitazawa/ros2_ws/install/my_cpp_demo/share/my_cpp_demo/package.sh'
[4.584s] INFO:colcon.colcon_core.shell:Creating package script '/home/kitazawa/ros2_ws/install/my_cpp_demo/share/my_cpp_demo/package.bash'
[4.586s] INFO:colcon.colcon_core.shell:Creating package script '/home/kitazawa/ros2_ws/install/my_cpp_demo/share/my_cpp_demo/package.zsh'
[4.587s] Level 1:colcon.colcon_core.environment:create_file_with_runtime_dependencies(/home/kitazawa/ros2_ws/install/my_cpp_demo/share/colcon-core/packages/my_cpp_demo)
[6.076s] DEBUG:colcon.colcon_core.event_handler.log_command:Invoking command in '/home/kitazawa/ros2_ws/src/kitazawa': PYTHONPATH=/home/kitazawa/ros2_ws/build/kitazawa/prefix_override:/usr/lib/python3/dist-packages/colcon_core/task/python/colcon_distutils_commands:/home/kitazawa/ros2_ws/install/kitazawa/lib/python3.8/site-packages:${PYTHONPATH} /usr/bin/python3 -W ignore:setup.py install is deprecated -W ignore:easy_install command is deprecated setup.py egg_info --egg-base ../../build/kitazawa build --build-base /home/kitazawa/ros2_ws/build/kitazawa/build install --record /home/kitazawa/ros2_ws/build/kitazawa/install.log --install-scripts $base/lib/kitazawa --single-version-externally-managed install_data
[6.082s] DEBUG:colcon.colcon_core.event_handler.log_command:Invoking command in '/home/kitazawa/ros2_ws/src/my_package': PYTHONPATH=/home/kitazawa/ros2_ws/build/my_package/prefix_override:/usr/lib/python3/dist-packages/colcon_core/task/python/colcon_distutils_commands:/home/kitazawa/ros2_ws/install/my_package/lib/python3.8/site-packages:${PYTHONPATH} /usr/bin/python3 -W ignore:setup.py install is deprecated -W ignore:easy_install command is deprecated setup.py egg_info --egg-base ../../build/my_package build --build-base /home/kitazawa/ros2_ws/build/my_package/build install --record /home/kitazawa/ros2_ws/build/my_package/install.log --install-scripts $base/lib/my_package --single-version-externally-managed install_data
[6.128s] DEBUG:colcon.colcon_core.event_handler.log_command:Invoking command in '/home/kitazawa/ros2_ws/src/temperature_package': PYTHONPATH=/home/kitazawa/ros2_ws/build/temperature_package/prefix_override:/usr/lib/python3/dist-packages/colcon_core/task/python/colcon_distutils_commands:/home/kitazawa/ros2_ws/install/temperature_package/lib/python3.8/site-packages:${PYTHONPATH} /usr/bin/python3 -W ignore:setup.py install is deprecated -W ignore:easy_install command is deprecated setup.py egg_info --egg-base ../../build/temperature_package build --build-base /home/kitazawa/ros2_ws/build/temperature_package/build install --record /home/kitazawa/ros2_ws/build/temperature_package/install.log --install-scripts $base/lib/temperature_package --single-version-externally-managed install_data
[7.244s] Level 1:colcon.colcon_core.environment:checking '/home/kitazawa/ros2_ws/install/my_package' for CMake module files
[7.245s] DEBUG:colcon.colcon_core.event_handler.log_command:Invoked command in '/home/kitazawa/ros2_ws/src/my_package' returned '0': PYTHONPATH=/home/kitazawa/ros2_ws/build/my_package/prefix_override:/usr/lib/python3/dist-packages/colcon_core/task/python/colcon_distutils_commands:/home/kitazawa/ros2_ws/install/my_package/lib/python3.8/site-packages:${PYTHONPATH} /usr/bin/python3 -W ignore:setup.py install is deprecated -W ignore:easy_install command is deprecated setup.py egg_info --egg-base ../../build/my_package build --build-base /home/kitazawa/ros2_ws/build/my_package/build install --record /home/kitazawa/ros2_ws/build/my_package/install.log --install-scripts $base/lib/my_package --single-version-externally-managed install_data
[7.248s] Level 1:colcon.colcon_core.environment:checking '/home/kitazawa/ros2_ws/install/my_package' for CMake config files
[7.252s] Level 1:colcon.colcon_core.environment:checking '/home/kitazawa/ros2_ws/install/my_package/lib'
[7.254s] Level 1:colcon.colcon_core.environment:checking '/home/kitazawa/ros2_ws/install/my_package/bin'
[7.254s] Level 1:colcon.colcon_core.environment:checking '/home/kitazawa/ros2_ws/install/my_package/lib/pkgconfig/my_package.pc'
[7.255s] Level 1:colcon.colcon_core.environment:checking '/home/kitazawa/ros2_ws/install/my_package/lib/python3.8/site-packages'
[7.255s] Level 1:colcon.colcon_core.shell:create_environment_hook('my_package', 'pythonpath')
[7.256s] INFO:colcon.colcon_core.shell:Creating environment hook '/home/kitazawa/ros2_ws/install/my_package/share/my_package/hook/pythonpath.ps1'
[7.258s] INFO:colcon.colcon_core.shell:Creating environment descriptor '/home/kitazawa/ros2_ws/install/my_package/share/my_package/hook/pythonpath.dsv'
[7.260s] INFO:colcon.colcon_core.shell:Creating environment hook '/home/kitazawa/ros2_ws/install/my_package/share/my_package/hook/pythonpath.sh'
[7.263s] Level 1:colcon.colcon_core.environment:checking '/home/kitazawa/ros2_ws/install/my_package/bin'
[7.263s] Level 1:colcon.colcon_core.environment:create_environment_scripts_only(my_package)
[7.264s] INFO:colcon.colcon_core.shell:Creating package script '/home/kitazawa/ros2_ws/install/my_package/share/my_package/package.ps1'
[7.266s] INFO:colcon.colcon_core.shell:Creating package descriptor '/home/kitazawa/ros2_ws/install/my_package/share/my_package/package.dsv'
[7.269s] INFO:colcon.colcon_core.shell:Creating package script '/home/kitazawa/ros2_ws/install/my_package/share/my_package/package.sh'
[7.271s] INFO:colcon.colcon_core.shell:Creating package script '/home/kitazawa/ros2_ws/install/my_package/share/my_package/package.bash'
[7.274s] INFO:colcon.colcon_core.shell:Creating package script '/home/kitazawa/ros2_ws/install/my_package/share/my_package/package.zsh'
[7.275s] Level 1:colcon.colcon_core.environment:create_file_with_runtime_dependencies(/home/kitazawa/ros2_ws/install/my_package/share/colcon-core/packages/my_package)
[7.285s] Level 1:colcon.colcon_core.environment:checking '/home/kitazawa/ros2_ws/install/kitazawa' for CMake module files
[7.288s] Level 1:colcon.colcon_core.environment:checking '/home/kitazawa/ros2_ws/install/kitazawa' for CMake config files
[7.294s] Level 1:colcon.colcon_core.environment:checking '/home/kitazawa/ros2_ws/install/kitazawa/lib'
[7.294s] Level 1:colcon.colcon_core.environment:checking '/home/kitazawa/ros2_ws/install/kitazawa/bin'
[7.295s] Level 1:colcon.colcon_core.environment:checking '/home/kitazawa/ros2_ws/install/kitazawa/lib/pkgconfig/kitazawa.pc'
[7.295s] Level 1:colcon.colcon_core.environment:checking '/home/kitazawa/ros2_ws/install/kitazawa/lib/python3.8/site-packages'
[7.295s] Level 1:colcon.colcon_core.shell:create_environment_hook('kitazawa', 'pythonpath')
[7.296s] INFO:colcon.colcon_core.shell:Creating environment hook '/home/kitazawa/ros2_ws/install/kitazawa/share/kitazawa/hook/pythonpath.ps1'
[7.298s] INFO:colcon.colcon_core.shell:Creating environment descriptor '/home/kitazawa/ros2_ws/install/kitazawa/share/kitazawa/hook/pythonpath.dsv'
[7.300s] INFO:colcon.colcon_core.shell:Creating environment hook '/home/kitazawa/ros2_ws/install/kitazawa/share/kitazawa/hook/pythonpath.sh'
[7.303s] Level 1:colcon.colcon_core.environment:checking '/home/kitazawa/ros2_ws/install/kitazawa/bin'
[7.303s] Level 1:colcon.colcon_core.environment:create_environment_scripts_only(kitazawa)
[7.304s] INFO:colcon.colcon_core.shell:Creating package script '/home/kitazawa/ros2_ws/install/kitazawa/share/kitazawa/package.ps1'
[7.306s] INFO:colcon.colcon_core.shell:Creating package descriptor '/home/kitazawa/ros2_ws/install/kitazawa/share/kitazawa/package.dsv'
[7.308s] DEBUG:colcon.colcon_core.event_handler.log_command:Invoked command in '/home/kitazawa/ros2_ws/src/kitazawa' returned '0': PYTHONPATH=/home/kitazawa/ros2_ws/build/kitazawa/prefix_override:/usr/lib/python3/dist-packages/colcon_core/task/python/colcon_distutils_commands:/home/kitazawa/ros2_ws/install/kitazawa/lib/python3.8/site-packages:${PYTHONPATH} /usr/bin/python3 -W ignore:setup.py install is deprecated -W ignore:easy_install command is deprecated setup.py egg_info --egg-base ../../build/kitazawa build --build-base /home/kitazawa/ros2_ws/build/kitazawa/build install --record /home/kitazawa/ros2_ws/build/kitazawa/install.log --install-scripts $base/lib/kitazawa --single-version-externally-managed install_data
[7.310s] INFO:colcon.colcon_core.shell:Creating package script '/home/kitazawa/ros2_ws/install/kitazawa/share/kitazawa/package.sh'
[7.311s] INFO:colcon.colcon_core.shell:Creating package script '/home/kitazawa/ros2_ws/install/kitazawa/share/kitazawa/package.bash'
[7.313s] INFO:colcon.colcon_core.shell:Creating package script '/home/kitazawa/ros2_ws/install/kitazawa/share/kitazawa/package.zsh'
[7.315s] Level 1:colcon.colcon_core.environment:create_file_with_runtime_dependencies(/home/kitazawa/ros2_ws/install/kitazawa/share/colcon-core/packages/kitazawa)
[7.319s] Level 1:colcon.colcon_core.environment:checking '/home/kitazawa/ros2_ws/install/temperature_package' for CMake module files
[7.321s] Level 1:colcon.colcon_core.environment:checking '/home/kitazawa/ros2_ws/install/temperature_package' for CMake config files
[7.326s] Level 1:colcon.colcon_core.environment:checking '/home/kitazawa/ros2_ws/install/temperature_package/lib'
[7.326s] Level 1:colcon.colcon_core.environment:checking '/home/kitazawa/ros2_ws/install/temperature_package/bin'
[7.327s] Level 1:colcon.colcon_core.environment:checking '/home/kitazawa/ros2_ws/install/temperature_package/lib/pkgconfig/temperature_package.pc'
[7.327s] Level 1:colcon.colcon_core.environment:checking '/home/kitazawa/ros2_ws/install/temperature_package/lib/python3.8/site-packages'
[7.328s] Level 1:colcon.colcon_core.shell:create_environment_hook('temperature_package', 'pythonpath')
[7.328s] INFO:colcon.colcon_core.shell:Creating environment hook '/home/kitazawa/ros2_ws/install/temperature_package/share/temperature_package/hook/pythonpath.ps1'
[7.330s] INFO:colcon.colcon_core.shell:Creating environment descriptor '/home/kitazawa/ros2_ws/install/temperature_package/share/temperature_package/hook/pythonpath.dsv'
[7.332s] INFO:colcon.colcon_core.shell:Creating environment hook '/home/kitazawa/ros2_ws/install/temperature_package/share/temperature_package/hook/pythonpath.sh'
[7.334s] Level 1:colcon.colcon_core.environment:checking '/home/kitazawa/ros2_ws/install/temperature_package/bin'
[7.334s] Level 1:colcon.colcon_core.environment:create_environment_scripts_only(temperature_package)
[7.335s] INFO:colcon.colcon_core.shell:Creating package script '/home/kitazawa/ros2_ws/install/temperature_package/share/temperature_package/package.ps1'
[7.337s] INFO:colcon.colcon_core.shell:Creating package descriptor '/home/kitazawa/ros2_ws/install/temperature_package/share/temperature_package/package.dsv'
[7.339s] INFO:colcon.colcon_core.shell:Creating package script '/home/kitazawa/ros2_ws/install/temperature_package/share/temperature_package/package.sh'
[7.342s] INFO:colcon.colcon_core.shell:Creating package script '/home/kitazawa/ros2_ws/install/temperature_package/share/temperature_package/package.bash'
[7.344s] INFO:colcon.colcon_core.shell:Creating package script '/home/kitazawa/ros2_ws/install/temperature_package/share/temperature_package/package.zsh'
[7.346s] Level 1:colcon.colcon_core.environment:create_file_with_runtime_dependencies(/home/kitazawa/ros2_ws/install/temperature_package/share/colcon-core/packages/temperature_package)
[7.347s] DEBUG:colcon.colcon_parallel_executor.executor.parallel:closing loop
[7.348s] DEBUG:colcon.colcon_parallel_executor.executor.parallel:loop closed
[7.348s] DEBUG:colcon.colcon_parallel_executor.executor.parallel:run_until_complete finished with '0'
[7.348s] DEBUG:colcon.colcon_core.event_reactor:joining thread
[7.353s] DEBUG:colcon.colcon_core.event_handler.log_command:Invoked command in '/home/kitazawa/ros2_ws/src/temperature_package' returned '0': PYTHONPATH=/home/kitazawa/ros2_ws/build/temperature_package/prefix_override:/usr/lib/python3/dist-packages/colcon_core/task/python/colcon_distutils_commands:/home/kitazawa/ros2_ws/install/temperature_package/lib/python3.8/site-packages:${PYTHONPATH} /usr/bin/python3 -W ignore:setup.py install is deprecated -W ignore:easy_install command is deprecated setup.py egg_info --egg-base ../../build/temperature_package build --build-base /home/kitazawa/ros2_ws/build/temperature_package/build install --record /home/kitazawa/ros2_ws/build/temperature_package/install.log --install-scripts $base/lib/temperature_package --single-version-externally-managed install_data
[7.394s] INFO:colcon.colcon_core.plugin_system:Skipping extension 'colcon_notification.desktop_notification.notify_send': Could not find 'notify-send'
[7.394s] INFO:colcon.colcon_core.plugin_system:Skipping extension 'colcon_notification.desktop_notification.terminal_notifier': Not used on non-Darwin systems
[7.394s] INFO:colcon.colcon_core.plugin_system:Skipping extension 'colcon_notification.desktop_notification.win32': Not used on non-Windows systems
[7.395s] INFO:colcon.colcon_notification.desktop_notification:Sending desktop notification using 'notify2'
[7.395s] DEBUG:colcon.colcon_notification.desktop_notification.notify2:Failed to initialize notify2: org.freedesktop.DBus.Error.NotSupported: Unable to autolaunch a dbus-daemon without a $DISPLAY for X11
[7.395s] DEBUG:colcon.colcon_core.event_reactor:joined thread
[7.395s] INFO:colcon.colcon_core.shell:Creating prefix script '/home/kitazawa/ros2_ws/install/local_setup.ps1'
[7.398s] INFO:colcon.colcon_core.shell:Creating prefix util module '/home/kitazawa/ros2_ws/install/_local_setup_util_ps1.py'
[7.401s] INFO:colcon.colcon_core.shell:Creating prefix chain script '/home/kitazawa/ros2_ws/install/setup.ps1'
[7.405s] INFO:colcon.colcon_core.shell:Creating prefix script '/home/kitazawa/ros2_ws/install/local_setup.sh'
[7.407s] INFO:colcon.colcon_core.shell:Creating prefix util module '/home/kitazawa/ros2_ws/install/_local_setup_util_sh.py'
[7.410s] INFO:colcon.colcon_core.shell:Creating prefix chain script '/home/kitazawa/ros2_ws/install/setup.sh'
[7.415s] INFO:colcon.colcon_core.shell:Creating prefix script '/home/kitazawa/ros2_ws/install/local_setup.bash'
[7.418s] INFO:colcon.colcon_core.shell:Creating prefix chain script '/home/kitazawa/ros2_ws/install/setup.bash'
[7.424s] INFO:colcon.colcon_core.shell:Creating prefix script '/home/kitazawa/ros2_ws/install/local_setup.zsh'
[7.426s] INFO:colcon.colcon_core.shell:Creating prefix chain script '/home/kitazawa/ros2_ws/install/setup.zsh'
