[1.040s] DEBUG:colcon:Command line arguments: ['/usr/bin/colcon', 'build', '--symlink-install']
[1.041s] DEBUG:colcon:Parsed command line arguments: Namespace(allow_overriding=[], ament_cmake_args=None, base_paths=['.'], build_base='build', catkin_cmake_args=None, catkin_skip_building_tests=False, cmake_args=None, cmake_clean_cache=False, cmake_clean_first=False, cmake_force_configure=False, cmake_target=None, cmake_target_skip_unavailable=False, continue_on_error=False, event_handlers=None, executor='parallel', ignore_user_meta=False, install_base='install', log_base=None, log_level=None, main=<bound method BuildVerb.main of <colcon_core.verb.build.BuildVerb object at 0x7f459155cc40>>, merge_install=False, metas=['./colcon.meta'], packages_above=None, packages_above_and_dependencies=None, packages_above_depth=None, packages_end=None, packages_ignore=None, packages_ignore_regex=None, packages_select=None, packages_select_build_failed=False, packages_select_by_dep=None, packages_select_regex=None, packages_select_test_failures=False, packages_skip=None, packages_skip_build_finished=False, packages_skip_by_dep=None, packages_skip_regex=None, packages_skip_test_passed=False, packages_skip_up_to=None, packages_start=None, packages_up_to=None, packages_up_to_regex=None, parallel_workers=8, paths=None, symlink_install=True, test_result_base=None, verb_extension=<colcon_core.verb.build.BuildVerb object at 0x7f459155cc40>, verb_name='build', verb_parser=<colcon_defaults.argument_parser.defaults.DefaultArgumentsDecorator object at 0x7f459143ee80>)
[1.743s] Level 1:colcon.colcon_core.package_discovery:discover_packages(colcon_meta) check parameters
[1.744s] Level 1:colcon.colcon_core.package_discovery:discover_packages(recursive) check parameters
[1.744s] Level 1:colcon.colcon_core.package_discovery:discover_packages(ignore) check parameters
[1.744s] Level 1:colcon.colcon_core.package_discovery:discover_packages(path) check parameters
[1.744s] Level 1:colcon.colcon_core.package_discovery:discover_packages(colcon_meta) discover
[1.744s] Level 1:colcon.colcon_core.package_discovery:discover_packages(recursive) discover
[1.744s] INFO:colcon.colcon_core.package_discovery:Crawling recursively for packages in '/home/kitazawa/ros2_ws'
[1.745s] Level 1:colcon.colcon_core.package_identification:_identify(.) by extensions ['ignore', 'ignore_ament_install']
[1.745s] Level 1:colcon.colcon_core.package_identification:_identify(.) by extension 'ignore'
[1.745s] Level 1:colcon.colcon_core.package_identification:_identify(.) by extension 'ignore_ament_install'
[1.745s] Level 1:colcon.colcon_core.package_identification:_identify(.) by extensions ['colcon_pkg']
[1.746s] Level 1:colcon.colcon_core.package_identification:_identify(.) by extension 'colcon_pkg'
[1.746s] Level 1:colcon.colcon_core.package_identification:_identify(.) by extensions ['colcon_meta']
[1.746s] Level 1:colcon.colcon_core.package_identification:_identify(.) by extension 'colcon_meta'
[1.746s] Level 1:colcon.colcon_core.package_identification:_identify(.) by extensions ['ros']
[1.746s] Level 1:colcon.colcon_core.package_identification:_identify(.) by extension 'ros'
[1.786s] Level 1:colcon.colcon_core.package_identification:_identify(.) by extensions ['cmake', 'python']
[1.786s] Level 1:colcon.colcon_core.package_identification:_identify(.) by extension 'cmake'
[1.786s] Level 1:colcon.colcon_core.package_identification:_identify(.) by extension 'python'
[1.786s] Level 1:colcon.colcon_core.package_identification:_identify(.) by extensions ['python_setup_py']
[1.786s] Level 1:colcon.colcon_core.package_identification:_identify(.) by extension 'python_setup_py'
[1.787s] Level 1:colcon.colcon_core.package_identification:_identify(build) by extensions ['ignore', 'ignore_ament_install']
[1.787s] Level 1:colcon.colcon_core.package_identification:_identify(build) by extension 'ignore'
[1.788s] Level 1:colcon.colcon_core.package_identification:_identify(build) ignored
[1.788s] Level 1:colcon.colcon_core.package_identification:_identify(install) by extensions ['ignore', 'ignore_ament_install']
[1.788s] Level 1:colcon.colcon_core.package_identification:_identify(install) by extension 'ignore'
[1.789s] Level 1:colcon.colcon_core.package_identification:_identify(install) ignored
[1.789s] Level 1:colcon.colcon_core.package_identification:_identify(log) by extensions ['ignore', 'ignore_ament_install']
[1.790s] Level 1:colcon.colcon_core.package_identification:_identify(log) by extension 'ignore'
[1.790s] Level 1:colcon.colcon_core.package_identification:_identify(log) ignored
[1.790s] Level 1:colcon.colcon_core.package_identification:_identify(src) by extensions ['ignore', 'ignore_ament_install']
[1.790s] Level 1:colcon.colcon_core.package_identification:_identify(src) by extension 'ignore'
[1.791s] Level 1:colcon.colcon_core.package_identification:_identify(src) by extension 'ignore_ament_install'
[1.791s] Level 1:colcon.colcon_core.package_identification:_identify(src) by extensions ['colcon_pkg']
[1.791s] Level 1:colcon.colcon_core.package_identification:_identify(src) by extension 'colcon_pkg'
[1.791s] Level 1:colcon.colcon_core.package_identification:_identify(src) by extensions ['colcon_meta']
[1.791s] Level 1:colcon.colcon_core.package_identification:_identify(src) by extension 'colcon_meta'
[1.792s] Level 1:colcon.colcon_core.package_identification:_identify(src) by extensions ['ros']
[1.792s] Level 1:colcon.colcon_core.package_identification:_identify(src) by extension 'ros'
[1.792s] Level 1:colcon.colcon_core.package_identification:_identify(src) by extensions ['cmake', 'python']
[1.792s] Level 1:colcon.colcon_core.package_identification:_identify(src) by extension 'cmake'
[1.792s] Level 1:colcon.colcon_core.package_identification:_identify(src) by extension 'python'
[1.793s] Level 1:colcon.colcon_core.package_identification:_identify(src) by extensions ['python_setup_py']
[1.793s] Level 1:colcon.colcon_core.package_identification:_identify(src) by extension 'python_setup_py'
[1.793s] Level 1:colcon.colcon_core.package_identification:_identify(src/kitazawa) by extensions ['ignore', 'ignore_ament_install']
[1.794s] Level 1:colcon.colcon_core.package_identification:_identify(src/kitazawa) by extension 'ignore'
[1.794s] Level 1:colcon.colcon_core.package_identification:_identify(src/kitazawa) by extension 'ignore_ament_install'
[1.794s] Level 1:colcon.colcon_core.package_identification:_identify(src/kitazawa) by extensions ['colcon_pkg']
[1.794s] Level 1:colcon.colcon_core.package_identification:_identify(src/kitazawa) by extension 'colcon_pkg'
[1.794s] Level 1:colcon.colcon_core.package_identification:_identify(src/kitazawa) by extensions ['colcon_meta']
[1.794s] Level 1:colcon.colcon_core.package_identification:_identify(src/kitazawa) by extension 'colcon_meta'
[1.795s] Level 1:colcon.colcon_core.package_identification:_identify(src/kitazawa) by extensions ['ros']
[1.795s] Level 1:colcon.colcon_core.package_identification:_identify(src/kitazawa) by extension 'ros'
[1.804s] DEBUG:colcon.colcon_core.package_identification:Package 'src/kitazawa' with type 'ros.ament_python' and name 'kitazawa'
[1.805s] Level 1:colcon.colcon_core.package_identification:_identify(src/my_cpp_demo) by extensions ['ignore', 'ignore_ament_install']
[1.806s] Level 1:colcon.colcon_core.package_identification:_identify(src/my_cpp_demo) by extension 'ignore'
[1.806s] Level 1:colcon.colcon_core.package_identification:_identify(src/my_cpp_demo) by extension 'ignore_ament_install'
[1.807s] Level 1:colcon.colcon_core.package_identification:_identify(src/my_cpp_demo) by extensions ['colcon_pkg']
[1.807s] Level 1:colcon.colcon_core.package_identification:_identify(src/my_cpp_demo) by extension 'colcon_pkg'
[1.807s] Level 1:colcon.colcon_core.package_identification:_identify(src/my_cpp_demo) by extensions ['colcon_meta']
[1.807s] Level 1:colcon.colcon_core.package_identification:_identify(src/my_cpp_demo) by extension 'colcon_meta'
[1.807s] Level 1:colcon.colcon_core.package_identification:_identify(src/my_cpp_demo) by extensions ['ros']
[1.807s] Level 1:colcon.colcon_core.package_identification:_identify(src/my_cpp_demo) by extension 'ros'
[1.811s] DEBUG:colcon.colcon_core.package_identification:Package 'src/my_cpp_demo' with type 'ros.ament_cmake' and name 'my_cpp_demo'
[1.812s] Level 1:colcon.colcon_core.package_identification:_identify(src/my_package) by extensions ['ignore', 'ignore_ament_install']
[1.812s] Level 1:colcon.colcon_core.package_identification:_identify(src/my_package) by extension 'ignore'
[1.813s] Level 1:colcon.colcon_core.package_identification:_identify(src/my_package) by extension 'ignore_ament_install'
[1.813s] Level 1:colcon.colcon_core.package_identification:_identify(src/my_package) by extensions ['colcon_pkg']
[1.813s] Level 1:colcon.colcon_core.package_identification:_identify(src/my_package) by extension 'colcon_pkg'
[1.813s] Level 1:colcon.colcon_core.package_identification:_identify(src/my_package) by extensions ['colcon_meta']
[1.813s] Level 1:colcon.colcon_core.package_identification:_identify(src/my_package) by extension 'colcon_meta'
[1.813s] Level 1:colcon.colcon_core.package_identification:_identify(src/my_package) by extensions ['ros']
[1.814s] Level 1:colcon.colcon_core.package_identification:_identify(src/my_package) by extension 'ros'
[1.816s] DEBUG:colcon.colcon_core.package_identification:Package 'src/my_package' with type 'ros.ament_python' and name 'my_package'
[1.816s] Level 1:colcon.colcon_core.package_identification:_identify(src/temperature_package) by extensions ['ignore', 'ignore_ament_install']
[1.817s] Level 1:colcon.colcon_core.package_identification:_identify(src/temperature_package) by extension 'ignore'
[1.817s] Level 1:colcon.colcon_core.package_identification:_identify(src/temperature_package) by extension 'ignore_ament_install'
[1.817s] Level 1:colcon.colcon_core.package_identification:_identify(src/temperature_package) by extensions ['colcon_pkg']
[1.818s] Level 1:colcon.colcon_core.package_identification:_identify(src/temperature_package) by extension 'colcon_pkg'
[1.818s] Level 1:colcon.colcon_core.package_identification:_identify(src/temperature_package) by extensions ['colcon_meta']
[1.818s] Level 1:colcon.colcon_core.package_identification:_identify(src/temperature_package) by extension 'colcon_meta'
[1.818s] Level 1:colcon.colcon_core.package_identification:_identify(src/temperature_package) by extensions ['ros']
[1.818s] Level 1:colcon.colcon_core.package_identification:_identify(src/temperature_package) by extension 'ros'
[1.821s] DEBUG:colcon.colcon_core.package_identification:Package 'src/temperature_package' with type 'ros.ament_python' and name 'temperature_package'
[1.821s] Level 1:colcon.colcon_core.package_discovery:discover_packages(recursive) using defaults
[1.821s] Level 1:colcon.colcon_core.package_discovery:discover_packages(ignore) discover
[1.822s] Level 1:colcon.colcon_core.package_discovery:discover_packages(ignore) using defaults
[1.822s] Level 1:colcon.colcon_core.package_discovery:discover_packages(path) discover
[1.822s] Level 1:colcon.colcon_core.package_discovery:discover_packages(path) using defaults
[1.894s] Level 1:colcon.colcon_core.package_discovery:discover_packages(prefix_path) check parameters
[1.895s] Level 1:colcon.colcon_core.package_discovery:discover_packages(prefix_path) discover
[1.906s] DEBUG:colcon.colcon_installed_package_information.package_discovery:Found 4 installed packages in /home/kitazawa/ros2_ws/install
[1.911s] DEBUG:colcon.colcon_installed_package_information.package_discovery:Found 256 installed packages in /opt/ros/foxy
[1.914s] Level 1:colcon.colcon_core.package_discovery:discover_packages(prefix_path) using defaults
[2.181s] Level 5:colcon.colcon_core.verb:set package 'kitazawa' build argument 'cmake_args' from command line to 'None'
[2.181s] Level 5:colcon.colcon_core.verb:set package 'kitazawa' build argument 'cmake_target' from command line to 'None'
[2.181s] Level 5:colcon.colcon_core.verb:set package 'kitazawa' build argument 'cmake_target_skip_unavailable' from command line to 'False'
[2.182s] Level 5:colcon.colcon_core.verb:set package 'kitazawa' build argument 'cmake_clean_cache' from command line to 'False'
[2.182s] Level 5:colcon.colcon_core.verb:set package 'kitazawa' build argument 'cmake_clean_first' from command line to 'False'
[2.182s] Level 5:colcon.colcon_core.verb:set package 'kitazawa' build argument 'cmake_force_configure' from command line to 'False'
[2.182s] Level 5:colcon.colcon_core.verb:set package 'kitazawa' build argument 'ament_cmake_args' from command line to 'None'
[2.182s] Level 5:colcon.colcon_core.verb:set package 'kitazawa' build argument 'catkin_cmake_args' from command line to 'None'
[2.182s] Level 5:colcon.colcon_core.verb:set package 'kitazawa' build argument 'catkin_skip_building_tests' from command line to 'False'
[2.182s] DEBUG:colcon.colcon_core.verb:Building package 'kitazawa' with the following arguments: {'ament_cmake_args': None, 'build_base': '/home/kitazawa/ros2_ws/build/kitazawa', 'catkin_cmake_args': None, 'catkin_skip_building_tests': False, 'cmake_args': None, 'cmake_clean_cache': False, 'cmake_clean_first': False, 'cmake_force_configure': False, 'cmake_target': None, 'cmake_target_skip_unavailable': False, 'install_base': '/home/kitazawa/ros2_ws/install/kitazawa', 'merge_install': False, 'path': '/home/kitazawa/ros2_ws/src/kitazawa', 'symlink_install': True, 'test_result_base': None}
[2.183s] Level 5:colcon.colcon_core.verb:set package 'my_cpp_demo' build argument 'cmake_args' from command line to 'None'
[2.183s] Level 5:colcon.colcon_core.verb:set package 'my_cpp_demo' build argument 'cmake_target' from command line to 'None'
[2.183s] Level 5:colcon.colcon_core.verb:set package 'my_cpp_demo' build argument 'cmake_target_skip_unavailable' from command line to 'False'
[2.183s] Level 5:colcon.colcon_core.verb:set package 'my_cpp_demo' build argument 'cmake_clean_cache' from command line to 'False'
[2.183s] Level 5:colcon.colcon_core.verb:set package 'my_cpp_demo' build argument 'cmake_clean_first' from command line to 'False'
[2.183s] Level 5:colcon.colcon_core.verb:set package 'my_cpp_demo' build argument 'cmake_force_configure' from command line to 'False'
[2.183s] Level 5:colcon.colcon_core.verb:set package 'my_cpp_demo' build argument 'ament_cmake_args' from command line to 'None'
[2.183s] Level 5:colcon.colcon_core.verb:set package 'my_cpp_demo' build argument 'catkin_cmake_args' from command line to 'None'
[2.183s] Level 5:colcon.colcon_core.verb:set package 'my_cpp_demo' build argument 'catkin_skip_building_tests' from command line to 'False'
[2.183s] DEBUG:colcon.colcon_core.verb:Building package 'my_cpp_demo' with the following arguments: {'ament_cmake_args': None, 'build_base': '/home/kitazawa/ros2_ws/build/my_cpp_demo', 'catkin_cmake_args': None, 'catkin_skip_building_tests': False, 'cmake_args': None, 'cmake_clean_cache': False, 'cmake_clean_first': False, 'cmake_force_configure': False, 'cmake_target': None, 'cmake_target_skip_unavailable': False, 'install_base': '/home/kitazawa/ros2_ws/install/my_cpp_demo', 'merge_install': False, 'path': '/home/kitazawa/ros2_ws/src/my_cpp_demo', 'symlink_install': True, 'test_result_base': None}
[2.184s] Level 5:colcon.colcon_core.verb:set package 'my_package' build argument 'cmake_args' from command line to 'None'
[2.184s] Level 5:colcon.colcon_core.verb:set package 'my_package' build argument 'cmake_target' from command line to 'None'
[2.184s] Level 5:colcon.colcon_core.verb:set package 'my_package' build argument 'cmake_target_skip_unavailable' from command line to 'False'
[2.184s] Level 5:colcon.colcon_core.verb:set package 'my_package' build argument 'cmake_clean_cache' from command line to 'False'
[2.184s] Level 5:colcon.colcon_core.verb:set package 'my_package' build argument 'cmake_clean_first' from command line to 'False'
[2.185s] Level 5:colcon.colcon_core.verb:set package 'my_package' build argument 'cmake_force_configure' from command line to 'False'
[2.185s] Level 5:colcon.colcon_core.verb:set package 'my_package' build argument 'ament_cmake_args' from command line to 'None'
[2.185s] Level 5:colcon.colcon_core.verb:set package 'my_package' build argument 'catkin_cmake_args' from command line to 'None'
[2.185s] Level 5:colcon.colcon_core.verb:set package 'my_package' build argument 'catkin_skip_building_tests' from command line to 'False'
[2.185s] DEBUG:colcon.colcon_core.verb:Building package 'my_package' with the following arguments: {'ament_cmake_args': None, 'build_base': '/home/kitazawa/ros2_ws/build/my_package', 'catkin_cmake_args': None, 'catkin_skip_building_tests': False, 'cmake_args': None, 'cmake_clean_cache': False, 'cmake_clean_first': False, 'cmake_force_configure': False, 'cmake_target': None, 'cmake_target_skip_unavailable': False, 'install_base': '/home/kitazawa/ros2_ws/install/my_package', 'merge_install': False, 'path': '/home/kitazawa/ros2_ws/src/my_package', 'symlink_install': True, 'test_result_base': None}
[2.185s] Level 5:colcon.colcon_core.verb:set package 'temperature_package' build argument 'cmake_args' from command line to 'None'
[2.186s] Level 5:colcon.colcon_core.verb:set package 'temperature_package' build argument 'cmake_target' from command line to 'None'
[2.186s] Level 5:colcon.colcon_core.verb:set package 'temperature_package' build argument 'cmake_target_skip_unavailable' from command line to 'False'
[2.186s] Level 5:colcon.colcon_core.verb:set package 'temperature_package' build argument 'cmake_clean_cache' from command line to 'False'
[2.186s] Level 5:colcon.colcon_core.verb:set package 'temperature_package' build argument 'cmake_clean_first' from command line to 'False'
[2.186s] Level 5:colcon.colcon_core.verb:set package 'temperature_package' build argument 'cmake_force_configure' from command line to 'False'
[2.186s] Level 5:colcon.colcon_core.verb:set package 'temperature_package' build argument 'ament_cmake_args' from command line to 'None'
[2.186s] Level 5:colcon.colcon_core.verb:set package 'temperature_package' build argument 'catkin_cmake_args' from command line to 'None'
[2.186s] Level 5:colcon.colcon_core.verb:set package 'temperature_package' build argument 'catkin_skip_building_tests' from command line to 'False'
[2.186s] DEBUG:colcon.colcon_core.verb:Building package 'temperature_package' with the following arguments: {'ament_cmake_args': None, 'build_base': '/home/kitazawa/ros2_ws/build/temperature_package', 'catkin_cmake_args': None, 'catkin_skip_building_tests': False, 'cmake_args': None, 'cmake_clean_cache': False, 'cmake_clean_first': False, 'cmake_force_configure': False, 'cmake_target': None, 'cmake_target_skip_unavailable': False, 'install_base': '/home/kitazawa/ros2_ws/install/temperature_package', 'merge_install': False, 'path': '/home/kitazawa/ros2_ws/src/temperature_package', 'symlink_install': True, 'test_result_base': None}
[2.187s] INFO:colcon.colcon_core.executor:Executing jobs using 'parallel' executor
[2.190s] DEBUG:colcon.colcon_parallel_executor.executor.parallel:run_until_complete
[2.191s] INFO:colcon.colcon_ros.task.ament_python.build:Building ROS package in '/home/kitazawa/ros2_ws/src/kitazawa' with build type 'ament_python'
[2.192s] Level 1:colcon.colcon_core.shell:create_environment_hook('kitazawa', 'ament_prefix_path')
[2.207s] INFO:colcon.colcon_core.plugin_system:Skipping extension 'colcon_core.shell.bat': Not used on non-Windows systems
[2.207s] INFO:colcon.colcon_core.shell:Creating environment hook '/home/kitazawa/ros2_ws/install/kitazawa/share/kitazawa/hook/ament_prefix_path.ps1'
[2.209s] INFO:colcon.colcon_core.shell:Creating environment descriptor '/home/kitazawa/ros2_ws/install/kitazawa/share/kitazawa/hook/ament_prefix_path.dsv'
[2.212s] INFO:colcon.colcon_core.shell:Creating environment hook '/home/kitazawa/ros2_ws/install/kitazawa/share/kitazawa/hook/ament_prefix_path.sh'
[2.216s] INFO:colcon.colcon_core.shell:Skip shell extension 'powershell' for command environment: Not usable outside of PowerShell
[2.216s] DEBUG:colcon.colcon_core.shell:Skip shell extension 'dsv' for command environment
[2.252s] INFO:colcon.colcon_ros.task.ament_cmake.build:Building ROS package in '/home/kitazawa/ros2_ws/src/my_cpp_demo' with build type 'ament_cmake'
[2.253s] INFO:colcon.colcon_cmake.task.cmake.build:Building CMake package in '/home/kitazawa/ros2_ws/src/my_cpp_demo'
[2.255s] INFO:colcon.colcon_core.shell:Skip shell extension 'powershell' for command environment: Not usable outside of PowerShell
[2.255s] DEBUG:colcon.colcon_core.shell:Skip shell extension 'dsv' for command environment
[2.288s] INFO:colcon.colcon_ros.task.ament_python.build:Building ROS package in '/home/kitazawa/ros2_ws/src/my_package' with build type 'ament_python'
[2.289s] Level 1:colcon.colcon_core.shell:create_environment_hook('my_package', 'ament_prefix_path')
[2.291s] INFO:colcon.colcon_core.shell:Creating environment hook '/home/kitazawa/ros2_ws/install/my_package/share/my_package/hook/ament_prefix_path.ps1'
[2.294s] INFO:colcon.colcon_core.shell:Creating environment descriptor '/home/kitazawa/ros2_ws/install/my_package/share/my_package/hook/ament_prefix_path.dsv'
[2.296s] INFO:colcon.colcon_core.shell:Creating environment hook '/home/kitazawa/ros2_ws/install/my_package/share/my_package/hook/ament_prefix_path.sh'
[2.298s] INFO:colcon.colcon_core.shell:Skip shell extension 'powershell' for command environment: Not usable outside of PowerShell
[2.299s] DEBUG:colcon.colcon_core.shell:Skip shell extension 'dsv' for command environment
[2.330s] INFO:colcon.colcon_ros.task.ament_python.build:Building ROS package in '/home/kitazawa/ros2_ws/src/temperature_package' with build type 'ament_python'
[2.334s] Level 1:colcon.colcon_core.shell:create_environment_hook('temperature_package', 'ament_prefix_path')
[2.335s] INFO:colcon.colcon_core.shell:Creating environment hook '/home/kitazawa/ros2_ws/install/temperature_package/share/temperature_package/hook/ament_prefix_path.ps1'
[2.337s] INFO:colcon.colcon_core.shell:Creating environment descriptor '/home/kitazawa/ros2_ws/install/temperature_package/share/temperature_package/hook/ament_prefix_path.dsv'
[2.339s] INFO:colcon.colcon_core.shell:Creating environment hook '/home/kitazawa/ros2_ws/install/temperature_package/share/temperature_package/hook/ament_prefix_path.sh'
[2.342s] INFO:colcon.colcon_core.shell:Skip shell extension 'powershell' for command environment: Not usable outside of PowerShell
[2.342s] DEBUG:colcon.colcon_core.shell:Skip shell extension 'dsv' for command environment
[3.201s] WARNING:colcon.colcon_ros.task.ament_python.build:Package 'kitazawa' doesn't explicitly install a marker in the package index (colcon-ros currently does it implicitly but that fallback will be removed in the future)
[3.203s] WARNING:colcon.colcon_ros.task.ament_python.build:Package 'kitazawa' doesn't explicitly install the 'package.xml' file (colcon-ros currently does it implicitly but that fallback will be removed in the future)
[3.206s] INFO:colcon.colcon_core.task.python.build:Building Python package in '/home/kitazawa/ros2_ws/src/kitazawa'
[3.207s] INFO:colcon.colcon_core.shell:Skip shell extension 'powershell' for command environment: Not usable outside of PowerShell
[3.207s] DEBUG:colcon.colcon_core.shell:Skip shell extension 'dsv' for command environment
[3.274s] DEBUG:colcon.colcon_core.event_handler.log_command:Invoking command in '/home/kitazawa/ros2_ws/build/my_cpp_demo': CMAKE_PREFIX_PATH=${CMAKE_PREFIX_PATH}:/home/kitazawa/ros2_ws/install/temperature_package:/home/kitazawa/ros2_ws/install/my_package:/home/kitazawa/ros2_ws/install/kitazawa:/opt/ros/foxy /usr/bin/cmake /home/kitazawa/ros2_ws/src/my_cpp_demo -DAMENT_CMAKE_SYMLINK_INSTALL=1 -DCMAKE_INSTALL_PREFIX=/home/kitazawa/ros2_ws/install/my_cpp_demo
[4.082s] INFO:colcon.colcon_core.task.python.build:Building Python package in '/home/kitazawa/ros2_ws/src/my_package'
[4.084s] INFO:colcon.colcon_core.shell:Skip shell extension 'powershell' for command environment: Not usable outside of PowerShell
[4.084s] DEBUG:colcon.colcon_core.shell:Skip shell extension 'dsv' for command environment
[5.048s] INFO:colcon.colcon_core.task.python.build:Building Python package in '/home/kitazawa/ros2_ws/src/temperature_package'
[5.050s] INFO:colcon.colcon_core.shell:Skip shell extension 'powershell' for command environment: Not usable outside of PowerShell
[5.050s] DEBUG:colcon.colcon_core.shell:Skip shell extension 'dsv' for command environment
[5.275s] DEBUG:colcon.colcon_core.event_handler.log_command:Invoked command in '/home/kitazawa/ros2_ws/build/my_cpp_demo' returned '0': CMAKE_PREFIX_PATH=${CMAKE_PREFIX_PATH}:/home/kitazawa/ros2_ws/install/temperature_package:/home/kitazawa/ros2_ws/install/my_package:/home/kitazawa/ros2_ws/install/kitazawa:/opt/ros/foxy /usr/bin/cmake /home/kitazawa/ros2_ws/src/my_cpp_demo -DAMENT_CMAKE_SYMLINK_INSTALL=1 -DCMAKE_INSTALL_PREFIX=/home/kitazawa/ros2_ws/install/my_cpp_demo
[5.290s] DEBUG:colcon.colcon_core.event_handler.log_command:Invoking command in '/home/kitazawa/ros2_ws/build/my_cpp_demo': CMAKE_PREFIX_PATH=${CMAKE_PREFIX_PATH}:/home/kitazawa/ros2_ws/install/temperature_package:/home/kitazawa/ros2_ws/install/my_package:/home/kitazawa/ros2_ws/install/kitazawa:/opt/ros/foxy /usr/bin/cmake --build /home/kitazawa/ros2_ws/build/my_cpp_demo -- -j8 -l8
[5.649s] DEBUG:colcon.colcon_core.event_handler.log_command:Invoked command in '/home/kitazawa/ros2_ws/build/my_cpp_demo' returned '0': CMAKE_PREFIX_PATH=${CMAKE_PREFIX_PATH}:/home/kitazawa/ros2_ws/install/temperature_package:/home/kitazawa/ros2_ws/install/my_package:/home/kitazawa/ros2_ws/install/kitazawa:/opt/ros/foxy /usr/bin/cmake --build /home/kitazawa/ros2_ws/build/my_cpp_demo -- -j8 -l8
[5.740s] DEBUG:colcon.colcon_core.event_handler.log_command:Invoking command in '/home/kitazawa/ros2_ws/build/my_cpp_demo': CMAKE_PREFIX_PATH=${CMAKE_PREFIX_PATH}:/home/kitazawa/ros2_ws/install/temperature_package:/home/kitazawa/ros2_ws/install/my_package:/home/kitazawa/ros2_ws/install/kitazawa:/opt/ros/foxy /usr/bin/cmake --install /home/kitazawa/ros2_ws/build/my_cpp_demo
[6.836s] DEBUG:colcon.colcon_core.task.python.build:While undoing a previous installation files outside the Python library path are being ignored: /home/kitazawa/ros2_ws/install/kitazawa/lib/kitazawa/temperature_publisher
[6.836s] DEBUG:colcon.colcon_core.task.python.build:While undoing a previous installation files outside the Python library path are being ignored: /home/kitazawa/ros2_ws/install/kitazawa/lib/kitazawa/temperature_simulator
[6.859s] DEBUG:colcon.colcon_core.event_handler.log_command:Invoking command in '/home/kitazawa/ros2_ws/build/kitazawa': PYTHONPATH=/home/kitazawa/ros2_ws/build/kitazawa/prefix_override:/usr/lib/python3/dist-packages/colcon_core/task/python/colcon_distutils_commands:/home/kitazawa/ros2_ws/install/kitazawa/lib/python3.8/site-packages:${PYTHONPATH} /usr/bin/python3 -W ignore:setup.py install is deprecated -W ignore:easy_install command is deprecated setup.py develop --editable --build-directory /home/kitazawa/ros2_ws/build/kitazawa/build --no-deps
[6.867s] DEBUG:colcon.colcon_core.task.python.build:While undoing a previous installation files outside the Python library path are being ignored: /home/kitazawa/ros2_ws/install/my_package/share/ament_index/resource_index/packages/my_package
[6.867s] DEBUG:colcon.colcon_core.task.python.build:While undoing a previous installation files outside the Python library path are being ignored: /home/kitazawa/ros2_ws/install/my_package/share/my_package/package.xml
[6.903s] DEBUG:colcon.colcon_core.event_handler.log_command:Invoking command in '/home/kitazawa/ros2_ws/build/my_package': PYTHONPATH=/home/kitazawa/ros2_ws/build/my_package/prefix_override:/usr/lib/python3/dist-packages/colcon_core/task/python/colcon_distutils_commands:/home/kitazawa/ros2_ws/install/my_package/lib/python3.8/site-packages:${PYTHONPATH} /usr/bin/python3 -W ignore:setup.py install is deprecated -W ignore:easy_install command is deprecated setup.py develop --editable --build-directory /home/kitazawa/ros2_ws/build/my_package/build --no-deps symlink_data --force
[6.913s] DEBUG:colcon.colcon_core.task.python.build:While undoing a previous installation files outside the Python library path are being ignored: /home/kitazawa/ros2_ws/install/temperature_package/share/ament_index/resource_index/packages/temperature_package
[6.913s] DEBUG:colcon.colcon_core.task.python.build:While undoing a previous installation files outside the Python library path are being ignored: /home/kitazawa/ros2_ws/install/temperature_package/share/temperature_package/package.xml
[6.949s] DEBUG:colcon.colcon_core.event_handler.log_command:Invoking command in '/home/kitazawa/ros2_ws/build/temperature_package': PYTHONPATH=/home/kitazawa/ros2_ws/build/temperature_package/prefix_override:/usr/lib/python3/dist-packages/colcon_core/task/python/colcon_distutils_commands:/home/kitazawa/ros2_ws/install/temperature_package/lib/python3.8/site-packages:${PYTHONPATH} /usr/bin/python3 -W ignore:setup.py install is deprecated -W ignore:easy_install command is deprecated setup.py develop --editable --build-directory /home/kitazawa/ros2_ws/build/temperature_package/build --no-deps symlink_data --force
[7.307s] Level 1:colcon.colcon_core.environment:create_environment_scripts_only(my_cpp_demo)
[7.308s] DEBUG:colcon.colcon_core.event_handler.log_command:Invoked command in '/home/kitazawa/ros2_ws/build/my_cpp_demo' returned '0': CMAKE_PREFIX_PATH=${CMAKE_PREFIX_PATH}:/home/kitazawa/ros2_ws/install/temperature_package:/home/kitazawa/ros2_ws/install/my_package:/home/kitazawa/ros2_ws/install/kitazawa:/opt/ros/foxy /usr/bin/cmake --install /home/kitazawa/ros2_ws/build/my_cpp_demo
[7.326s] Level 1:colcon.colcon_core.environment:checking '/home/kitazawa/ros2_ws/install/my_cpp_demo' for CMake module files
[7.329s] Level 1:colcon.colcon_core.environment:checking '/home/kitazawa/ros2_ws/install/my_cpp_demo' for CMake config files
[7.333s] Level 1:colcon.colcon_core.shell:create_environment_hook('my_cpp_demo', 'cmake_prefix_path')
[7.333s] INFO:colcon.colcon_core.shell:Creating environment hook '/home/kitazawa/ros2_ws/install/my_cpp_demo/share/my_cpp_demo/hook/cmake_prefix_path.ps1'
[7.335s] INFO:colcon.colcon_core.shell:Creating environment descriptor '/home/kitazawa/ros2_ws/install/my_cpp_demo/share/my_cpp_demo/hook/cmake_prefix_path.dsv'
[7.336s] INFO:colcon.colcon_core.shell:Creating environment hook '/home/kitazawa/ros2_ws/install/my_cpp_demo/share/my_cpp_demo/hook/cmake_prefix_path.sh'
[7.340s] Level 1:colcon.colcon_core.environment:checking '/home/kitazawa/ros2_ws/install/my_cpp_demo/bin'
[7.340s] Level 1:colcon.colcon_core.environment:checking '/home/kitazawa/ros2_ws/install/my_cpp_demo/lib/pkgconfig/my_cpp_demo.pc'
[7.341s] Level 1:colcon.colcon_core.environment:checking '/home/kitazawa/ros2_ws/install/my_cpp_demo/lib/python3.8/site-packages'
[7.342s] Level 1:colcon.colcon_core.environment:checking '/home/kitazawa/ros2_ws/install/my_cpp_demo/bin'
[7.342s] INFO:colcon.colcon_core.shell:Creating package script '/home/kitazawa/ros2_ws/install/my_cpp_demo/share/my_cpp_demo/package.ps1'
[7.345s] INFO:colcon.colcon_core.shell:Creating package descriptor '/home/kitazawa/ros2_ws/install/my_cpp_demo/share/my_cpp_demo/package.dsv'
[7.349s] INFO:colcon.colcon_core.shell:Creating package script '/home/kitazawa/ros2_ws/install/my_cpp_demo/share/my_cpp_demo/package.sh'
[7.352s] INFO:colcon.colcon_core.shell:Creating package script '/home/kitazawa/ros2_ws/install/my_cpp_demo/share/my_cpp_demo/package.bash'
[7.356s] INFO:colcon.colcon_core.shell:Creating package script '/home/kitazawa/ros2_ws/install/my_cpp_demo/share/my_cpp_demo/package.zsh'
[7.359s] Level 1:colcon.colcon_core.environment:create_file_with_runtime_dependencies(/home/kitazawa/ros2_ws/install/my_cpp_demo/share/colcon-core/packages/my_cpp_demo)
[7.362s] Level 1:colcon.colcon_core.environment:create_environment_scripts_only(my_cpp_demo)
[7.363s] Level 1:colcon.colcon_core.environment:checking '/home/kitazawa/ros2_ws/install/my_cpp_demo' for CMake module files
[7.367s] Level 1:colcon.colcon_core.environment:checking '/home/kitazawa/ros2_ws/install/my_cpp_demo' for CMake config files
[7.370s] Level 1:colcon.colcon_core.shell:create_environment_hook('my_cpp_demo', 'cmake_prefix_path')
[7.371s] INFO:colcon.colcon_core.shell:Creating environment hook '/home/kitazawa/ros2_ws/install/my_cpp_demo/share/my_cpp_demo/hook/cmake_prefix_path.ps1'
[7.373s] INFO:colcon.colcon_core.shell:Creating environment descriptor '/home/kitazawa/ros2_ws/install/my_cpp_demo/share/my_cpp_demo/hook/cmake_prefix_path.dsv'
[7.374s] INFO:colcon.colcon_core.shell:Creating environment hook '/home/kitazawa/ros2_ws/install/my_cpp_demo/share/my_cpp_demo/hook/cmake_prefix_path.sh'
[7.378s] Level 1:colcon.colcon_core.environment:checking '/home/kitazawa/ros2_ws/install/my_cpp_demo/bin'
[7.379s] Level 1:colcon.colcon_core.environment:checking '/home/kitazawa/ros2_ws/install/my_cpp_demo/lib/pkgconfig/my_cpp_demo.pc'
[7.380s] Level 1:colcon.colcon_core.environment:checking '/home/kitazawa/ros2_ws/install/my_cpp_demo/lib/python3.8/site-packages'
[7.380s] Level 1:colcon.colcon_core.environment:checking '/home/kitazawa/ros2_ws/install/my_cpp_demo/bin'
[7.381s] INFO:colcon.colcon_core.shell:Creating package script '/home/kitazawa/ros2_ws/install/my_cpp_demo/share/my_cpp_demo/package.ps1'
[7.414s] INFO:colcon.colcon_core.shell:Creating package descriptor '/home/kitazawa/ros2_ws/install/my_cpp_demo/share/my_cpp_demo/package.dsv'
[7.416s] INFO:colcon.colcon_core.shell:Creating package script '/home/kitazawa/ros2_ws/install/my_cpp_demo/share/my_cpp_demo/package.sh'
[7.418s] INFO:colcon.colcon_core.shell:Creating package script '/home/kitazawa/ros2_ws/install/my_cpp_demo/share/my_cpp_demo/package.bash'
[7.419s] INFO:colcon.colcon_core.shell:Creating package script '/home/kitazawa/ros2_ws/install/my_cpp_demo/share/my_cpp_demo/package.zsh'
[7.421s] Level 1:colcon.colcon_core.environment:create_file_with_runtime_dependencies(/home/kitazawa/ros2_ws/install/my_cpp_demo/share/colcon-core/packages/my_cpp_demo)
[8.956s] Level 1:colcon.colcon_core.shell:create_environment_hook('kitazawa', 'pythonpath_develop')
[8.957s] INFO:colcon.colcon_core.shell:Creating environment hook '/home/kitazawa/ros2_ws/build/kitazawa/share/kitazawa/hook/pythonpath_develop.ps1'
[8.962s] INFO:colcon.colcon_core.shell:Creating environment descriptor '/home/kitazawa/ros2_ws/build/kitazawa/share/kitazawa/hook/pythonpath_develop.dsv'
[8.965s] DEBUG:colcon.colcon_core.event_handler.log_command:Invoked command in '/home/kitazawa/ros2_ws/build/kitazawa' returned '0': PYTHONPATH=/home/kitazawa/ros2_ws/build/kitazawa/prefix_override:/usr/lib/python3/dist-packages/colcon_core/task/python/colcon_distutils_commands:/home/kitazawa/ros2_ws/install/kitazawa/lib/python3.8/site-packages:${PYTHONPATH} /usr/bin/python3 -W ignore:setup.py install is deprecated -W ignore:easy_install command is deprecated setup.py develop --editable --build-directory /home/kitazawa/ros2_ws/build/kitazawa/build --no-deps
[8.966s] INFO:colcon.colcon_core.shell:Creating environment hook '/home/kitazawa/ros2_ws/build/kitazawa/share/kitazawa/hook/pythonpath_develop.sh'
[8.969s] Level 1:colcon.colcon_core.environment:checking '/home/kitazawa/ros2_ws/install/kitazawa' for CMake module files
[8.973s] Level 1:colcon.colcon_core.environment:checking '/home/kitazawa/ros2_ws/install/kitazawa' for CMake config files
[8.977s] Level 1:colcon.colcon_core.environment:checking '/home/kitazawa/ros2_ws/install/kitazawa/lib'
[8.978s] Level 1:colcon.colcon_core.environment:checking '/home/kitazawa/ros2_ws/install/kitazawa/bin'
[8.979s] Level 1:colcon.colcon_core.environment:checking '/home/kitazawa/ros2_ws/install/kitazawa/lib/pkgconfig/kitazawa.pc'
[8.980s] Level 1:colcon.colcon_core.environment:checking '/home/kitazawa/ros2_ws/install/kitazawa/lib/python3.8/site-packages'
[8.980s] Level 1:colcon.colcon_core.shell:create_environment_hook('kitazawa', 'pythonpath')
[8.981s] INFO:colcon.colcon_core.shell:Creating environment hook '/home/kitazawa/ros2_ws/install/kitazawa/share/kitazawa/hook/pythonpath.ps1'
[8.982s] INFO:colcon.colcon_core.shell:Creating environment descriptor '/home/kitazawa/ros2_ws/install/kitazawa/share/kitazawa/hook/pythonpath.dsv'
[8.985s] INFO:colcon.colcon_core.shell:Creating environment hook '/home/kitazawa/ros2_ws/install/kitazawa/share/kitazawa/hook/pythonpath.sh'
[8.988s] Level 1:colcon.colcon_core.environment:checking '/home/kitazawa/ros2_ws/install/kitazawa/bin'
[8.988s] Level 1:colcon.colcon_core.environment:create_environment_scripts_only(kitazawa)
[8.989s] INFO:colcon.colcon_core.shell:Creating package script '/home/kitazawa/ros2_ws/install/kitazawa/share/kitazawa/package.ps1'
[8.992s] INFO:colcon.colcon_core.shell:Creating package descriptor '/home/kitazawa/ros2_ws/install/kitazawa/share/kitazawa/package.dsv'
[8.994s] INFO:colcon.colcon_core.shell:Creating package script '/home/kitazawa/ros2_ws/install/kitazawa/share/kitazawa/package.sh'
[8.996s] INFO:colcon.colcon_core.shell:Creating package script '/home/kitazawa/ros2_ws/install/kitazawa/share/kitazawa/package.bash'
[8.998s] INFO:colcon.colcon_core.shell:Creating package script '/home/kitazawa/ros2_ws/install/kitazawa/share/kitazawa/package.zsh'
[9.000s] Level 1:colcon.colcon_core.environment:create_file_with_runtime_dependencies(/home/kitazawa/ros2_ws/install/kitazawa/share/colcon-core/packages/kitazawa)
[9.006s] Level 1:colcon.colcon_core.shell:create_environment_hook('temperature_package', 'pythonpath_develop')
[9.007s] INFO:colcon.colcon_core.shell:Creating environment hook '/home/kitazawa/ros2_ws/build/temperature_package/share/temperature_package/hook/pythonpath_develop.ps1'
[9.012s] INFO:colcon.colcon_core.shell:Creating environment descriptor '/home/kitazawa/ros2_ws/build/temperature_package/share/temperature_package/hook/pythonpath_develop.dsv'
[9.014s] INFO:colcon.colcon_core.shell:Creating environment hook '/home/kitazawa/ros2_ws/build/temperature_package/share/temperature_package/hook/pythonpath_develop.sh'
[9.018s] Level 1:colcon.colcon_core.environment:checking '/home/kitazawa/ros2_ws/install/temperature_package' for CMake module files
[9.022s] Level 1:colcon.colcon_core.environment:checking '/home/kitazawa/ros2_ws/install/temperature_package' for CMake config files
[9.028s] Level 1:colcon.colcon_core.environment:checking '/home/kitazawa/ros2_ws/install/temperature_package/lib'
[9.029s] Level 1:colcon.colcon_core.environment:checking '/home/kitazawa/ros2_ws/install/temperature_package/bin'
[9.029s] Level 1:colcon.colcon_core.environment:checking '/home/kitazawa/ros2_ws/install/temperature_package/lib/pkgconfig/temperature_package.pc'
[9.030s] Level 1:colcon.colcon_core.environment:checking '/home/kitazawa/ros2_ws/install/temperature_package/lib/python3.8/site-packages'
[9.030s] Level 1:colcon.colcon_core.shell:create_environment_hook('temperature_package', 'pythonpath')
[9.030s] INFO:colcon.colcon_core.shell:Creating environment hook '/home/kitazawa/ros2_ws/install/temperature_package/share/temperature_package/hook/pythonpath.ps1'
[9.033s] INFO:colcon.colcon_core.shell:Creating environment descriptor '/home/kitazawa/ros2_ws/install/temperature_package/share/temperature_package/hook/pythonpath.dsv'
[9.035s] INFO:colcon.colcon_core.shell:Creating environment hook '/home/kitazawa/ros2_ws/install/temperature_package/share/temperature_package/hook/pythonpath.sh'
[9.038s] Level 1:colcon.colcon_core.environment:checking '/home/kitazawa/ros2_ws/install/temperature_package/bin'
[9.038s] Level 1:colcon.colcon_core.environment:create_environment_scripts_only(temperature_package)
[9.039s] INFO:colcon.colcon_core.shell:Creating package script '/home/kitazawa/ros2_ws/install/temperature_package/share/temperature_package/package.ps1'
[9.042s] DEBUG:colcon.colcon_core.event_handler.log_command:Invoked command in '/home/kitazawa/ros2_ws/build/temperature_package' returned '0': PYTHONPATH=/home/kitazawa/ros2_ws/build/temperature_package/prefix_override:/usr/lib/python3/dist-packages/colcon_core/task/python/colcon_distutils_commands:/home/kitazawa/ros2_ws/install/temperature_package/lib/python3.8/site-packages:${PYTHONPATH} /usr/bin/python3 -W ignore:setup.py install is deprecated -W ignore:easy_install command is deprecated setup.py develop --editable --build-directory /home/kitazawa/ros2_ws/build/temperature_package/build --no-deps symlink_data --force
[9.043s] INFO:colcon.colcon_core.shell:Creating package descriptor '/home/kitazawa/ros2_ws/install/temperature_package/share/temperature_package/package.dsv'
[9.046s] INFO:colcon.colcon_core.shell:Creating package script '/home/kitazawa/ros2_ws/install/temperature_package/share/temperature_package/package.sh'
[9.048s] INFO:colcon.colcon_core.shell:Creating package script '/home/kitazawa/ros2_ws/install/temperature_package/share/temperature_package/package.bash'
[9.050s] INFO:colcon.colcon_core.shell:Creating package script '/home/kitazawa/ros2_ws/install/temperature_package/share/temperature_package/package.zsh'
[9.052s] Level 1:colcon.colcon_core.environment:create_file_with_runtime_dependencies(/home/kitazawa/ros2_ws/install/temperature_package/share/colcon-core/packages/temperature_package)
[9.054s] Level 1:colcon.colcon_core.shell:create_environment_hook('my_package', 'pythonpath_develop')
[9.057s] INFO:colcon.colcon_core.shell:Creating environment hook '/home/kitazawa/ros2_ws/build/my_package/share/my_package/hook/pythonpath_develop.ps1'
[9.061s] INFO:colcon.colcon_core.shell:Creating environment descriptor '/home/kitazawa/ros2_ws/build/my_package/share/my_package/hook/pythonpath_develop.dsv'
[9.063s] INFO:colcon.colcon_core.shell:Creating environment hook '/home/kitazawa/ros2_ws/build/my_package/share/my_package/hook/pythonpath_develop.sh'
[9.067s] Level 1:colcon.colcon_core.environment:checking '/home/kitazawa/ros2_ws/install/my_package' for CMake module files
[9.070s] Level 1:colcon.colcon_core.environment:checking '/home/kitazawa/ros2_ws/install/my_package' for CMake config files
[9.074s] Level 1:colcon.colcon_core.environment:checking '/home/kitazawa/ros2_ws/install/my_package/lib'
[9.075s] Level 1:colcon.colcon_core.environment:checking '/home/kitazawa/ros2_ws/install/my_package/bin'
[9.075s] Level 1:colcon.colcon_core.environment:checking '/home/kitazawa/ros2_ws/install/my_package/lib/pkgconfig/my_package.pc'
[9.076s] Level 1:colcon.colcon_core.environment:checking '/home/kitazawa/ros2_ws/install/my_package/lib/python3.8/site-packages'
[9.076s] Level 1:colcon.colcon_core.shell:create_environment_hook('my_package', 'pythonpath')
[9.077s] INFO:colcon.colcon_core.shell:Creating environment hook '/home/kitazawa/ros2_ws/install/my_package/share/my_package/hook/pythonpath.ps1'
[9.080s] DEBUG:colcon.colcon_core.event_handler.log_command:Invoked command in '/home/kitazawa/ros2_ws/build/my_package' returned '0': PYTHONPATH=/home/kitazawa/ros2_ws/build/my_package/prefix_override:/usr/lib/python3/dist-packages/colcon_core/task/python/colcon_distutils_commands:/home/kitazawa/ros2_ws/install/my_package/lib/python3.8/site-packages:${PYTHONPATH} /usr/bin/python3 -W ignore:setup.py install is deprecated -W ignore:easy_install command is deprecated setup.py develop --editable --build-directory /home/kitazawa/ros2_ws/build/my_package/build --no-deps symlink_data --force
[9.082s] INFO:colcon.colcon_core.shell:Creating environment descriptor '/home/kitazawa/ros2_ws/install/my_package/share/my_package/hook/pythonpath.dsv'
[9.084s] INFO:colcon.colcon_core.shell:Creating environment hook '/home/kitazawa/ros2_ws/install/my_package/share/my_package/hook/pythonpath.sh'
[9.087s] Level 1:colcon.colcon_core.environment:checking '/home/kitazawa/ros2_ws/install/my_package/bin'
[9.088s] Level 1:colcon.colcon_core.environment:create_environment_scripts_only(my_package)
[9.089s] INFO:colcon.colcon_core.shell:Creating package script '/home/kitazawa/ros2_ws/install/my_package/share/my_package/package.ps1'
[9.092s] INFO:colcon.colcon_core.shell:Creating package descriptor '/home/kitazawa/ros2_ws/install/my_package/share/my_package/package.dsv'
[9.094s] INFO:colcon.colcon_core.shell:Creating package script '/home/kitazawa/ros2_ws/install/my_package/share/my_package/package.sh'
[9.096s] INFO:colcon.colcon_core.shell:Creating package script '/home/kitazawa/ros2_ws/install/my_package/share/my_package/package.bash'
[9.098s] INFO:colcon.colcon_core.shell:Creating package script '/home/kitazawa/ros2_ws/install/my_package/share/my_package/package.zsh'
[9.100s] Level 1:colcon.colcon_core.environment:create_file_with_runtime_dependencies(/home/kitazawa/ros2_ws/install/my_package/share/colcon-core/packages/my_package)
[9.102s] DEBUG:colcon.colcon_parallel_executor.executor.parallel:closing loop
[9.102s] DEBUG:colcon.colcon_parallel_executor.executor.parallel:loop closed
[9.103s] DEBUG:colcon.colcon_parallel_executor.executor.parallel:run_until_complete finished with '0'
[9.103s] DEBUG:colcon.colcon_core.event_reactor:joining thread
[9.174s] INFO:colcon.colcon_core.plugin_system:Skipping extension 'colcon_notification.desktop_notification.notify_send': Could not find 'notify-send'
[9.174s] INFO:colcon.colcon_core.plugin_system:Skipping extension 'colcon_notification.desktop_notification.terminal_notifier': Not used on non-Darwin systems
[9.175s] INFO:colcon.colcon_core.plugin_system:Skipping extension 'colcon_notification.desktop_notification.win32': Not used on non-Windows systems
[9.175s] INFO:colcon.colcon_notification.desktop_notification:Sending desktop notification using 'notify2'
[9.175s] DEBUG:colcon.colcon_notification.desktop_notification.notify2:Failed to initialize notify2: org.freedesktop.DBus.Error.NotSupported: Unable to autolaunch a dbus-daemon without a $DISPLAY for X11
[9.176s] DEBUG:colcon.colcon_core.event_reactor:joined thread
[9.176s] INFO:colcon.colcon_core.shell:Creating prefix script '/home/kitazawa/ros2_ws/install/local_setup.ps1'
[9.179s] INFO:colcon.colcon_core.shell:Creating prefix util module '/home/kitazawa/ros2_ws/install/_local_setup_util_ps1.py'
[9.183s] INFO:colcon.colcon_core.shell:Creating prefix chain script '/home/kitazawa/ros2_ws/install/setup.ps1'
[9.194s] INFO:colcon.colcon_core.shell:Creating prefix script '/home/kitazawa/ros2_ws/install/local_setup.sh'
[9.196s] INFO:colcon.colcon_core.shell:Creating prefix util module '/home/kitazawa/ros2_ws/install/_local_setup_util_sh.py'
[9.199s] INFO:colcon.colcon_core.shell:Creating prefix chain script '/home/kitazawa/ros2_ws/install/setup.sh'
[9.212s] INFO:colcon.colcon_core.shell:Creating prefix script '/home/kitazawa/ros2_ws/install/local_setup.bash'
[9.215s] INFO:colcon.colcon_core.shell:Creating prefix chain script '/home/kitazawa/ros2_ws/install/setup.bash'
[9.221s] INFO:colcon.colcon_core.shell:Creating prefix script '/home/kitazawa/ros2_ws/install/local_setup.zsh'
[9.225s] INFO:colcon.colcon_core.shell:Creating prefix chain script '/home/kitazawa/ros2_ws/install/setup.zsh'
