[1.547s] Invoking command in '/home/kitazawa/ros2_ws/src/my_package': PYTHONPATH=/home/kitazawa/ros2_ws/build/my_package/prefix_override:/usr/lib/python3/dist-packages/colcon_core/task/python/colcon_distutils_commands:/home/kitazawa/ros2_ws/install/my_package/lib/python3.8/site-packages:${PYTHONPATH} /usr/bin/python3 -W ignore:setup.py install is deprecated -W ignore:easy_install command is deprecated setup.py egg_info --egg-base ../../build/my_package build --build-base /home/kitazawa/ros2_ws/build/my_package/build install --record /home/kitazawa/ros2_ws/build/my_package/install.log --install-scripts $base/lib/my_package --single-version-externally-managed install_data
[1.966s] running egg_info
[1.967s] writing ../../build/my_package/my_package.egg-info/PKG-INFO
[1.967s] writing dependency_links to ../../build/my_package/my_package.egg-info/dependency_links.txt
[1.968s] writing entry points to ../../build/my_package/my_package.egg-info/entry_points.txt
[1.968s] writing requirements to ../../build/my_package/my_package.egg-info/requires.txt
[1.968s] writing top-level names to ../../build/my_package/my_package.egg-info/top_level.txt
[2.016s] reading manifest file '../../build/my_package/my_package.egg-info/SOURCES.txt'
[2.017s] writing manifest file '../../build/my_package/my_package.egg-info/SOURCES.txt'
[2.018s] running build
[2.018s] running build_py
[2.018s] copying my_package/__init__.py -> /home/kitazawa/ros2_ws/build/my_package/build/lib/my_package
[2.019s] running install
[2.021s] running install_lib
[2.022s] copying /home/kitazawa/ros2_ws/build/my_package/build/lib/my_package/__init__.py -> /home/kitazawa/ros2_ws/install/my_package/lib/python3.8/site-packages/my_package
[2.024s] byte-compiling /home/kitazawa/ros2_ws/install/my_package/lib/python3.8/site-packages/my_package/__init__.py to __init__.cpython-38.pyc
[2.027s] running install_data
[2.028s] copying resource/my_package -> /home/kitazawa/ros2_ws/install/my_package/share/ament_index/resource_index/packages
[2.029s] copying package.xml -> /home/kitazawa/ros2_ws/install/my_package/share/my_package
[2.030s] running install_egg_info
[2.033s] removing '/home/kitazawa/ros2_ws/install/my_package/lib/python3.8/site-packages/my_package-0.0.0-py3.8.egg-info' (and everything under it)
[2.036s] Copying ../../build/my_package/my_package.egg-info to /home/kitazawa/ros2_ws/install/my_package/lib/python3.8/site-packages/my_package-0.0.0-py3.8.egg-info
[2.044s] running install_scripts
[2.074s] writing list of installed files to '/home/kitazawa/ros2_ws/build/my_package/install.log'
[2.095s] Invoked command in '/home/kitazawa/ros2_ws/src/my_package' returned '0': PYTHONPATH=/home/kitazawa/ros2_ws/build/my_package/prefix_override:/usr/lib/python3/dist-packages/colcon_core/task/python/colcon_distutils_commands:/home/kitazawa/ros2_ws/install/my_package/lib/python3.8/site-packages:${PYTHONPATH} /usr/bin/python3 -W ignore:setup.py install is deprecated -W ignore:easy_install command is deprecated setup.py egg_info --egg-base ../../build/my_package build --build-base /home/kitazawa/ros2_ws/build/my_package/build install --record /home/kitazawa/ros2_ws/build/my_package/install.log --install-scripts $base/lib/my_package --single-version-externally-managed install_data
