[1.580s] Invoking command in '/home/kitazawa/ros2_ws/my_package': PYTHONPATH=/home/kitazawa/ros2_ws/build/my_package/prefix_override:/usr/lib/python3/dist-packages/colcon_core/task/python/colcon_distutils_commands:/home/kitazawa/ros2_ws/install/my_package/lib/python3.8/site-packages:${PYTHONPATH} /usr/bin/python3 -W ignore:setup.py install is deprecated -W ignore:easy_install command is deprecated setup.py egg_info --egg-base ../build/my_package build --build-base /home/kitazawa/ros2_ws/build/my_package/build install --record /home/kitazawa/ros2_ws/build/my_package/install.log --install-scripts $base/lib/my_package --single-version-externally-managed install_data
[1.966s] running egg_info
[1.966s] writing ../build/my_package/my_package.egg-info/PKG-INFO
[1.966s] writing dependency_links to ../build/my_package/my_package.egg-info/dependency_links.txt
[1.967s] writing entry points to ../build/my_package/my_package.egg-info/entry_points.txt
[1.967s] writing requirements to ../build/my_package/my_package.egg-info/requires.txt
[1.968s] writing top-level names to ../build/my_package/my_package.egg-info/top_level.txt
[2.013s] reading manifest file '../build/my_package/my_package.egg-info/SOURCES.txt'
[2.014s] writing manifest file '../build/my_package/my_package.egg-info/SOURCES.txt'
[2.015s] running build
[2.015s] running build_py
[2.015s] running install
[2.017s] running install_lib
[2.019s] running install_data
[2.019s] running install_egg_info
[2.021s] removing '/home/kitazawa/ros2_ws/install/my_package/lib/python3.8/site-packages/my_package-0.0.0-py3.8.egg-info' (and everything under it)
[2.024s] Copying ../build/my_package/my_package.egg-info to /home/kitazawa/ros2_ws/install/my_package/lib/python3.8/site-packages/my_package-0.0.0-py3.8.egg-info
[2.031s] running install_scripts
[2.065s] writing list of installed files to '/home/kitazawa/ros2_ws/build/my_package/install.log'
[2.087s] Invoked command in '/home/kitazawa/ros2_ws/my_package' returned '0': PYTHONPATH=/home/kitazawa/ros2_ws/build/my_package/prefix_override:/usr/lib/python3/dist-packages/colcon_core/task/python/colcon_distutils_commands:/home/kitazawa/ros2_ws/install/my_package/lib/python3.8/site-packages:${PYTHONPATH} /usr/bin/python3 -W ignore:setup.py install is deprecated -W ignore:easy_install command is deprecated setup.py egg_info --egg-base ../build/my_package build --build-base /home/kitazawa/ros2_ws/build/my_package/build install --record /home/kitazawa/ros2_ws/build/my_package/install.log --install-scripts $base/lib/my_package --single-version-externally-managed install_data
