[1.005s] Invoking command in '/home/kitazawa/ros2_ws/src/kitazawa': PYTHONPATH=/home/kitazawa/ros2_ws/build/kitazawa/prefix_override:/usr/lib/python3/dist-packages/colcon_core/task/python/colcon_distutils_commands:/home/kitazawa/ros2_ws/install/kitazawa/lib/python3.8/site-packages:${PYTHONPATH} /usr/bin/python3 -W ignore:setup.py install is deprecated -W ignore:easy_install command is deprecated setup.py egg_info --egg-base ../../build/kitazawa build --build-base /home/kitazawa/ros2_ws/build/kitazawa/build install --record /home/kitazawa/ros2_ws/build/kitazawa/install.log --install-scripts $base/lib/kitazawa --single-version-externally-managed install_data
[1.360s] running egg_info
[1.360s] creating ../../build/kitazawa/kitazawa.egg-info
[1.361s] writing ../../build/kitazawa/kitazawa.egg-info/PKG-INFO
[1.362s] writing dependency_links to ../../build/kitazawa/kitazawa.egg-info/dependency_links.txt
[1.363s] writing entry points to ../../build/kitazawa/kitazawa.egg-info/entry_points.txt
[1.363s] writing requirements to ../../build/kitazawa/kitazawa.egg-info/requires.txt
[1.364s] writing top-level names to ../../build/kitazawa/kitazawa.egg-info/top_level.txt
[1.367s] writing manifest file '../../build/kitazawa/kitazawa.egg-info/SOURCES.txt'
[1.398s] reading manifest file '../../build/kitazawa/kitazawa.egg-info/SOURCES.txt'
[1.399s] writing manifest file '../../build/kitazawa/kitazawa.egg-info/SOURCES.txt'
[1.400s] running build
[1.400s] running build_py
[1.400s] creating /home/kitazawa/ros2_ws/build/kitazawa/build
[1.400s] creating /home/kitazawa/ros2_ws/build/kitazawa/build/lib
[1.400s] creating /home/kitazawa/ros2_ws/build/kitazawa/build/lib/kitazawa
[1.400s] copying kitazawa/setup.py -> /home/kitazawa/ros2_ws/build/kitazawa/build/lib/kitazawa
[1.401s] copying kitazawa/temperature_publisher.py -> /home/kitazawa/ros2_ws/build/kitazawa/build/lib/kitazawa
[1.402s] copying kitazawa/__init__.py -> /home/kitazawa/ros2_ws/build/kitazawa/build/lib/kitazawa
[1.403s] running install
[1.404s] running install_lib
[1.405s] creating /home/kitazawa/ros2_ws/install/kitazawa/lib/python3.8/site-packages/kitazawa
[1.405s] copying /home/kitazawa/ros2_ws/build/kitazawa/build/lib/kitazawa/setup.py -> /home/kitazawa/ros2_ws/install/kitazawa/lib/python3.8/site-packages/kitazawa
[1.406s] copying /home/kitazawa/ros2_ws/build/kitazawa/build/lib/kitazawa/temperature_publisher.py -> /home/kitazawa/ros2_ws/install/kitazawa/lib/python3.8/site-packages/kitazawa
[1.407s] copying /home/kitazawa/ros2_ws/build/kitazawa/build/lib/kitazawa/__init__.py -> /home/kitazawa/ros2_ws/install/kitazawa/lib/python3.8/site-packages/kitazawa
[1.408s] byte-compiling /home/kitazawa/ros2_ws/install/kitazawa/lib/python3.8/site-packages/kitazawa/setup.py to setup.cpython-38.pyc
[1.411s] byte-compiling /home/kitazawa/ros2_ws/install/kitazawa/lib/python3.8/site-packages/kitazawa/temperature_publisher.py to temperature_publisher.cpython-38.pyc
[1.413s] byte-compiling /home/kitazawa/ros2_ws/install/kitazawa/lib/python3.8/site-packages/kitazawa/__init__.py to __init__.cpython-38.pyc
[1.413s] running install_data
[1.414s] creating /home/kitazawa/ros2_ws/install/kitazawa/share/ament_index
[1.414s] creating /home/kitazawa/ros2_ws/install/kitazawa/share/ament_index/resource_index
[1.414s] creating /home/kitazawa/ros2_ws/install/kitazawa/share/ament_index/resource_index/packages
[1.414s] copying resource/kitazawa -> /home/kitazawa/ros2_ws/install/kitazawa/share/ament_index/resource_index/packages
[1.415s] copying package.xml -> /home/kitazawa/ros2_ws/install/kitazawa/share/kitazawa
[1.415s] running install_egg_info
[1.418s] Copying ../../build/kitazawa/kitazawa.egg-info to /home/kitazawa/ros2_ws/install/kitazawa/lib/python3.8/site-packages/kitazawa-0.0.0-py3.8.egg-info
[1.425s] running install_scripts
[1.445s] writing list of installed files to '/home/kitazawa/ros2_ws/build/kitazawa/install.log'
[1.465s] Invoked command in '/home/kitazawa/ros2_ws/src/kitazawa' returned '0': PYTHONPATH=/home/kitazawa/ros2_ws/build/kitazawa/prefix_override:/usr/lib/python3/dist-packages/colcon_core/task/python/colcon_distutils_commands:/home/kitazawa/ros2_ws/install/kitazawa/lib/python3.8/site-packages:${PYTHONPATH} /usr/bin/python3 -W ignore:setup.py install is deprecated -W ignore:easy_install command is deprecated setup.py egg_info --egg-base ../../build/kitazawa build --build-base /home/kitazawa/ros2_ws/build/kitazawa/build install --record /home/kitazawa/ros2_ws/build/kitazawa/install.log --install-scripts $base/lib/kitazawa --single-version-externally-managed install_data
