[4.445s] Invoking command in '/home/kitazawa/ros2_ws/src/temperature_package': PYTHONPATH=/home/kitazawa/ros2_ws/build/temperature_package/prefix_override:/usr/lib/python3/dist-packages/colcon_core/task/python/colcon_distutils_commands:/home/kitazawa/ros2_ws/install/temperature_package/lib/python3.8/site-packages:${PYTHONPATH} /usr/bin/python3 -W ignore:setup.py install is deprecated -W ignore:easy_install command is deprecated setup.py egg_info --egg-base ../../build/temperature_package build --build-base /home/kitazawa/ros2_ws/build/temperature_package/build install --record /home/kitazawa/ros2_ws/build/temperature_package/install.log --install-scripts $base/lib/temperature_package --single-version-externally-managed install_data
[5.382s] running egg_info
[5.382s] writing ../../build/temperature_package/temperature_package.egg-info/PKG-INFO
[5.383s] writing dependency_links to ../../build/temperature_package/temperature_package.egg-info/dependency_links.txt
[5.383s] writing entry points to ../../build/temperature_package/temperature_package.egg-info/entry_points.txt
[5.384s] writing requirements to ../../build/temperature_package/temperature_package.egg-info/requires.txt
[5.385s] writing top-level names to ../../build/temperature_package/temperature_package.egg-info/top_level.txt
[5.515s] reading manifest file '../../build/temperature_package/temperature_package.egg-info/SOURCES.txt'
[5.526s] writing manifest file '../../build/temperature_package/temperature_package.egg-info/SOURCES.txt'
[5.535s] running build
[5.535s] running build_py
[5.536s] running install
[5.536s] running install_lib
[5.537s] running install_data
[5.537s] running install_egg_info
[5.537s] removing '/home/kitazawa/ros2_ws/install/temperature_package/lib/python3.8/site-packages/temperature_package-0.0.0-py3.8.egg-info' (and everything under it)
[5.539s] Copying ../../build/temperature_package/temperature_package.egg-info to /home/kitazawa/ros2_ws/install/temperature_package/lib/python3.8/site-packages/temperature_package-0.0.0-py3.8.egg-info
[5.550s] running install_scripts
[5.621s] writing list of installed files to '/home/kitazawa/ros2_ws/build/temperature_package/install.log'
[5.656s] Invoked command in '/home/kitazawa/ros2_ws/src/temperature_package' returned '0': PYTHONPATH=/home/kitazawa/ros2_ws/build/temperature_package/prefix_override:/usr/lib/python3/dist-packages/colcon_core/task/python/colcon_distutils_commands:/home/kitazawa/ros2_ws/install/temperature_package/lib/python3.8/site-packages:${PYTHONPATH} /usr/bin/python3 -W ignore:setup.py install is deprecated -W ignore:easy_install command is deprecated setup.py egg_info --egg-base ../../build/temperature_package build --build-base /home/kitazawa/ros2_ws/build/temperature_package/build install --record /home/kitazawa/ros2_ws/build/temperature_package/install.log --install-scripts $base/lib/temperature_package --single-version-externally-managed install_data
